#
# There is insufficient memory for the Java Runtime Environment to continue.
# Native memory allocation (mmap) failed to map 266338304 bytes for G1 virtual space
# Possible reasons:
#   The system is out of physical RAM or swap space
#   The process is running with CompressedOops enabled, and the Java Heap may be blocking the growth of the native heap
# Possible solutions:
#   Reduce memory load on the system
#   Increase physical memory or swap space
#   Check if swap backing store is full
#   Decrease Java heap size (-Xmx/-Xms)
#   Decrease number of Java threads
#   Decrease Java thread stack sizes (-Xss)
#   Set larger code cache with -XX:ReservedCodeCacheSize=
#   JVM is running with Zero Based Compressed Oops mode in which the Java heap is
#     placed in the first 32GB address space. The Java Heap base address is the
#     maximum limit for the native heap growth. Please use -XX:HeapBaseMinAddress
#     to set the Java Heap base and to place the Java Heap above 32GB virtual address.
# This output file may be truncated or incomplete.
#
#  Out of Memory Error (./open/src/hotspot/os/windows/os_windows.cpp:3472), pid=15356, tid=19068
#
# JRE version:  (15.0.1+9) (build )
# Java VM: OpenJDK 64-Bit Server VM (15.0.1+9-18, mixed mode, sharing, tiered, compressed oops, g1 gc, windows-amd64)
# No core dump will be written. Minidumps are not enabled by default on client versions of Windows
#

---------------  S U M M A R Y ------------

Command Line: -Djava.library.path=C:\Users\chloe\OneDrive\Documents\Programming\Java\ALFAT\lib\natives -javaagent:C:\Program Files\JetBrains\IntelliJ IDEA Community Edition 2020.1.1\lib\idea_rt.jar=56024:C:\Program Files\JetBrains\IntelliJ IDEA Community Edition 2020.1.1\bin -Dfile.encoding=UTF-8 main.EngineTester

Host: Intel(R) Core(TM) i5-9400 CPU @ 2.90GHz, 6 cores, 15G,  Windows 10 , 64 bit Build 18362 (10.0.18362.1110)
Time: Wed Dec 23 22:50:16 2020 Eastern Standard Time elapsed time: 0.024550 seconds (0d 0h 0m 0s)

---------------  T H R E A D  ---------------

Current thread (0x00000250116620d0):  JavaThread "Unknown thread" [_thread_in_vm, id=19068, stack(0x000000b543c00000,0x000000b543d00000)]

Stack: [0x000000b543c00000,0x000000b543d00000]
Native frames: (J=compiled Java code, j=interpreted, Vv=VM code, C=native code)
V  [jvm.dll+0x62ae9a]
V  [jvm.dll+0x781389]
V  [jvm.dll+0x782ae3]
V  [jvm.dll+0x783143]
V  [jvm.dll+0x216265]
V  [jvm.dll+0x6281d9]
V  [jvm.dll+0x61cd15]
V  [jvm.dll+0x2d01fd]
V  [jvm.dll+0x2d0062]
V  [jvm.dll+0x2d603c]
V  [jvm.dll+0x325b2a]
V  [jvm.dll+0x3251f4]
V  [jvm.dll+0x2a717a]
V  [jvm.dll+0x2a8318]
V  [jvm.dll+0x75e101]
V  [jvm.dll+0x3343e4]
V  [jvm.dll+0x73e826]
V  [jvm.dll+0x3b7777]
V  [jvm.dll+0x3b9201]
C  [jli.dll+0x52fb]
C  [ucrtbase.dll+0x210b2]
C  [KERNEL32.DLL+0x17c24]
C  [ntdll.dll+0x6d4d1]


---------------  P R O C E S S  ---------------

Threads class SMR info:
_java_thread_list=0x00007ffa2e1b4ff0, length=0, elements={
}

Java Threads: ( => current thread )

Other Threads:
  0x00000250116b1fe0 GCTaskThread "GC Thread#0" [stack: 0x000000b543d00000,0x000000b543e00000] [id=12836]
  0x00000250116c3e10 ConcurrentGCThread "G1 Main Marker" [stack: 0x000000b543e00000,0x000000b543f00000] [id=13748]
  0x00000250116c50b0 ConcurrentGCThread "G1 Conc#0" [stack: 0x000000b543f00000,0x000000b544000000] [id=19260]

[error occurred during error reporting (printing all threads), id 0xc0000005, EXCEPTION_ACCESS_VIOLATION (0xc0000005) at pc=0x00007ffa2d9a8047]

VM state: not at safepoint (not fully initialized)

VM Mutex/Monitor currently owned by a thread:  ([mutex/lock_event])
[0x000002501165ca00] Heap_lock - owner thread: 0x00000250116620d0

Heap address: 0x0000000702400000, size: 4060 MB, Compressed Oops mode: Zero based, Oop shift amount: 3
CDS archive(s) mapped at: [0x0000000000000000-0x0000000000000000-0x0000000000000000), size 0, SharedBaseAddress: 0x0000000800000000, ArchiveRelocationMode: 0.
Narrow klass base: 0x0000000000000000, Narrow klass shift: 0, Narrow klass range: 0x0

Heap:
 garbage-first heap   total 260096K, used 0K [0x0000000702400000, 0x0000000800000000)
  region size 2048K, 0 young (0K), 0 survivors (0K)
 Metaspace       used 0K, capacity 0K, committed 0K, reserved 0K
  class space    used 0K, capacity 0K, committed 0K, reserved 0K

Heap Regions: E=young(eden), S=young(survivor), O=old, HS=humongous(starts), HC=humongous(continues), CS=collection set, F=free, OA=open archive, CA=closed archive, TAMS=top-at-mark-start (previous, next)

Card table byte_map: [0x0000025029180000,0x0000025029970000] _byte_map_base: 0x000002502596e000

Marking Bits (Prev, Next): (CMBitMap*) 0x00000250116b36f0, (CMBitMap*) 0x00000250116b3730
 Prev Bits: [0x000002502a160000, 0x000002502e0d0000)
 Next Bits: [0x000002502e0d0000, 0x0000025032040000)

GC Heap History (0 events):
No events

Deoptimization events (0 events):
No events

Classes unloaded (0 events):
No events

Classes redefined (0 events):
No events

Internal exceptions (0 events):
No events

Events (1 events):
Event: 0.016 Loaded shared library C:\Users\chloe\.jdks\openjdk-15.0.1\bin\java.dll


Dynamic libraries:
0x00007ff761a00000 - 0x00007ff761a0d000 	C:\Users\chloe\.jdks\openjdk-15.0.1\bin\java.exe
0x00007ffa72400000 - 0x00007ffa725f0000 	C:\Windows\SYSTEM32\ntdll.dll
0x00007ffa72120000 - 0x00007ffa721d2000 	C:\Windows\System32\KERNEL32.DLL
0x00007ffa6f530000 - 0x00007ffa6f7d5000 	C:\Windows\System32\KERNELBASE.dll
0x00007ffa6f9b0000 - 0x00007ffa6faaa000 	C:\Windows\System32\ucrtbase.dll
0x00007ffa5b7d0000 - 0x00007ffa5b7e8000 	C:\Users\chloe\.jdks\openjdk-15.0.1\bin\jli.dll
0x00007ffa70a70000 - 0x00007ffa70c04000 	C:\Windows\System32\USER32.dll
0x00007ffa6f370000 - 0x00007ffa6f391000 	C:\Windows\System32\win32u.dll
0x00007ffa70d70000 - 0x00007ffa70d96000 	C:\Windows\System32\GDI32.dll
0x00007ffa70310000 - 0x00007ffa704a6000 	C:\Windows\System32\gdi32full.dll
0x00007ffa70270000 - 0x00007ffa7030e000 	C:\Windows\System32\msvcp_win.dll
0x00007ffa590b0000 - 0x00007ffa59334000 	C:\Windows\WinSxS\amd64_microsoft.windows.common-controls_6595b64144ccf1df_6.0.18362.1256_none_9e7e379be45e40e2\COMCTL32.dll
0x00007ffa70ee0000 - 0x00007ffa70f7e000 	C:\Windows\System32\msvcrt.dll
0x00007ffa704b0000 - 0x00007ffa707e6000 	C:\Windows\System32\combase.dll
0x00007ffa72000000 - 0x00007ffa72120000 	C:\Windows\System32\RPCRT4.dll
0x00007ffa6f3a0000 - 0x00007ffa6f421000 	C:\Windows\System32\bcryptPrimitives.dll
0x00007ffa54b00000 - 0x00007ffa54b19000 	C:\Users\chloe\.jdks\openjdk-15.0.1\bin\VCRUNTIME140.dll
0x00007ffa70ff0000 - 0x00007ffa7101e000 	C:\Windows\System32\IMM32.DLL
0x00007ffa5a060000 - 0x00007ffa5a06c000 	C:\Users\chloe\.jdks\openjdk-15.0.1\bin\vcruntime140_1.dll
0x00007ffa546c0000 - 0x00007ffa54751000 	C:\Users\chloe\.jdks\openjdk-15.0.1\bin\msvcp140.dll
0x00007ffa2d6f0000 - 0x00007ffa2e24e000 	C:\Users\chloe\.jdks\openjdk-15.0.1\bin\server\jvm.dll
0x00007ffa707f0000 - 0x00007ffa70893000 	C:\Windows\System32\ADVAPI32.dll
0x00007ffa71860000 - 0x00007ffa718f7000 	C:\Windows\System32\sechost.dll
0x00007ffa717c0000 - 0x00007ffa717c8000 	C:\Windows\System32\PSAPI.DLL
0x00007ffa56910000 - 0x00007ffa56919000 	C:\Windows\SYSTEM32\WSOCK32.dll
0x00007ffa6d2b0000 - 0x00007ffa6d2d4000 	C:\Windows\SYSTEM32\WINMM.dll
0x00007ffa717f0000 - 0x00007ffa7185f000 	C:\Windows\System32\WS2_32.dll
0x00007ffa6d230000 - 0x00007ffa6d25d000 	C:\Windows\SYSTEM32\WINMMBASE.dll
0x00007ffa681a0000 - 0x00007ffa681aa000 	C:\Windows\SYSTEM32\VERSION.dll
0x00007ffa6f430000 - 0x00007ffa6f47a000 	C:\Windows\System32\cfgmgr32.dll
0x00007ffa6f2d0000 - 0x00007ffa6f2e1000 	C:\Windows\System32\kernel.appcore.dll
0x00007ffa59500000 - 0x00007ffa5950a000 	C:\Users\chloe\.jdks\openjdk-15.0.1\bin\jimage.dll
0x00007ffa5a090000 - 0x00007ffa5a284000 	C:\Windows\SYSTEM32\DBGHELP.DLL
0x00007ffa594d0000 - 0x00007ffa594fa000 	C:\Windows\SYSTEM32\dbgcore.DLL
0x00007ffa55f80000 - 0x00007ffa55f8e000 	C:\Users\chloe\.jdks\openjdk-15.0.1\bin\instrument.dll
0x00007ffa54690000 - 0x00007ffa546b5000 	C:\Users\chloe\.jdks\openjdk-15.0.1\bin\java.dll

dbghelp: loaded successfully - version: 4.0.5 - missing functions: none
symbol engine: initialized successfully - sym options: 0x614 - pdb path: .;C:\Users\chloe\.jdks\openjdk-15.0.1\bin;C:\Windows\SYSTEM32;C:\Windows\WinSxS\amd64_microsoft.windows.common-controls_6595b64144ccf1df_6.0.18362.1256_none_9e7e379be45e40e2;C:\Users\chloe\.jdks\openjdk-15.0.1\bin\server

VM Arguments:
jvm_args: -Djava.library.path=C:\Users\chloe\OneDrive\Documents\Programming\Java\ALFAT\lib\natives -javaagent:C:\Program Files\JetBrains\IntelliJ IDEA Community Edition 2020.1.1\lib\idea_rt.jar=56024:C:\Program Files\JetBrains\IntelliJ IDEA Community Edition 2020.1.1\bin -Dfile.encoding=UTF-8 
java_command: main.EngineTester
java_class_path (initial): C:\Users\chloe\AppData\Local\Temp\classpath579532483.jar
Launcher Type: SUN_STANDARD

[Global flags]
     intx CICompilerCount                          = 3                                         {product} {ergonomic}
     uint ConcGCThreads                            = 2                                         {product} {ergonomic}
     uint G1ConcRefinementThreads                  = 6                                         {product} {ergonomic}
   size_t G1HeapRegionSize                         = 2097152                                   {product} {ergonomic}
    uintx GCDrainStackTargetSize                   = 64                                        {product} {ergonomic}
   size_t InitialHeapSize                          = 266338304                                 {product} {ergonomic}
   size_t MarkStackSize                            = 4194304                                   {product} {ergonomic}
   size_t MaxHeapSize                              = 4257218560                                {product} {ergonomic}
   size_t MinHeapDeltaBytes                        = 2097152                                   {product} {ergonomic}
   size_t MinHeapSize                              = 8388608                                   {product} {ergonomic}
    uintx NonNMethodCodeHeapSize                   = 5832780                                {pd product} {ergonomic}
    uintx NonProfiledCodeHeapSize                  = 122912730                              {pd product} {ergonomic}
    uintx ProfiledCodeHeapSize                     = 122912730                              {pd product} {ergonomic}
    uintx ReservedCodeCacheSize                    = 251658240                              {pd product} {ergonomic}
     bool SegmentedCodeCache                       = true                                      {product} {ergonomic}
   size_t SoftMaxHeapSize                          = 4257218560                             {manageable} {ergonomic}
     bool UseCompressedClassPointers               = true                                 {lp64_product} {ergonomic}
     bool UseCompressedOops                        = true                                 {lp64_product} {ergonomic}
     bool UseG1GC                                  = true                                      {product} {ergonomic}
     bool UseLargePagesIndividualAllocation        = false                                  {pd product} {ergonomic}

Logging:
Log output configuration:
 #0: stdout all=warning uptime,level,tags
 #1: stderr all=off uptime,level,tags

Environment Variables:
JAVA_HOME=C:\Program Files\Java\jre1.8.0_251
PATH=C:\VulkanSDK\1.2.162.0\Bin;C:\VulkanSDK\1.2.154.1\Bin;C:\Program Files (x86)\Common Files\Oracle\Java\javapath;C:\Windows\system32;C:\Windows;C:\Windows\System32\Wbem;C:\Windows\System32\WindowsPowerShell\v1.0\;C:\Windows\System32\OpenSSH\;C:\Program Files\Git\cmd;C:\Program Files\Java\jre1.8.0_251\bin;;C:\Program Files (x86)\NVIDIA Corporation\PhysX\Common;C:\Program Files\PuTTY\;C:\Users\chloe\AppData\Local\Microsoft\WindowsApps;C:\Users\chloe\AppData\Local\atom\bin
USERNAME=chloe
OS=Windows_NT
PROCESSOR_IDENTIFIER=Intel64 Family 6 Model 158 Stepping 13, GenuineIntel



---------------  S Y S T E M  ---------------

OS:
 Windows 10 , 64 bit Build 18362 (10.0.18362.1110)
OS uptime: 3 days 8:18 hours

CPU: total 6 (initial active 6) (6 cores per cpu, 1 threads per core) family 6 model 158 stepping 13 microcode 0xca, cmov, cx8, fxsr, mmx, sse, sse2, sse3, ssse3, sse4.1, sse4.2, popcnt, vzeroupper, avx, avx2, aes, clmul, erms, 3dnowpref, lzcnt, tsc, tscinvbit, bmi1, bmi2, adx, fma, clflush, clflushopt

Memory: 4k page, system-wide physical 16238M (3107M free)
TotalPageFile size 31909M (AvailPageFile size 126M)
current process WorkingSet (physical memory assigned to process): 10M, peak: 10M
current process commit charge ("private bytes"): 56M, peak: 310M

vm_info: OpenJDK 64-Bit Server VM (15.0.1+9-18) for windows-amd64 JRE (15.0.1+9-18), built on Sep 15 2020 14:39:31 by "mach5one" with unknown MS VC++:1925

END.
