#
# A fatal error has been detected by the Java Runtime Environment:
#
#  EXCEPTION_ACCESS_VIOLATION (0xc0000005) at pc=0x0000019a7075fdfc, pid=392, tid=10184
#
# JRE version: OpenJDK Runtime Environment (15.0.1+9) (build 15.0.1+9-18)
# Java VM: OpenJDK 64-Bit Server VM (15.0.1+9-18, mixed mode, sharing, tiered, compressed oops, g1 gc, windows-amd64)
# Problematic frame:
# C  0x0000019a7075fdfc
#
# No core dump will be written. Minidumps are not enabled by default on client versions of Windows
#
# If you would like to submit a bug report, please visit:
#   https://bugreport.java.com/bugreport/crash.jsp
# The crash happened outside the Java Virtual Machine in native code.
# See problematic frame for where to report the bug.
#

---------------  S U M M A R Y ------------

Command Line: -Djava.library.path=C:\Users\chloe\OneDrive\Documents\Programming\Java\ALFAT\lib\natives -javaagent:C:\Program Files\JetBrains\IntelliJ IDEA Community Edition 2020.1.1\lib\idea_rt.jar=55347:C:\Program Files\JetBrains\IntelliJ IDEA Community Edition 2020.1.1\bin -Dfile.encoding=UTF-8 main.EngineTester tests/Final_Project_Combined_1.asm

Host: Intel(R) Core(TM) i5-9400 CPU @ 2.90GHz, 6 cores, 15G,  Windows 10 , 64 bit Build 19041 (10.0.19041.804)
Time: Sun Mar 21 10:43:51 2021 Eastern Daylight Time elapsed time: 4.888374 seconds (0d 0h 0m 4s)

---------------  T H R E A D  ---------------

Current thread (0x0000019a438c2720):  JavaThread "main" [_thread_in_native, id=10184, stack(0x00000099aae00000,0x00000099aaf00000)]

Stack: [0x00000099aae00000,0x00000099aaf00000],  sp=0x00000099aaefed00,  free space=1019k
Native frames: (J=compiled Java code, j=interpreted, Vv=VM code, C=native code)
C  0x0000019a7075fdfc

Java frames: (J=compiled Java code, j=interpreted, Vv=VM code)
J 2019  org.lwjgl.opengl.GL11C.glDrawArrays(III)V (0 bytes) @ 0x0000019a54ed7779 [0x0000019a54ed7720+0x0000000000000059]
J 2073 c2 rendering.textLines.TextLineRenderer.renderText(Lgui/texts/TextWord;Lorg/lwjgl/util/vector/Vector2f;Lorg/lwjgl/util/vector/Vector2f;Lorg/lwjgl/util/vector/Matrix3f;)V (123 bytes) @ 0x0000019a54ee1cb0 [0x0000019a54ee17c0+0x00000000000004f0]
J 2153 c1 rendering.textLines.TextLineRenderer.renderToScreen(Lcontrollers/TextLineController;Lcontrollers/flowchartWindow/FlowchartWindowController;Lcontrollers/codeWindow/CodeWindowController;)V (425 bytes) @ 0x0000019a4dc47c94 [0x0000019a4dc45fc0+0x0000000000001cd4]
j  rendering.renderEngine.MasterRenderer.renderScene(Ljava/util/List;Lcontrollers/ApplicationController;)V+98
j  main.EngineTester.loop()V+21
j  main.EngineTester.run([Ljava/lang/String;)V+6
j  main.EngineTester.main([Ljava/lang/String;)V+8
v  ~StubRoutines::call_stub

siginfo: EXCEPTION_ACCESS_VIOLATION (0xc0000005), reading address 0x0000000000000000


Register to memory mapping:

RIP=0x0000019a7075fdfc points into unknown readable memory: 8b 3e 8b 6e
RAX=0x0000019a76223ecc points into unknown readable memory: 00 00 00 00
RBX=0x0000019a6e3a0000 points into unknown readable memory: 0x0000019a69e702e0 | e0 02 e7 69 9a 01 00 00
RCX=0x0 is NULL
RDX=0x000000000000001e is an unknown value
RSP=0x00000099aaefed00 is pointing into the stack for thread: 0x0000019a438c2720
RBP=0x0000019a6d44b750 points into unknown readable memory: 0x0100100400000009 | 09 00 00 00 04 10 00 01
RSI=0x0 is NULL
RDI=0x0 is NULL
R8 =0x0 is NULL
R9 =0x000000000000001e is an unknown value
R10=0x0000019a6d44b750 points into unknown readable memory: 0x0100100400000009 | 09 00 00 00 04 10 00 01
R11=0x0 is NULL
R12=0x0 is NULL
R13=0x0 is NULL
R14=0x0000000000000004 is an unknown value
R15=0x0000019a76223ecc points into unknown readable memory: 00 00 00 00


Registers:
RAX=0x0000019a76223ecc, RBX=0x0000019a6e3a0000, RCX=0x0000000000000000, RDX=0x000000000000001e
RSP=0x00000099aaefed00, RBP=0x0000019a6d44b750, RSI=0x0000000000000000, RDI=0x0000000000000000
R8 =0x0000000000000000, R9 =0x000000000000001e, R10=0x0000019a6d44b750, R11=0x0000000000000000
R12=0x0000000000000000, R13=0x0000000000000000, R14=0x0000000000000004, R15=0x0000019a76223ecc
RIP=0x0000019a7075fdfc, EFLAGS=0x0000000000010206

Top of Stack: (sp=0x00000099aaefed00)
0x00000099aaefed00:   00000000073040ac 0000000000000000
0x00000099aaefed10:   000000000000001e 0000019a6e3a0000
0x00000099aaefed20:   0000019a6d44b750 00007ffdcc1924ce
0x00000099aaefed30:   0000019a6e3a0000 0000019a6d44b750
0x00000099aaefed40:   000000000000001e 0000019a6e3a0000
0x00000099aaefed50:   0000019a6d44b750 0000000000000082
0x00000099aaefed60:   0000000000000000 0000019a6db05da8
0x00000099aaefed70:   0000000000000004 0000019a6d44b750
0x00000099aaefed80:   000000000000001e 0000000000000000
0x00000099aaefed90:   0000019a6e3a0000 00007ffdcc18e77d
0x00000099aaefeda0:   0000000000000002 0000000000000004
0x00000099aaefedb0:   0000000708657108 0000000000000000
0x00000099aaefedc0:   000000000000001e 0000019a6d44b750
0x00000099aaefedd0:   000000000000001e 00007ffdcc18e9c6
0x00000099aaefede0:   0000019a6e3a0000 0000019a6db05da8
0x00000099aaefedf0:   0000000000000000 0000019a6d44b750 

Instructions: (pc=0x0000019a7075fdfc)
0x0000019a7075fcfc:   00 00 00 00 00 00 00 00 00 00 00 00 00 00 00 00
0x0000019a7075fd0c:   00 00 00 00 00 00 00 00 00 00 00 00 00 00 00 00
0x0000019a7075fd1c:   00 00 00 00 00 00 00 00 00 00 00 00 00 00 00 00
0x0000019a7075fd2c:   00 00 00 00 00 00 00 00 00 00 00 00 00 00 00 00
0x0000019a7075fd3c:   00 00 00 00 00 00 00 00 00 00 00 00 00 00 00 00
0x0000019a7075fd4c:   00 00 00 00 00 00 00 00 00 00 00 00 00 00 00 00
0x0000019a7075fd5c:   00 00 00 00 00 00 00 00 00 00 00 00 00 00 00 00
0x0000019a7075fd6c:   00 00 00 00 00 00 00 00 00 00 00 00 00 00 00 00
0x0000019a7075fd7c:   00 00 00 00 00 00 00 00 00 00 00 00 00 00 00 00
0x0000019a7075fd8c:   00 00 00 00 00 00 00 00 00 00 00 00 00 00 00 00
0x0000019a7075fd9c:   00 00 00 00 00 00 00 00 00 00 00 00 00 00 00 00
0x0000019a7075fdac:   00 00 00 00 00 00 00 00 00 00 00 00 40 ff ff ff
0x0000019a7075fdbc:   80 fd 00 00 48 83 ec 28 48 89 6c 24 20 48 89 5c
0x0000019a7075fdcc:   24 18 48 89 74 24 10 48 89 7c 24 08 48 8b d9 48
0x0000019a7075fddc:   8b c2 49 8b c8 49 8b d1 48 be 00 8d 3f 6e 9a 01
0x0000019a7075fdec:   00 00 48 8b 36 48 8b b6 08 03 00 00 48 8d 34 ce
0x0000019a7075fdfc:   8b 3e 8b 6e 04 89 38 89 68 04 48 be 00 8d 3f 6e
0x0000019a7075fe0c:   9a 01 00 00 48 8b 36 48 8b b6 38 03 00 00 48 8d
0x0000019a7075fe1c:   34 ce 8b 3e 8b 6e 04 89 78 08 89 68 0c 48 83 c0
0x0000019a7075fe2c:   10 ff c1 ff ca 75 b1 48 8b 7c 24 08 48 8b 74 24
0x0000019a7075fe3c:   10 48 8b 5c 24 18 48 8b 6c 24 20 48 83 c4 28 c3
0x0000019a7075fe4c:   00 00 00 00 00 00 00 00 00 00 00 00 00 00 00 00
0x0000019a7075fe5c:   00 00 00 00 00 00 00 00 00 00 00 00 00 00 00 00
0x0000019a7075fe6c:   00 00 00 00 00 00 00 00 00 00 00 00 80 ff ff ff
0x0000019a7075fe7c:   c0 00 00 00 55 48 8b ec 53 56 57 4c 8b da 4c 8b
0x0000019a7075fe8c:   d1 49 8b f2 49 8b fb 41 8b e8 85 ed 0f 84 30 00
0x0000019a7075fe9c:   00 00 b9 04 00 00 00 0f 8f 05 00 00 00 48 f7 d9
0x0000019a7075feac:   f7 dd 8b 1e 48 03 f1 48 83 c7 04 8b c3 81 e3 ff
0x0000019a7075febc:   ff ff 00 81 e0 00 00 00 ff 0b d8 ff cd 89 5f fc
0x0000019a7075fecc:   75 e0 5f 5e 5b 5d c3 00 00 00 00 00 00 00 00 00
0x0000019a7075fedc:   00 00 00 00 00 00 00 00 00 00 00 00 00 00 00 00
0x0000019a7075feec:   00 00 00 00 00 00 00 00 00 00 00 00 c0 ff ff ff 


Stack slot to memory mapping:
stack at sp + 0 slots: 0x00000000073040ac is an unknown value
stack at sp + 1 slots: 0x0 is NULL
stack at sp + 2 slots: 0x000000000000001e is an unknown value
stack at sp + 3 slots: 0x0000019a6e3a0000 points into unknown readable memory: 0x0000019a69e702e0 | e0 02 e7 69 9a 01 00 00
stack at sp + 4 slots: 0x0000019a6d44b750 points into unknown readable memory: 0x0100100400000009 | 09 00 00 00 04 10 00 01
stack at sp + 5 slots: 0x00007ffdcc1924ce nvoglv64.dll
stack at sp + 6 slots: 0x0000019a6e3a0000 points into unknown readable memory: 0x0000019a69e702e0 | e0 02 e7 69 9a 01 00 00
stack at sp + 7 slots: 0x0000019a6d44b750 points into unknown readable memory: 0x0100100400000009 | 09 00 00 00 04 10 00 01


---------------  P R O C E S S  ---------------

Threads class SMR info:
_java_thread_list=0x0000019a6dd81780, length=13, elements={
0x0000019a438c2720, 0x0000019a68ad1890, 0x0000019a68ad2b10, 0x0000019a68ae9390,
0x0000019a68aebd60, 0x0000019a69404090, 0x0000019a69404e30, 0x0000019a68aee7e0,
0x0000019a6940a810, 0x0000019a69511140, 0x0000019a69510c70, 0x0000019a6950ef90,
0x0000019a6950f460
}

Java Threads: ( => current thread )
=>0x0000019a438c2720 JavaThread "main" [_thread_in_native, id=10184, stack(0x00000099aae00000,0x00000099aaf00000)]
  0x0000019a68ad1890 JavaThread "Reference Handler" daemon [_thread_blocked, id=15620, stack(0x00000099ab500000,0x00000099ab600000)]
  0x0000019a68ad2b10 JavaThread "Finalizer" daemon [_thread_blocked, id=11820, stack(0x00000099ab600000,0x00000099ab700000)]
  0x0000019a68ae9390 JavaThread "Signal Dispatcher" daemon [_thread_blocked, id=1576, stack(0x00000099ab700000,0x00000099ab800000)]
  0x0000019a68aebd60 JavaThread "Attach Listener" daemon [_thread_blocked, id=19364, stack(0x00000099ab800000,0x00000099ab900000)]
  0x0000019a69404090 JavaThread "Service Thread" daemon [_thread_blocked, id=14372, stack(0x00000099ab900000,0x00000099aba00000)]
  0x0000019a69404e30 JavaThread "C2 CompilerThread0" daemon [_thread_blocked, id=19576, stack(0x00000099aba00000,0x00000099abb00000)]
  0x0000019a68aee7e0 JavaThread "C1 CompilerThread0" daemon [_thread_blocked, id=15684, stack(0x00000099abb00000,0x00000099abc00000)]
  0x0000019a6940a810 JavaThread "Sweeper thread" daemon [_thread_blocked, id=19744, stack(0x00000099abc00000,0x00000099abd00000)]
  0x0000019a69511140 JavaThread "Common-Cleaner" daemon [_thread_blocked, id=13212, stack(0x00000099abd00000,0x00000099abe00000)]
  0x0000019a69510c70 JavaThread "Monitor Ctrl-Break" daemon [_thread_in_native, id=13376, stack(0x00000099abe00000,0x00000099abf00000)]
  0x0000019a6950ef90 JavaThread "Notification Thread" daemon [_thread_blocked, id=15672, stack(0x00000099abf00000,0x00000099ac000000)]
  0x0000019a6950f460 JavaThread "Thread-0" [_thread_blocked, id=9188, stack(0x00000099acd00000,0x00000099ace00000)]

Other Threads:
  0x0000019a68acd950 VMThread "VM Thread" [stack: 0x00000099ab400000,0x00000099ab500000] [id=13648]
  0x0000019a697f9a70 WatcherThread [stack: 0x00000099ac000000,0x00000099ac100000] [id=14664]
  0x0000019a43913530 GCTaskThread "GC Thread#0" [stack: 0x00000099aaf00000,0x00000099ab000000] [id=18488]
  0x0000019a6999ff20 GCTaskThread "GC Thread#1" [stack: 0x00000099ac800000,0x00000099ac900000] [id=268]
  0x0000019a6999d5b0 GCTaskThread "GC Thread#2" [stack: 0x00000099ac900000,0x00000099aca00000] [id=14352]
  0x0000019a6999dc10 GCTaskThread "GC Thread#3" [stack: 0x00000099aca00000,0x00000099acb00000] [id=17920]
  0x0000019a6999df40 GCTaskThread "GC Thread#4" [stack: 0x00000099acb00000,0x00000099acc00000] [id=1212]
  0x0000019a6999e8d0 GCTaskThread "GC Thread#5" [stack: 0x00000099acc00000,0x00000099acd00000] [id=15980]
  0x0000019a43924350 ConcurrentGCThread "G1 Main Marker" [stack: 0x00000099ab000000,0x00000099ab100000] [id=14608]
  0x0000019a439255f0 ConcurrentGCThread "G1 Conc#0" [stack: 0x00000099ab100000,0x00000099ab200000] [id=9248]
  0x0000019a689524c0 ConcurrentGCThread "G1 Refine#0" [stack: 0x00000099ab200000,0x00000099ab300000] [id=14604]
  0x0000019a68952fd0 ConcurrentGCThread "G1 Young RemSet Sampling" [stack: 0x00000099ab300000,0x00000099ab400000] [id=1752]

Threads with active compile tasks:

VM state: not at safepoint (normal execution)

VM Mutex/Monitor currently owned by a thread: None

Heap address: 0x0000000702400000, size: 4060 MB, Compressed Oops mode: Zero based, Oop shift amount: 3
CDS archive(s) mapped at: [0x0000000800000000-0x0000000800b50000-0x0000000800b50000), size 11862016, SharedBaseAddress: 0x0000000800000000, ArchiveRelocationMode: 0.
Compressed class space mapped at: 0x0000000800b50000-0x0000000840b50000, size: 1073741824
Narrow klass base: 0x0000000800000000, Narrow klass shift: 3, Narrow klass range: 0x100000000

GC Precious Log:
 CPUs: 6 total, 6 available
 Memory: 16238M
 Large Page Support: Disabled
 NUMA Support: Disabled
 Compressed Oops: Enabled (Zero based)
 Heap Region Size: 2M
 Heap Min Capacity: 8M
 Heap Initial Capacity: 254M
 Heap Max Capacity: 4060M
 Pre-touch: Disabled
 Parallel Workers: 6
 Concurrent Workers: 2
 Concurrent Refinement Workers: 6
 Periodic GC: Disabled

Heap:
 garbage-first heap   total 260096K, used 71097K [0x0000000702400000, 0x0000000800000000)
  region size 2048K, 34 young (69632K), 8 survivors (16384K)
 Metaspace       used 12847K, capacity 14060K, committed 14208K, reserved 1062912K
  class space    used 1012K, capacity 1144K, committed 1152K, reserved 1048576K

Heap Regions: E=young(eden), S=young(survivor), O=old, HS=humongous(starts), HC=humongous(continues), CS=collection set, F=free, OA=open archive, CA=closed archive, TAMS=top-at-mark-start (previous, next)
|   0|0x0000000702400000, 0x0000000702600000, 0x0000000702600000|100%| O|  |TAMS 0x0000000702400000, 0x0000000702400000| Untracked 
|   1|0x0000000702600000, 0x00000007027e8c00, 0x0000000702800000| 95%| O|  |TAMS 0x0000000702600000, 0x0000000702600000| Untracked 
|   2|0x0000000702800000, 0x0000000702800000, 0x0000000702a00000|  0%| F|  |TAMS 0x0000000702800000, 0x0000000702800000| Untracked 
|   3|0x0000000702a00000, 0x0000000702a00000, 0x0000000702c00000|  0%| F|  |TAMS 0x0000000702a00000, 0x0000000702a00000| Untracked 
|   4|0x0000000702c00000, 0x0000000702c00000, 0x0000000702e00000|  0%| F|  |TAMS 0x0000000702c00000, 0x0000000702c00000| Untracked 
|   5|0x0000000702e00000, 0x0000000702e00000, 0x0000000703000000|  0%| F|  |TAMS 0x0000000702e00000, 0x0000000702e00000| Untracked 
|   6|0x0000000703000000, 0x0000000703000000, 0x0000000703200000|  0%| F|  |TAMS 0x0000000703000000, 0x0000000703000000| Untracked 
|   7|0x0000000703200000, 0x0000000703200000, 0x0000000703400000|  0%| F|  |TAMS 0x0000000703200000, 0x0000000703200000| Untracked 
|   8|0x0000000703400000, 0x0000000703400000, 0x0000000703600000|  0%| F|  |TAMS 0x0000000703400000, 0x0000000703400000| Untracked 
|   9|0x0000000703600000, 0x0000000703600000, 0x0000000703800000|  0%| F|  |TAMS 0x0000000703600000, 0x0000000703600000| Untracked 
|  10|0x0000000703800000, 0x0000000703800000, 0x0000000703a00000|  0%| F|  |TAMS 0x0000000703800000, 0x0000000703800000| Untracked 
|  11|0x0000000703a00000, 0x0000000703a00000, 0x0000000703c00000|  0%| F|  |TAMS 0x0000000703a00000, 0x0000000703a00000| Untracked 
|  12|0x0000000703c00000, 0x0000000703c00000, 0x0000000703e00000|  0%| F|  |TAMS 0x0000000703c00000, 0x0000000703c00000| Untracked 
|  13|0x0000000703e00000, 0x0000000703e00000, 0x0000000704000000|  0%| F|  |TAMS 0x0000000703e00000, 0x0000000703e00000| Untracked 
|  14|0x0000000704000000, 0x0000000704000000, 0x0000000704200000|  0%| F|  |TAMS 0x0000000704000000, 0x0000000704000000| Untracked 
|  15|0x0000000704200000, 0x0000000704200000, 0x0000000704400000|  0%| F|  |TAMS 0x0000000704200000, 0x0000000704200000| Untracked 
|  16|0x0000000704400000, 0x0000000704400000, 0x0000000704600000|  0%| F|  |TAMS 0x0000000704400000, 0x0000000704400000| Untracked 
|  17|0x0000000704600000, 0x0000000704600000, 0x0000000704800000|  0%| F|  |TAMS 0x0000000704600000, 0x0000000704600000| Untracked 
|  18|0x0000000704800000, 0x0000000704800000, 0x0000000704a00000|  0%| F|  |TAMS 0x0000000704800000, 0x0000000704800000| Untracked 
|  19|0x0000000704a00000, 0x0000000704a00000, 0x0000000704c00000|  0%| F|  |TAMS 0x0000000704a00000, 0x0000000704a00000| Untracked 
|  20|0x0000000704c00000, 0x0000000704c00000, 0x0000000704e00000|  0%| F|  |TAMS 0x0000000704c00000, 0x0000000704c00000| Untracked 
|  21|0x0000000704e00000, 0x0000000704e00000, 0x0000000705000000|  0%| F|  |TAMS 0x0000000704e00000, 0x0000000704e00000| Untracked 
|  22|0x0000000705000000, 0x0000000705000000, 0x0000000705200000|  0%| F|  |TAMS 0x0000000705000000, 0x0000000705000000| Untracked 
|  23|0x0000000705200000, 0x0000000705200000, 0x0000000705400000|  0%| F|  |TAMS 0x0000000705200000, 0x0000000705200000| Untracked 
|  24|0x0000000705400000, 0x0000000705400000, 0x0000000705600000|  0%| F|  |TAMS 0x0000000705400000, 0x0000000705400000| Untracked 
|  25|0x0000000705600000, 0x0000000705600000, 0x0000000705800000|  0%| F|  |TAMS 0x0000000705600000, 0x0000000705600000| Untracked 
|  26|0x0000000705800000, 0x0000000705800000, 0x0000000705a00000|  0%| F|  |TAMS 0x0000000705800000, 0x0000000705800000| Untracked 
|  27|0x0000000705a00000, 0x0000000705a00000, 0x0000000705c00000|  0%| F|  |TAMS 0x0000000705a00000, 0x0000000705a00000| Untracked 
|  28|0x0000000705c00000, 0x0000000705c00000, 0x0000000705e00000|  0%| F|  |TAMS 0x0000000705c00000, 0x0000000705c00000| Untracked 
|  29|0x0000000705e00000, 0x0000000705e00000, 0x0000000706000000|  0%| F|  |TAMS 0x0000000705e00000, 0x0000000705e00000| Untracked 
|  30|0x0000000706000000, 0x0000000706000000, 0x0000000706200000|  0%| F|  |TAMS 0x0000000706000000, 0x0000000706000000| Untracked 
|  31|0x0000000706200000, 0x0000000706200000, 0x0000000706400000|  0%| F|  |TAMS 0x0000000706200000, 0x0000000706200000| Untracked 
|  32|0x0000000706400000, 0x0000000706400000, 0x0000000706600000|  0%| F|  |TAMS 0x0000000706400000, 0x0000000706400000| Untracked 
|  33|0x0000000706600000, 0x0000000706600000, 0x0000000706800000|  0%| F|  |TAMS 0x0000000706600000, 0x0000000706600000| Untracked 
|  34|0x0000000706800000, 0x0000000706800000, 0x0000000706a00000|  0%| F|  |TAMS 0x0000000706800000, 0x0000000706800000| Untracked 
|  35|0x0000000706a00000, 0x0000000706a00000, 0x0000000706c00000|  0%| F|  |TAMS 0x0000000706a00000, 0x0000000706a00000| Untracked 
|  36|0x0000000706c00000, 0x0000000706c00000, 0x0000000706e00000|  0%| F|  |TAMS 0x0000000706c00000, 0x0000000706c00000| Untracked 
|  37|0x0000000706e00000, 0x0000000706e00000, 0x0000000707000000|  0%| F|  |TAMS 0x0000000706e00000, 0x0000000706e00000| Untracked 
|  38|0x0000000707000000, 0x0000000707000000, 0x0000000707200000|  0%| F|  |TAMS 0x0000000707000000, 0x0000000707000000| Untracked 
|  39|0x0000000707200000, 0x0000000707200000, 0x0000000707400000|  0%| F|  |TAMS 0x0000000707200000, 0x0000000707200000| Untracked 
|  40|0x0000000707400000, 0x0000000707400000, 0x0000000707600000|  0%| F|  |TAMS 0x0000000707400000, 0x0000000707400000| Untracked 
|  41|0x0000000707600000, 0x0000000707600000, 0x0000000707800000|  0%| F|  |TAMS 0x0000000707600000, 0x0000000707600000| Untracked 
|  42|0x0000000707800000, 0x0000000707800000, 0x0000000707a00000|  0%| F|  |TAMS 0x0000000707800000, 0x0000000707800000| Untracked 
|  43|0x0000000707a00000, 0x0000000707b85ba0, 0x0000000707c00000| 76%| S|CS|TAMS 0x0000000707a00000, 0x0000000707a00000| Complete 
|  44|0x0000000707c00000, 0x0000000707e00000, 0x0000000707e00000|100%| S|CS|TAMS 0x0000000707c00000, 0x0000000707c00000| Complete 
|  45|0x0000000707e00000, 0x0000000707e00000, 0x0000000708000000|  0%| F|  |TAMS 0x0000000707e00000, 0x0000000707e00000| Untracked 
|  46|0x0000000708000000, 0x0000000708000000, 0x0000000708200000|  0%| F|  |TAMS 0x0000000708000000, 0x0000000708000000| Untracked 
|  47|0x0000000708200000, 0x0000000708200000, 0x0000000708400000|  0%| F|  |TAMS 0x0000000708200000, 0x0000000708200000| Untracked 
|  48|0x0000000708400000, 0x0000000708600000, 0x0000000708600000|100%| S|CS|TAMS 0x0000000708400000, 0x0000000708400000| Complete 
|  49|0x0000000708600000, 0x0000000708800000, 0x0000000708800000|100%| S|CS|TAMS 0x0000000708600000, 0x0000000708600000| Complete 
|  50|0x0000000708800000, 0x0000000708a00000, 0x0000000708a00000|100%| S|CS|TAMS 0x0000000708800000, 0x0000000708800000| Complete 
|  51|0x0000000708a00000, 0x0000000708a00000, 0x0000000708c00000|  0%| F|  |TAMS 0x0000000708a00000, 0x0000000708a00000| Untracked 
|  52|0x0000000708c00000, 0x0000000708c00000, 0x0000000708e00000|  0%| F|  |TAMS 0x0000000708c00000, 0x0000000708c00000| Untracked 
|  53|0x0000000708e00000, 0x0000000708e00000, 0x0000000709000000|  0%| F|  |TAMS 0x0000000708e00000, 0x0000000708e00000| Untracked 
|  54|0x0000000709000000, 0x0000000709200000, 0x0000000709200000|100%| S|CS|TAMS 0x0000000709000000, 0x0000000709000000| Complete 
|  55|0x0000000709200000, 0x0000000709400000, 0x0000000709400000|100%| S|CS|TAMS 0x0000000709200000, 0x0000000709200000| Complete 
|  56|0x0000000709400000, 0x0000000709600000, 0x0000000709600000|100%| S|CS|TAMS 0x0000000709400000, 0x0000000709400000| Complete 
|  57|0x0000000709600000, 0x0000000709600000, 0x0000000709800000|  0%| F|  |TAMS 0x0000000709600000, 0x0000000709600000| Untracked 
|  58|0x0000000709800000, 0x0000000709800000, 0x0000000709a00000|  0%| F|  |TAMS 0x0000000709800000, 0x0000000709800000| Untracked 
|  59|0x0000000709a00000, 0x0000000709a00000, 0x0000000709c00000|  0%| F|  |TAMS 0x0000000709a00000, 0x0000000709a00000| Untracked 
|  60|0x0000000709c00000, 0x0000000709c00000, 0x0000000709e00000|  0%| F|  |TAMS 0x0000000709c00000, 0x0000000709c00000| Untracked 
|  61|0x0000000709e00000, 0x0000000709e00000, 0x000000070a000000|  0%| F|  |TAMS 0x0000000709e00000, 0x0000000709e00000| Untracked 
|  62|0x000000070a000000, 0x000000070a000000, 0x000000070a200000|  0%| F|  |TAMS 0x000000070a000000, 0x000000070a000000| Untracked 
|  63|0x000000070a200000, 0x000000070a200000, 0x000000070a400000|  0%| F|  |TAMS 0x000000070a200000, 0x000000070a200000| Untracked 
|  64|0x000000070a400000, 0x000000070a400000, 0x000000070a600000|  0%| F|  |TAMS 0x000000070a400000, 0x000000070a400000| Untracked 
|  65|0x000000070a600000, 0x000000070a600000, 0x000000070a800000|  0%| F|  |TAMS 0x000000070a600000, 0x000000070a600000| Untracked 
|  66|0x000000070a800000, 0x000000070a800000, 0x000000070aa00000|  0%| F|  |TAMS 0x000000070a800000, 0x000000070a800000| Untracked 
|  67|0x000000070aa00000, 0x000000070aa00000, 0x000000070ac00000|  0%| F|  |TAMS 0x000000070aa00000, 0x000000070aa00000| Untracked 
|  68|0x000000070ac00000, 0x000000070ac00000, 0x000000070ae00000|  0%| F|  |TAMS 0x000000070ac00000, 0x000000070ac00000| Untracked 
|  69|0x000000070ae00000, 0x000000070ae00000, 0x000000070b000000|  0%| F|  |TAMS 0x000000070ae00000, 0x000000070ae00000| Untracked 
|  70|0x000000070b000000, 0x000000070b000000, 0x000000070b200000|  0%| F|  |TAMS 0x000000070b000000, 0x000000070b000000| Untracked 
|  71|0x000000070b200000, 0x000000070b200000, 0x000000070b400000|  0%| F|  |TAMS 0x000000070b200000, 0x000000070b200000| Untracked 
|  72|0x000000070b400000, 0x000000070b400000, 0x000000070b600000|  0%| F|  |TAMS 0x000000070b400000, 0x000000070b400000| Untracked 
|  73|0x000000070b600000, 0x000000070b600000, 0x000000070b800000|  0%| F|  |TAMS 0x000000070b600000, 0x000000070b600000| Untracked 
|  74|0x000000070b800000, 0x000000070b800000, 0x000000070ba00000|  0%| F|  |TAMS 0x000000070b800000, 0x000000070b800000| Untracked 
|  75|0x000000070ba00000, 0x000000070ba00000, 0x000000070bc00000|  0%| F|  |TAMS 0x000000070ba00000, 0x000000070ba00000| Untracked 
|  76|0x000000070bc00000, 0x000000070bc00000, 0x000000070be00000|  0%| F|  |TAMS 0x000000070bc00000, 0x000000070bc00000| Untracked 
|  77|0x000000070be00000, 0x000000070be00000, 0x000000070c000000|  0%| F|  |TAMS 0x000000070be00000, 0x000000070be00000| Untracked 
|  78|0x000000070c000000, 0x000000070c000000, 0x000000070c200000|  0%| F|  |TAMS 0x000000070c000000, 0x000000070c000000| Untracked 
|  79|0x000000070c200000, 0x000000070c200000, 0x000000070c400000|  0%| F|  |TAMS 0x000000070c200000, 0x000000070c200000| Untracked 
|  80|0x000000070c400000, 0x000000070c400000, 0x000000070c600000|  0%| F|  |TAMS 0x000000070c400000, 0x000000070c400000| Untracked 
|  81|0x000000070c600000, 0x000000070c600000, 0x000000070c800000|  0%| F|  |TAMS 0x000000070c600000, 0x000000070c600000| Untracked 
|  82|0x000000070c800000, 0x000000070c800000, 0x000000070ca00000|  0%| F|  |TAMS 0x000000070c800000, 0x000000070c800000| Untracked 
|  83|0x000000070ca00000, 0x000000070ca00000, 0x000000070cc00000|  0%| F|  |TAMS 0x000000070ca00000, 0x000000070ca00000| Untracked 
|  84|0x000000070cc00000, 0x000000070cc00000, 0x000000070ce00000|  0%| F|  |TAMS 0x000000070cc00000, 0x000000070cc00000| Untracked 
|  85|0x000000070ce00000, 0x000000070ce00000, 0x000000070d000000|  0%| F|  |TAMS 0x000000070ce00000, 0x000000070ce00000| Untracked 
|  86|0x000000070d000000, 0x000000070d000000, 0x000000070d200000|  0%| F|  |TAMS 0x000000070d000000, 0x000000070d000000| Untracked 
|  87|0x000000070d200000, 0x000000070d200000, 0x000000070d400000|  0%| F|  |TAMS 0x000000070d200000, 0x000000070d200000| Untracked 
|  88|0x000000070d400000, 0x000000070d400000, 0x000000070d600000|  0%| F|  |TAMS 0x000000070d400000, 0x000000070d400000| Untracked 
|  89|0x000000070d600000, 0x000000070d600000, 0x000000070d800000|  0%| F|  |TAMS 0x000000070d600000, 0x000000070d600000| Untracked 
|  90|0x000000070d800000, 0x000000070d800000, 0x000000070da00000|  0%| F|  |TAMS 0x000000070d800000, 0x000000070d800000| Untracked 
|  91|0x000000070da00000, 0x000000070da00000, 0x000000070dc00000|  0%| F|  |TAMS 0x000000070da00000, 0x000000070da00000| Untracked 
|  92|0x000000070dc00000, 0x000000070dc00000, 0x000000070de00000|  0%| F|  |TAMS 0x000000070dc00000, 0x000000070dc00000| Untracked 
|  93|0x000000070de00000, 0x000000070de00000, 0x000000070e000000|  0%| F|  |TAMS 0x000000070de00000, 0x000000070de00000| Untracked 
|  94|0x000000070e000000, 0x000000070e000000, 0x000000070e200000|  0%| F|  |TAMS 0x000000070e000000, 0x000000070e000000| Untracked 
|  95|0x000000070e200000, 0x000000070e200000, 0x000000070e400000|  0%| F|  |TAMS 0x000000070e200000, 0x000000070e200000| Untracked 
|  96|0x000000070e400000, 0x000000070e400000, 0x000000070e600000|  0%| F|  |TAMS 0x000000070e400000, 0x000000070e400000| Untracked 
|  97|0x000000070e600000, 0x000000070e600000, 0x000000070e800000|  0%| F|  |TAMS 0x000000070e600000, 0x000000070e600000| Untracked 
|  98|0x000000070e800000, 0x000000070e800000, 0x000000070ea00000|  0%| F|  |TAMS 0x000000070e800000, 0x000000070e800000| Untracked 
|  99|0x000000070ea00000, 0x000000070ea00000, 0x000000070ec00000|  0%| F|  |TAMS 0x000000070ea00000, 0x000000070ea00000| Untracked 
| 100|0x000000070ec00000, 0x000000070ec00000, 0x000000070ee00000|  0%| F|  |TAMS 0x000000070ec00000, 0x000000070ec00000| Untracked 
| 101|0x000000070ee00000, 0x000000070f000000, 0x000000070f000000|100%| E|  |TAMS 0x000000070ee00000, 0x000000070ee00000| Complete 
| 102|0x000000070f000000, 0x000000070f200000, 0x000000070f200000|100%| E|CS|TAMS 0x000000070f000000, 0x000000070f000000| Complete 
| 103|0x000000070f200000, 0x000000070f400000, 0x000000070f400000|100%| E|CS|TAMS 0x000000070f200000, 0x000000070f200000| Complete 
| 104|0x000000070f400000, 0x000000070f600000, 0x000000070f600000|100%| E|CS|TAMS 0x000000070f400000, 0x000000070f400000| Complete 
| 105|0x000000070f600000, 0x000000070f800000, 0x000000070f800000|100%| E|CS|TAMS 0x000000070f600000, 0x000000070f600000| Complete 
| 106|0x000000070f800000, 0x000000070fa00000, 0x000000070fa00000|100%| E|CS|TAMS 0x000000070f800000, 0x000000070f800000| Complete 
| 107|0x000000070fa00000, 0x000000070fc00000, 0x000000070fc00000|100%| E|CS|TAMS 0x000000070fa00000, 0x000000070fa00000| Complete 
| 108|0x000000070fc00000, 0x000000070fe00000, 0x000000070fe00000|100%| E|CS|TAMS 0x000000070fc00000, 0x000000070fc00000| Complete 
| 109|0x000000070fe00000, 0x0000000710000000, 0x0000000710000000|100%| E|CS|TAMS 0x000000070fe00000, 0x000000070fe00000| Complete 
| 110|0x0000000710000000, 0x0000000710200000, 0x0000000710200000|100%| E|CS|TAMS 0x0000000710000000, 0x0000000710000000| Complete 
| 111|0x0000000710200000, 0x0000000710400000, 0x0000000710400000|100%| E|CS|TAMS 0x0000000710200000, 0x0000000710200000| Complete 
| 112|0x0000000710400000, 0x0000000710600000, 0x0000000710600000|100%| E|CS|TAMS 0x0000000710400000, 0x0000000710400000| Complete 
| 113|0x0000000710600000, 0x0000000710800000, 0x0000000710800000|100%| E|CS|TAMS 0x0000000710600000, 0x0000000710600000| Complete 
| 114|0x0000000710800000, 0x0000000710a00000, 0x0000000710a00000|100%| E|CS|TAMS 0x0000000710800000, 0x0000000710800000| Complete 
| 115|0x0000000710a00000, 0x0000000710c00000, 0x0000000710c00000|100%| E|CS|TAMS 0x0000000710a00000, 0x0000000710a00000| Complete 
| 116|0x0000000710c00000, 0x0000000710e00000, 0x0000000710e00000|100%| E|CS|TAMS 0x0000000710c00000, 0x0000000710c00000| Complete 
| 117|0x0000000710e00000, 0x0000000711000000, 0x0000000711000000|100%| E|CS|TAMS 0x0000000710e00000, 0x0000000710e00000| Complete 
| 118|0x0000000711000000, 0x0000000711200000, 0x0000000711200000|100%| E|CS|TAMS 0x0000000711000000, 0x0000000711000000| Complete 
| 119|0x0000000711200000, 0x0000000711400000, 0x0000000711400000|100%| E|CS|TAMS 0x0000000711200000, 0x0000000711200000| Complete 
| 120|0x0000000711400000, 0x0000000711600000, 0x0000000711600000|100%| E|CS|TAMS 0x0000000711400000, 0x0000000711400000| Complete 
| 121|0x0000000711600000, 0x0000000711800000, 0x0000000711800000|100%| E|CS|TAMS 0x0000000711600000, 0x0000000711600000| Complete 
| 122|0x0000000711800000, 0x0000000711a00000, 0x0000000711a00000|100%| E|CS|TAMS 0x0000000711800000, 0x0000000711800000| Complete 
| 123|0x0000000711a00000, 0x0000000711c00000, 0x0000000711c00000|100%| E|CS|TAMS 0x0000000711a00000, 0x0000000711a00000| Complete 
| 124|0x0000000711c00000, 0x0000000711e00000, 0x0000000711e00000|100%| E|CS|TAMS 0x0000000711c00000, 0x0000000711c00000| Complete 
| 125|0x0000000711e00000, 0x0000000712000000, 0x0000000712000000|100%| E|CS|TAMS 0x0000000711e00000, 0x0000000711e00000| Complete 
| 126|0x0000000712000000, 0x0000000712200000, 0x0000000712200000|100%| E|CS|TAMS 0x0000000712000000, 0x0000000712000000| Complete 

Card table byte_map: [0x0000019a5d330000,0x0000019a5db20000] _byte_map_base: 0x0000019a59b1e000

Marking Bits (Prev, Next): (CMBitMap*) 0x0000019a43913c30, (CMBitMap*) 0x0000019a43913c70
 Prev Bits: [0x0000019a5e310000, 0x0000019a62280000)
 Next Bits: [0x0000019a62280000, 0x0000019a661f0000)

Polling page: 0x0000019a439a0000

Metaspace:

Usage:
  Non-class:     12.61 MB capacity,    11.56 MB ( 92%) used,     1.04 MB (  8%) free+waste,    14.88 KB ( <1%) overhead. 
      Class:      1.12 MB capacity,  1012.91 KB ( 89%) used,   126.59 KB ( 11%) free+waste,     4.50 KB ( <1%) overhead. 
       Both:     13.73 MB capacity,    12.55 MB ( 91%) used,     1.16 MB (  8%) free+waste,    19.38 KB ( <1%) overhead. 

Virtual space:
  Non-class space:       14.00 MB reserved,      12.75 MB ( 91%) committed 
      Class space:        1.00 GB reserved,       1.12 MB ( <1%) committed 
             Both:        1.01 GB reserved,      13.88 MB (  1%) committed 

Chunk freelists:
   Non-Class:  76.00 KB
       Class:  8.00 KB
        Both:  84.00 KB

MaxMetaspaceSize: 17179869184.00 GB
CompressedClassSpaceSize: 1.00 GB

CodeHeap 'non-profiled nmethods': size=120000Kb used=1411Kb max_used=1411Kb free=118588Kb
 bounds [0x0000019a54d90000, 0x0000019a55000000, 0x0000019a5c2c0000]
CodeHeap 'profiled nmethods': size=120000Kb used=4077Kb max_used=4077Kb free=115922Kb
 bounds [0x0000019a4d860000, 0x0000019a4dc60000, 0x0000019a54d90000]
CodeHeap 'non-nmethods': size=5760Kb used=1653Kb max_used=1736Kb free=4106Kb
 bounds [0x0000019a4d2c0000, 0x0000019a4d530000, 0x0000019a4d860000]
 total_blobs=3244 nmethods=2186 adapters=971
 compilation: enabled
              stopped_count=0, restarted_count=0
 full_count=0

Compilation events (20 events):
Event: 4.598 Thread 0x0000019a69404e30 2183       4       controllers.flowchartWindow.FlowchartWindowController::getAspectRatio (8 bytes)
Event: 4.598 Thread 0x0000019a69404e30 nmethod 2183 0x0000019a54eef110 code [0x0000019a54eef280, 0x0000019a54eef2f8]
Event: 4.606 Thread 0x0000019a68aee7e0 2184       3       gui.buttons.TextButton::getText (5 bytes)
Event: 4.606 Thread 0x0000019a68aee7e0 nmethod 2184 0x0000019a4dc57890 code [0x0000019a4dc57a20, 0x0000019a4dc57bb8]
Event: 4.606 Thread 0x0000019a68aee7e0 2185       1       gui.GUIFilledBox::setSize (6 bytes)
Event: 4.606 Thread 0x0000019a68aee7e0 nmethod 2185 0x0000019a54eef410 code [0x0000019a54eef5a0, 0x0000019a54eef6b8]
Event: 4.637 Thread 0x0000019a69404e30 2186       4       controllers.flowchartWindow.FlowchartTextBoxController::unload (66 bytes)
Event: 4.650 Thread 0x0000019a69404e30 nmethod 2186 0x0000019a54eef710 code [0x0000019a54eef8e0, 0x0000019a54ef02f8]
Event: 4.677 Thread 0x0000019a68aee7e0 2188       3       gui.buttons.TextButton::setPosition (36 bytes)
Event: 4.677 Thread 0x0000019a68aee7e0 nmethod 2188 0x0000019a4dc57c90 code [0x0000019a4dc57e60, 0x0000019a4dc58458]
Event: 4.677 Thread 0x0000019a68aee7e0 2187       1       gui.buttons.Button::getSize (5 bytes)
Event: 4.678 Thread 0x0000019a68aee7e0 nmethod 2187 0x0000019a54ef0b10 code [0x0000019a54ef0ca0, 0x0000019a54ef0d58]
Event: 4.685 Thread 0x0000019a68aee7e0 2189       3       gui.buttons.TextButton::setAspectRatio (226 bytes)
Event: 4.686 Thread 0x0000019a68aee7e0 nmethod 2189 0x0000019a4dc58610 code [0x0000019a4dc58900, 0x0000019a4dc5a338]
Event: 4.686 Thread 0x0000019a68aee7e0 2190       3       java.nio.CharBuffer::hasArray (20 bytes)
Event: 4.686 Thread 0x0000019a68aee7e0 nmethod 2190 0x0000019a4dc5a890 code [0x0000019a4dc5aa20, 0x0000019a4dc5abb8]
Event: 4.686 Thread 0x0000019a68aee7e0 2191       3       java.nio.ByteBuffer::hasArray (20 bytes)
Event: 4.686 Thread 0x0000019a68aee7e0 nmethod 2191 0x0000019a4dc5ac90 code [0x0000019a4dc5ae20, 0x0000019a4dc5afb8]
Event: 4.773 Thread 0x0000019a68aee7e0 2192       3       java.io.BufferedWriter::ensureOpen (18 bytes)
Event: 4.774 Thread 0x0000019a68aee7e0 nmethod 2192 0x0000019a4dc5b090 code [0x0000019a4dc5b240, 0x0000019a4dc5b448]

GC Heap History (10 events):
Event: 0.664 GC heap before
{Heap before GC invocations=0 (full 0):
 garbage-first heap   total 260096K, used 20480K [0x0000000702400000, 0x0000000800000000)
  region size 2048K, 10 young (20480K), 0 survivors (0K)
 Metaspace       used 7101K, capacity 9409K, committed 9728K, reserved 1058816K
  class space    used 412K, capacity 645K, committed 768K, reserved 1048576K
}
Event: 0.668 GC heap after
{Heap after GC invocations=1 (full 0):
 garbage-first heap   total 260096K, used 2709K [0x0000000702400000, 0x0000000800000000)
  region size 2048K, 2 young (4096K), 2 survivors (4096K)
 Metaspace       used 7101K, capacity 9409K, committed 9728K, reserved 1058816K
  class space    used 412K, capacity 645K, committed 768K, reserved 1048576K
}
Event: 0.930 GC heap before
{Heap before GC invocations=1 (full 0):
 garbage-first heap   total 260096K, used 29333K [0x0000000702400000, 0x0000000800000000)
  region size 2048K, 16 young (32768K), 2 survivors (4096K)
 Metaspace       used 11855K, capacity 13538K, committed 13696K, reserved 1062912K
  class space    used 945K, capacity 1099K, committed 1152K, reserved 1048576K
}
Event: 0.933 GC heap after
{Heap after GC invocations=2 (full 0):
 garbage-first heap   total 260096K, used 4176K [0x0000000702400000, 0x0000000800000000)
  region size 2048K, 1 young (2048K), 1 survivors (2048K)
 Metaspace       used 11855K, capacity 13538K, committed 13696K, reserved 1062912K
  class space    used 945K, capacity 1099K, committed 1152K, reserved 1048576K
}
Event: 1.327 GC heap before
{Heap before GC invocations=2 (full 0):
 garbage-first heap   total 260096K, used 155728K [0x0000000702400000, 0x0000000800000000)
  region size 2048K, 76 young (155648K), 1 survivors (2048K)
 Metaspace       used 12320K, capacity 13700K, committed 13952K, reserved 1062912K
  class space    used 972K, capacity 1133K, committed 1152K, reserved 1048576K
}
Event: 1.330 GC heap after
{Heap after GC invocations=3 (full 0):
 garbage-first heap   total 260096K, used 8829K [0x0000000702400000, 0x0000000800000000)
  region size 2048K, 3 young (6144K), 3 survivors (6144K)
 Metaspace       used 12320K, capacity 13700K, committed 13952K, reserved 1062912K
  class space    used 972K, capacity 1133K, committed 1152K, reserved 1048576K
}
Event: 1.616 GC heap before
{Heap before GC invocations=3 (full 0):
 garbage-first heap   total 260096K, used 158333K [0x0000000702400000, 0x0000000800000000)
  region size 2048K, 76 young (155648K), 3 survivors (6144K)
 Metaspace       used 12469K, capacity 13803K, committed 13952K, reserved 1062912K
  class space    used 987K, capacity 1144K, committed 1152K, reserved 1048576K
}
Event: 1.620 GC heap after
{Heap after GC invocations=4 (full 0):
 garbage-first heap   total 260096K, used 14854K [0x0000000702400000, 0x0000000800000000)
  region size 2048K, 6 young (12288K), 6 survivors (12288K)
 Metaspace       used 12469K, capacity 13803K, committed 13952K, reserved 1062912K
  class space    used 987K, capacity 1144K, committed 1152K, reserved 1048576K
}
Event: 1.835 GC heap before
{Heap before GC invocations=4 (full 0):
 garbage-first heap   total 260096K, used 158214K [0x0000000702400000, 0x0000000800000000)
  region size 2048K, 76 young (155648K), 6 survivors (12288K)
 Metaspace       used 12477K, capacity 13803K, committed 13952K, reserved 1062912K
  class space    used 987K, capacity 1144K, committed 1152K, reserved 1048576K
}
Event: 1.840 GC heap after
{Heap after GC invocations=5 (full 0):
 garbage-first heap   total 260096K, used 19897K [0x0000000702400000, 0x0000000800000000)
  region size 2048K, 8 young (16384K), 8 survivors (16384K)
 Metaspace       used 12477K, capacity 13803K, committed 13952K, reserved 1062912K
  class space    used 987K, capacity 1144K, committed 1152K, reserved 1048576K
}

Deoptimization events (20 events):
Event: 2.132 Thread 0x0000019a438c2720 DEOPT PACKING pc=0x0000019a4dc1c7ac sp=0x00000099aaefed00
Event: 2.132 Thread 0x0000019a438c2720 DEOPT UNPACKING pc=0x0000019a4d30e23f sp=0x00000099aaefe508 mode 0
Event: 2.133 Thread 0x0000019a438c2720 DEOPT PACKING pc=0x0000019a4dc1c7ac sp=0x00000099aaefed00
Event: 2.133 Thread 0x0000019a438c2720 DEOPT UNPACKING pc=0x0000019a4d30e23f sp=0x00000099aaefe508 mode 0
Event: 2.134 Thread 0x0000019a438c2720 DEOPT PACKING pc=0x0000019a4dc1c7ac sp=0x00000099aaefed00
Event: 2.134 Thread 0x0000019a438c2720 DEOPT UNPACKING pc=0x0000019a4d30e23f sp=0x00000099aaefe508 mode 0
Event: 2.136 Thread 0x0000019a438c2720 DEOPT PACKING pc=0x0000019a4dc1c7ac sp=0x00000099aaefed00
Event: 2.136 Thread 0x0000019a438c2720 DEOPT UNPACKING pc=0x0000019a4d30e23f sp=0x00000099aaefe508 mode 0
Event: 2.137 Thread 0x0000019a438c2720 DEOPT PACKING pc=0x0000019a4dc1c7ac sp=0x00000099aaefed00
Event: 2.137 Thread 0x0000019a438c2720 DEOPT UNPACKING pc=0x0000019a4d30e23f sp=0x00000099aaefe508 mode 0
Event: 2.139 Thread 0x0000019a438c2720 DEOPT PACKING pc=0x0000019a4dc1c7ac sp=0x00000099aaefed00
Event: 2.139 Thread 0x0000019a438c2720 DEOPT UNPACKING pc=0x0000019a4d30e23f sp=0x00000099aaefe508 mode 0
Event: 2.139 Thread 0x0000019a438c2720 DEOPT PACKING pc=0x0000019a4dc1c7ac sp=0x00000099aaefed00
Event: 2.139 Thread 0x0000019a438c2720 DEOPT UNPACKING pc=0x0000019a4d30e23f sp=0x00000099aaefe508 mode 0
Event: 2.141 Thread 0x0000019a438c2720 DEOPT PACKING pc=0x0000019a4dc1c7ac sp=0x00000099aaefed00
Event: 2.141 Thread 0x0000019a438c2720 DEOPT UNPACKING pc=0x0000019a4d30e23f sp=0x00000099aaefe508 mode 0
Event: 2.142 Thread 0x0000019a438c2720 DEOPT PACKING pc=0x0000019a4dc1c7ac sp=0x00000099aaefed00
Event: 2.142 Thread 0x0000019a438c2720 DEOPT UNPACKING pc=0x0000019a4d30e23f sp=0x00000099aaefe508 mode 0
Event: 2.143 Thread 0x0000019a438c2720 DEOPT PACKING pc=0x0000019a4dc1c7ac sp=0x00000099aaefed00
Event: 2.144 Thread 0x0000019a438c2720 DEOPT UNPACKING pc=0x0000019a4d30e23f sp=0x00000099aaefe508 mode 0

Classes unloaded (0 events):
No events

Classes redefined (0 events):
No events

Internal exceptions (20 events):
Event: 0.117 Thread 0x0000019a69510c70 Exception <a 'java/lang/NoSuchMethodError'{0x0000000711c87ba8}: 'java.lang.Object java.lang.invoke.DirectMethodHandle$Holder.invokeStaticInit(java.lang.Object)'> (0x0000000711c87ba8) 
thrown [./open/src/hotspot/share/interpreter/linkResolver.cpp, line 782]
Event: 0.121 Thread 0x0000019a69510c70 Exception <a 'java/lang/NoSuchMethodError'{0x0000000711c94f68}: 'void java.lang.invoke.DirectMethodHandle$Holder.invokeStatic(java.lang.Object, java.lang.Object)'> (0x0000000711c94f68) 
thrown [./open/src/hotspot/share/interpreter/linkResolver.cpp, line 782]
Event: 0.122 Thread 0x0000019a438c2720 Exception <a 'java/lang/NoSuchMethodError'{0x0000000711cfc858}: 'void java.lang.invoke.DirectMethodHandle$Holder.invokeSpecial(java.lang.Object, java.lang.Object, java.lang.Object)'> (0x0000000711cfc858) 
thrown [./open/src/hotspot/share/interpreter/linkResolver.cpp, line 782]
Event: 0.155 Thread 0x0000019a438c2720 Exception <a 'java/lang/NoSuchMethodError'{0x0000000711a33c30}: 'java.lang.Object java.lang.invoke.DirectMethodHandle$Holder.invokeStatic(java.lang.Object, java.lang.Object, int)'> (0x0000000711a33c30) 
thrown [./open/src/hotspot/share/interpreter/linkResolver.cpp, line 782]
Event: 0.156 Thread 0x0000019a438c2720 Exception <a 'java/lang/NoSuchMethodError'{0x0000000711a3fcf8}: 'void java.lang.invoke.DelegatingMethodHandle$Holder.delegate(java.lang.Object, java.lang.Object, int, java.lang.Object)'> (0x0000000711a3fcf8) 
thrown [./open/src/hotspot/share/interpreter/linkResolver.cpp, line 782]
Event: 0.156 Thread 0x0000019a438c2720 Exception <a 'java/lang/NoSuchMethodError'{0x0000000711a43e48}: 'int java.lang.invoke.DirectMethodHandle$Holder.invokeSpecial(java.lang.Object, java.lang.Object, java.lang.Object)'> (0x0000000711a43e48) 
thrown [./open/src/hotspot/share/interpreter/linkResolver.cpp, line 782]
Event: 0.177 Thread 0x0000019a438c2720 Exception <a 'sun/nio/fs/WindowsException'{0x0000000711aad268}> (0x0000000711aad268) 
thrown [./open/src/hotspot/share/prims/jni.cpp, line 578]
Event: 0.177 Thread 0x0000019a438c2720 Exception <a 'sun/nio/fs/WindowsException'{0x0000000711aad7c0}> (0x0000000711aad7c0) 
thrown [./open/src/hotspot/share/prims/jni.cpp, line 578]
Event: 0.196 Thread 0x0000019a438c2720 Exception <a 'sun/nio/fs/WindowsException'{0x0000000711b5c290}> (0x0000000711b5c290) 
thrown [./open/src/hotspot/share/prims/jni.cpp, line 578]
Event: 0.196 Thread 0x0000019a438c2720 Exception <a 'sun/nio/fs/WindowsException'{0x0000000711b5c600}> (0x0000000711b5c600) 
thrown [./open/src/hotspot/share/prims/jni.cpp, line 578]
Event: 0.382 Thread 0x0000019a438c2720 Exception <a 'sun/nio/fs/WindowsException'{0x0000000711bc15c0}> (0x0000000711bc15c0) 
thrown [./open/src/hotspot/share/prims/jni.cpp, line 578]
Event: 0.382 Thread 0x0000019a438c2720 Exception <a 'sun/nio/fs/WindowsException'{0x0000000711bc1750}> (0x0000000711bc1750) 
thrown [./open/src/hotspot/share/prims/jni.cpp, line 578]
Event: 0.393 Thread 0x0000019a438c2720 Exception <a 'sun/nio/fs/WindowsException'{0x0000000711809820}> (0x0000000711809820) 
thrown [./open/src/hotspot/share/prims/jni.cpp, line 578]
Event: 0.393 Thread 0x0000019a438c2720 Exception <a 'sun/nio/fs/WindowsException'{0x0000000711809ba8}> (0x0000000711809ba8) 
thrown [./open/src/hotspot/share/prims/jni.cpp, line 578]
Event: 0.423 Thread 0x0000019a438c2720 Exception <a 'sun/nio/fs/WindowsException'{0x000000071184a9c8}> (0x000000071184a9c8) 
thrown [./open/src/hotspot/share/prims/jni.cpp, line 578]
Event: 0.423 Thread 0x0000019a438c2720 Exception <a 'sun/nio/fs/WindowsException'{0x000000071184ad78}> (0x000000071184ad78) 
thrown [./open/src/hotspot/share/prims/jni.cpp, line 578]
Event: 0.426 Thread 0x0000019a438c2720 Exception <a 'sun/nio/fs/WindowsException'{0x000000071185d0d8}> (0x000000071185d0d8) 
thrown [./open/src/hotspot/share/prims/jni.cpp, line 578]
Event: 0.426 Thread 0x0000019a438c2720 Exception <a 'sun/nio/fs/WindowsException'{0x000000071185d3c0}> (0x000000071185d3c0) 
thrown [./open/src/hotspot/share/prims/jni.cpp, line 578]
Event: 0.884 Thread 0x0000019a438c2720 Exception <a 'java/lang/NoSuchMethodError'{0x0000000710fc6028}: 'java.lang.Object java.lang.invoke.DirectMethodHandle$Holder.newInvokeSpecial(java.lang.Object, java.lang.Object, java.lang.Object, java.lang.Object, java.lang.Object)'> (0x0000000710fc6028) 
thrown [./open/src/hotspot/share/interpreter/linkResolver.cpp, line 782]
Event: 1.537 Thread 0x0000019a438c2720 Exception <a 'sun/nio/fs/WindowsException'{0x000000070b49bb80}> (0x000000070b49bb80) 
thrown [./open/src/hotspot/share/prims/jni.cpp, line 578]

Events (20 events):
Event: 2.191 Loaded shared library C:\Users\chloe\AppData\Local\Temp\lwjglchloe\3.2.3-build-13\lwjgl_opengl.dll
Event: 2.193 Loaded shared library C:\Users\chloe\AppData\Local\Temp\lwjglchloe\3.2.3-build-13\lwjgl_opengl.dll
Event: 2.352 Loaded shared library C:\Users\chloe\AppData\Local\Temp\lwjglchloe\3.2.3-build-13\lwjgl_opengl.dll
Event: 2.377 Loaded shared library C:\Users\chloe\AppData\Local\Temp\lwjglchloe\3.2.3-build-13\lwjgl_opengl.dll
Event: 2.378 Loaded shared library C:\Users\chloe\AppData\Local\Temp\lwjglchloe\3.2.3-build-13\lwjgl_opengl.dll
Event: 2.545 Loaded shared library C:\Users\chloe\AppData\Local\Temp\lwjglchloe\3.2.3-build-13\lwjgl_opengl.dll
Event: 2.582 Loaded shared library C:\Users\chloe\AppData\Local\Temp\lwjglchloe\3.2.3-build-13\lwjgl_opengl.dll
Event: 2.766 Loaded shared library C:\Users\chloe\AppData\Local\Temp\lwjglchloe\3.2.3-build-13\lwjgl.dll
Event: 2.774 Loaded shared library C:\Users\chloe\AppData\Local\Temp\lwjglchloe\3.2.3-build-13\lwjgl_opengl.dll
Event: 2.776 Loaded shared library C:\Users\chloe\AppData\Local\Temp\lwjglchloe\3.2.3-build-13\lwjgl_opengl.dll
Event: 2.848 Executing VM operation: HandshakeAllThreads
Event: 2.848 Executing VM operation: HandshakeAllThreads done
Event: 2.853 Loaded shared library C:\Users\chloe\.jdks\openjdk-15.0.1\bin\prefs.dll
Event: 2.885 Loaded shared library C:\Users\chloe\.jdks\openjdk-15.0.1\bin\prefs.dll
Event: 3.518 Loaded shared library C:\Users\chloe\AppData\Local\Temp\lwjglchloe\3.2.3-build-13\lwjgl_opengl.dll
Event: 3.524 Loaded shared library C:\Users\chloe\.jdks\openjdk-15.0.1\bin\java.dll
Event: 3.621 Loaded shared library C:\Users\chloe\AppData\Local\Temp\lwjglchloe\3.2.3-build-13\lwjgl.dll
Event: 3.741 Loaded shared library C:\Users\chloe\.jdks\openjdk-15.0.1\bin\prefs.dll
Event: 4.650 Executing VM operation: HandshakeAllThreads
Event: 4.650 Executing VM operation: HandshakeAllThreads done


Dynamic libraries:
0x00007ff697200000 - 0x00007ff69720d000 	C:\Users\chloe\.jdks\openjdk-15.0.1\bin\java.exe
0x00007ffe34cf0000 - 0x00007ffe34ee5000 	C:\WINDOWS\SYSTEM32\ntdll.dll
0x00007ffe32f20000 - 0x00007ffe32fdd000 	C:\WINDOWS\System32\KERNEL32.DLL
0x00007ffe32740000 - 0x00007ffe32a09000 	C:\WINDOWS\System32\KERNELBASE.dll
0x00007ffe32c50000 - 0x00007ffe32d50000 	C:\WINDOWS\System32\ucrtbase.dll
0x00007ffe2dfc0000 - 0x00007ffe2dfd8000 	C:\Users\chloe\.jdks\openjdk-15.0.1\bin\jli.dll
0x00007ffe2dd00000 - 0x00007ffe2dd19000 	C:\Users\chloe\.jdks\openjdk-15.0.1\bin\VCRUNTIME140.dll
0x00007ffe33b40000 - 0x00007ffe33ce0000 	C:\WINDOWS\System32\USER32.dll
0x00007ffe198b0000 - 0x00007ffe19b4a000 	C:\WINDOWS\WinSxS\amd64_microsoft.windows.common-controls_6595b64144ccf1df_6.0.19041.844_none_ca00b6081b84eb1d\COMCTL32.dll
0x00007ffe32480000 - 0x00007ffe324a2000 	C:\WINDOWS\System32\win32u.dll
0x00007ffe340b0000 - 0x00007ffe3414e000 	C:\WINDOWS\System32\msvcrt.dll
0x00007ffe34150000 - 0x00007ffe3417a000 	C:\WINDOWS\System32\GDI32.dll
0x00007ffe32b40000 - 0x00007ffe32c4b000 	C:\WINDOWS\System32\gdi32full.dll
0x00007ffe32a10000 - 0x00007ffe32aad000 	C:\WINDOWS\System32\msvcp_win.dll
0x00007ffe33ce0000 - 0x00007ffe33d10000 	C:\WINDOWS\System32\IMM32.DLL
0x00007ffe2e010000 - 0x00007ffe2e01c000 	C:\Users\chloe\.jdks\openjdk-15.0.1\bin\vcruntime140_1.dll
0x00007ffe19e90000 - 0x00007ffe19f21000 	C:\Users\chloe\.jdks\openjdk-15.0.1\bin\msvcp140.dll
0x00007ffdfa730000 - 0x00007ffdfb28e000 	C:\Users\chloe\.jdks\openjdk-15.0.1\bin\server\jvm.dll
0x00007ffe344c0000 - 0x00007ffe3456c000 	C:\WINDOWS\System32\ADVAPI32.dll
0x00007ffe33d70000 - 0x00007ffe33e0c000 	C:\WINDOWS\System32\sechost.dll
0x00007ffe34b70000 - 0x00007ffe34c9b000 	C:\WINDOWS\System32\RPCRT4.dll
0x00007ffe34ca0000 - 0x00007ffe34ca8000 	C:\WINDOWS\System32\PSAPI.DLL
0x00007ffe176f0000 - 0x00007ffe176f9000 	C:\WINDOWS\SYSTEM32\WSOCK32.dll
0x00007ffe34230000 - 0x00007ffe3429b000 	C:\WINDOWS\System32\WS2_32.dll
0x00007ffe22230000 - 0x00007ffe22257000 	C:\WINDOWS\SYSTEM32\WINMM.dll
0x00007ffe2a780000 - 0x00007ffe2a78a000 	C:\WINDOWS\SYSTEM32\VERSION.dll
0x00007ffe303b0000 - 0x00007ffe303c2000 	C:\WINDOWS\SYSTEM32\kernel.appcore.dll
0x00007ffe2dff0000 - 0x00007ffe2dffa000 	C:\Users\chloe\.jdks\openjdk-15.0.1\bin\jimage.dll
0x00007ffe194d0000 - 0x00007ffe196b4000 	C:\WINDOWS\SYSTEM32\DBGHELP.DLL
0x00007ffe1c700000 - 0x00007ffe1c72c000 	C:\WINDOWS\SYSTEM32\dbgcore.DLL
0x00007ffe32610000 - 0x00007ffe32690000 	C:\WINDOWS\System32\bcryptPrimitives.dll
0x00007ffe1d800000 - 0x00007ffe1d80e000 	C:\Users\chloe\.jdks\openjdk-15.0.1\bin\instrument.dll
0x00007ffe2dcd0000 - 0x00007ffe2dcf5000 	C:\Users\chloe\.jdks\openjdk-15.0.1\bin\java.dll
0x00007ffe33340000 - 0x00007ffe33a82000 	C:\WINDOWS\System32\SHELL32.dll
0x00007ffe305b0000 - 0x00007ffe30d40000 	C:\WINDOWS\SYSTEM32\windows.storage.dll
0x00007ffe32fe0000 - 0x00007ffe33335000 	C:\WINDOWS\System32\combase.dll
0x00007ffe31ea0000 - 0x00007ffe31ecc000 	C:\WINDOWS\SYSTEM32\Wldp.dll
0x00007ffe33a90000 - 0x00007ffe33b3e000 	C:\WINDOWS\System32\SHCORE.dll
0x00007ffe343d0000 - 0x00007ffe34425000 	C:\WINDOWS\System32\shlwapi.dll
0x00007ffe32370000 - 0x00007ffe3238f000 	C:\WINDOWS\SYSTEM32\profapi.dll
0x00007ffe1a680000 - 0x00007ffe1a698000 	C:\Users\chloe\.jdks\openjdk-15.0.1\bin\zip.dll
0x00007ffe1d760000 - 0x00007ffe1d779000 	C:\Users\chloe\.jdks\openjdk-15.0.1\bin\net.dll
0x00007ffe21be0000 - 0x00007ffe21cec000 	C:\WINDOWS\SYSTEM32\WINHTTP.dll
0x00007ffe31c20000 - 0x00007ffe31c8a000 	C:\WINDOWS\system32\mswsock.dll
0x00007ffe1d730000 - 0x00007ffe1d742000 	C:\Users\chloe\.jdks\openjdk-15.0.1\bin\nio.dll
0x00007ffe1a540000 - 0x00007ffe1a55a000 	C:\Program Files\JetBrains\IntelliJ IDEA Community Edition 2020.1.1\bin\breakgen64.dll
0x00007ffe1d7f0000 - 0x00007ffe1d800000 	C:\Users\chloe\.jdks\openjdk-15.0.1\bin\verify.dll
0x00007ffe1d720000 - 0x00007ffe1d729000 	C:\Users\chloe\.jdks\openjdk-15.0.1\bin\prefs.dll
0x00007ffe11c70000 - 0x00007ffe11cd4000 	C:\Users\chloe\AppData\Local\Temp\lwjglchloe\3.2.3-build-13\lwjgl.dll
0x00007ffe11c00000 - 0x00007ffe11c62000 	C:\Users\chloe\AppData\Local\Temp\lwjglchloe\3.2.3-build-13\glfw.dll
0x00007ffe2fef0000 - 0x00007ffe2ff8e000 	C:\WINDOWS\system32\uxtheme.dll
0x00007ffe11bb0000 - 0x00007ffe11bf5000 	C:\WINDOWS\SYSTEM32\dinput8.dll
0x00007ffe1a470000 - 0x00007ffe1a481000 	C:\WINDOWS\SYSTEM32\xinput1_4.dll
0x00007ffe32430000 - 0x00007ffe3247e000 	C:\WINDOWS\System32\cfgmgr32.dll
0x00007ffe32200000 - 0x00007ffe3222c000 	C:\WINDOWS\SYSTEM32\DEVOBJ.dll
0x00007ffe301d0000 - 0x00007ffe301ff000 	C:\WINDOWS\SYSTEM32\dwmapi.dll
0x00007ffe28e00000 - 0x00007ffe28f52000 	C:\WINDOWS\SYSTEM32\inputhost.dll
0x00007ffe342a0000 - 0x00007ffe3436d000 	C:\WINDOWS\System32\OLEAUT32.dll
0x00007ffe2fa50000 - 0x00007ffe2fb42000 	C:\WINDOWS\SYSTEM32\CoreMessaging.dll
0x00007ffe2e090000 - 0x00007ffe2e187000 	C:\WINDOWS\SYSTEM32\PROPSYS.dll
0x00007ffe2f6c0000 - 0x00007ffe2fa1e000 	C:\WINDOWS\SYSTEM32\CoreUIComponents.dll
0x00007ffe31180000 - 0x00007ffe311b3000 	C:\WINDOWS\SYSTEM32\ntmarta.dll
0x00007ffe2efe0000 - 0x00007ffe2f134000 	C:\WINDOWS\SYSTEM32\wintypes.dll
0x00007ffe33f90000 - 0x00007ffe340a5000 	C:\WINDOWS\System32\MSCTF.dll
0x00007ffe30d40000 - 0x00007ffe30d4d000 	C:\WINDOWS\SYSTEM32\HID.DLL
0x00007ffe346a0000 - 0x00007ffe34b09000 	C:\WINDOWS\System32\SETUPAPI.DLL
0x00007ffe32ab0000 - 0x00007ffe32ad7000 	C:\WINDOWS\System32\bcrypt.dll
0x00007ffe32ae0000 - 0x00007ffe32b40000 	C:\WINDOWS\System32\WINTRUST.dll
0x00007ffe324b0000 - 0x00007ffe3260f000 	C:\WINDOWS\System32\CRYPT32.dll
0x00007ffe32020000 - 0x00007ffe32032000 	C:\WINDOWS\SYSTEM32\MSASN1.dll
0x00007ffdfba70000 - 0x00007ffdfbb96000 	C:\WINDOWS\SYSTEM32\opengl32.dll
0x00007ffe1a420000 - 0x00007ffe1a44c000 	C:\WINDOWS\SYSTEM32\GLU32.dll
0x00007ffe34180000 - 0x00007ffe34229000 	C:\WINDOWS\System32\clbcatq.dll
0x00007ffdcb300000 - 0x00007ffdcdc91000 	C:\WINDOWS\System32\DriverStore\FileRepository\nvddi.inf_amd64_2db6ac0841aa9814\nvoglv64.dll
0x00007ffe34570000 - 0x00007ffe3469a000 	C:\WINDOWS\System32\ole32.dll
0x00007ffe2e1f0000 - 0x00007ffe2e204000 	C:\WINDOWS\SYSTEM32\WTSAPI32.dll
0x00007ffe2a740000 - 0x00007ffe2a771000 	C:\WINDOWS\SYSTEM32\cryptnet.dll
0x00007ffe31e10000 - 0x00007ffe31e1c000 	C:\WINDOWS\SYSTEM32\cryptbase.dll
0x00007ffe29680000 - 0x00007ffe296bb000 	C:\WINDOWS\SYSTEM32\dxcore.dll
0x00007ffe31a20000 - 0x00007ffe31a6b000 	C:\WINDOWS\SYSTEM32\powrprof.dll
0x00007ffe318a0000 - 0x00007ffe318b2000 	C:\WINDOWS\SYSTEM32\UMPDC.dll
0x00007ffe311f0000 - 0x00007ffe3124a000 	C:\WINDOWS\SYSTEM32\WINSTA.dll
0x00007ffe05920000 - 0x00007ffe05997000 	C:\Users\chloe\AppData\Local\Temp\lwjglchloe\3.2.3-build-13\lwjgl_stb.dll
0x00007ffe2b670000 - 0x00007ffe2b71e000 	C:\WINDOWS\SYSTEM32\mscms.dll
0x00007ffe2b5b0000 - 0x00007ffe2b5c1000 	C:\WINDOWS\SYSTEM32\ColorAdapterClient.dll
0x00007ffe32330000 - 0x00007ffe3235e000 	C:\WINDOWS\SYSTEM32\USERENV.dll
0x00007ffe1ca00000 - 0x00007ffe1ca43000 	C:\WINDOWS\SYSTEM32\icm32.dll
0x00007ffe28f60000 - 0x00007ffe2905b000 	C:\WINDOWS\SYSTEM32\textinputframework.dll
0x00007ffe11b50000 - 0x00007ffe11ba9000 	C:\Users\chloe\AppData\Local\Temp\lwjglchloe\3.2.3-build-13\lwjgl_opengl.dll

dbghelp: loaded successfully - version: 4.0.5 - missing functions: none
symbol engine: initialized successfully - sym options: 0x614 - pdb path: .;C:\Users\chloe\.jdks\openjdk-15.0.1\bin;C:\WINDOWS\SYSTEM32;C:\WINDOWS\WinSxS\amd64_microsoft.windows.common-controls_6595b64144ccf1df_6.0.19041.844_none_ca00b6081b84eb1d;C:\Users\chloe\.jdks\openjdk-15.0.1\bin\server;C:\Program Files\JetBrains\IntelliJ IDEA Community Edition 2020.1.1\bin;C:\Users\chloe\AppData\Local\Temp\lwjglchloe\3.2.3-build-13;C:\WINDOWS\System32\DriverStore\FileRepository\nvddi.inf_amd64_2db6ac0841aa9814

VM Arguments:
jvm_args: -Djava.library.path=C:\Users\chloe\OneDrive\Documents\Programming\Java\ALFAT\lib\natives -javaagent:C:\Program Files\JetBrains\IntelliJ IDEA Community Edition 2020.1.1\lib\idea_rt.jar=55347:C:\Program Files\JetBrains\IntelliJ IDEA Community Edition 2020.1.1\bin -Dfile.encoding=UTF-8 
java_command: main.EngineTester tests/Final_Project_Combined_1.asm
java_class_path (initial): C:\Users\chloe\AppData\Local\Temp\classpath721386580.jar
Launcher Type: SUN_STANDARD

[Global flags]
     intx CICompilerCount                          = 3                                         {product} {ergonomic}
     uint ConcGCThreads                            = 2                                         {product} {ergonomic}
     uint G1ConcRefinementThreads                  = 6                                         {product} {ergonomic}
   size_t G1HeapRegionSize                         = 2097152                                   {product} {ergonomic}
    uintx GCDrainStackTargetSize                   = 64                                        {product} {ergonomic}
   size_t InitialHeapSize                          = 266338304                                 {product} {ergonomic}
   size_t MarkStackSize                            = 4194304                                   {product} {ergonomic}
   size_t MaxHeapSize                              = 4257218560                                {product} {ergonomic}
   size_t MaxNewSize                               = 2554331136                                {product} {ergonomic}
   size_t MinHeapDeltaBytes                        = 2097152                                   {product} {ergonomic}
   size_t MinHeapSize                              = 8388608                                   {product} {ergonomic}
    uintx NonNMethodCodeHeapSize                   = 5832780                                {pd product} {ergonomic}
    uintx NonProfiledCodeHeapSize                  = 122912730                              {pd product} {ergonomic}
    uintx ProfiledCodeHeapSize                     = 122912730                              {pd product} {ergonomic}
    uintx ReservedCodeCacheSize                    = 251658240                              {pd product} {ergonomic}
     bool SegmentedCodeCache                       = true                                      {product} {ergonomic}
   size_t SoftMaxHeapSize                          = 4257218560                             {manageable} {ergonomic}
     bool UseCompressedClassPointers               = true                                 {lp64_product} {ergonomic}
     bool UseCompressedOops                        = true                                 {lp64_product} {ergonomic}
     bool UseG1GC                                  = true                                      {product} {ergonomic}
     bool UseLargePagesIndividualAllocation        = false                                  {pd product} {ergonomic}

Logging:
Log output configuration:
 #0: stdout all=warning uptime,level,tags
 #1: stderr all=off uptime,level,tags

Environment Variables:
JAVA_HOME=C:\Program Files\Java\jre1.8.0_251
PATH=C:\VulkanSDK\1.2.170.0\Bin;C:\VulkanSDK\1.2.162.0\Bin;C:\VulkanSDK\1.2.154.1\Bin;C:\Program Files (x86)\Common Files\Oracle\Java\javapath;C:\Windows\system32;C:\Windows;C:\Windows\System32\Wbem;C:\Windows\System32\WindowsPowerShell\v1.0\;C:\Windows\System32\OpenSSH\;C:\Program Files\Git\cmd;C:\Users\chloe\.jdks\openjdk-15.0.1\bin;C:\Program Files (x86)\NVIDIA Corporation\PhysX\Common;C:\Program Files\PuTTY\;;C:\WINDOWS\system32;C:\WINDOWS;C:\WINDOWS\System32\Wbem;C:\WINDOWS\System32\WindowsPowerShell\v1.0\;C:\WINDOWS\System32\OpenSSH\;C:\Users\chloe\AppData\Local\Microsoft\WindowsApps;C:\Users\chloe\AppData\Local\atom\bin;C:\Program Files\CMake\bin;%USERPROFILE%\AppData\Local\Microsoft\WindowsApps;
USERNAME=chloe
OS=Windows_NT
PROCESSOR_IDENTIFIER=Intel64 Family 6 Model 158 Stepping 13, GenuineIntel



---------------  S Y S T E M  ---------------

OS:
 Windows 10 , 64 bit Build 19041 (10.0.19041.804)
OS uptime: 5 days 21:13 hours

CPU: total 6 (initial active 6) (6 cores per cpu, 1 threads per core) family 6 model 158 stepping 13 microcode 0xca, cmov, cx8, fxsr, mmx, sse, sse2, sse3, ssse3, sse4.1, sse4.2, popcnt, vzeroupper, avx, avx2, aes, clmul, erms, 3dnowpref, lzcnt, tsc, tscinvbit, bmi1, bmi2, adx, fma, clflush, clflushopt

Memory: 4k page, system-wide physical 16238M (1232M free)
TotalPageFile size 39561M (AvailPageFile size 5149M)
current process WorkingSet (physical memory assigned to process): 404M, peak: 405M
current process commit charge ("private bytes"): 574M, peak: 574M

vm_info: OpenJDK 64-Bit Server VM (15.0.1+9-18) for windows-amd64 JRE (15.0.1+9-18), built on Sep 15 2020 14:39:31 by "mach5one" with unknown MS VC++:1925

END.
