#
# A fatal error has been detected by the Java Runtime Environment:
#
#  EXCEPTION_ACCESS_VIOLATION (0xc0000005) at pc=0x000001ccc227fea4, pid=8664, tid=10808
#
# JRE version: OpenJDK Runtime Environment (15.0.1+9) (build 15.0.1+9-18)
# Java VM: OpenJDK 64-Bit Server VM (15.0.1+9-18, mixed mode, sharing, tiered, compressed oops, g1 gc, windows-amd64)
# Problematic frame:
# C  0x000001ccc227fea4
#
# No core dump will be written. Minidumps are not enabled by default on client versions of Windows
#
# If you would like to submit a bug report, please visit:
#   https://bugreport.java.com/bugreport/crash.jsp
# The crash happened outside the Java Virtual Machine in native code.
# See problematic frame for where to report the bug.
#

---------------  S U M M A R Y ------------

Command Line: -Djava.library.path=C:\Users\chloe\OneDrive\Documents\Programming\Java\ALFAT\lib\natives -javaagent:C:\Program Files\JetBrains\IntelliJ IDEA Community Edition 2020.1.1\lib\idea_rt.jar=52932:C:\Program Files\JetBrains\IntelliJ IDEA Community Edition 2020.1.1\bin -Dfile.encoding=UTF-8 main.EngineTester tests/Final_Project_Combined_1.asm

Host: Intel(R) Core(TM) i5-9400 CPU @ 2.90GHz, 6 cores, 15G,  Windows 10 , 64 bit Build 19041 (10.0.19041.804)
Time: Thu Mar 11 19:51:34 2021 Eastern Standard Time elapsed time: 4.162127 seconds (0d 0h 0m 4s)

---------------  T H R E A D  ---------------

Current thread (0x000001cc971bf970):  JavaThread "main" [_thread_in_native, id=10808, stack(0x0000008014000000,0x0000008014100000)]

Stack: [0x0000008014000000,0x0000008014100000],  sp=0x00000080140fee00,  free space=1019k
Native frames: (J=compiled Java code, j=interpreted, Vv=VM code, C=native code)
C  0x000001ccc227fea4

Java frames: (J=compiled Java code, j=interpreted, Vv=VM code)
J 2231  org.lwjgl.opengl.GL31C.glDrawArraysInstanced(IIII)V (0 bytes) @ 0x000001cca704b5fe [0x000001cca704b5a0+0x000000000000005e]
J 1975 c1 rendering.flowchartLine.FlowchartLineRenderer.renderToScreen(Lcontrollers/flowchartWindow/FlowchartWindowController;)V (171 bytes) @ 0x000001cc9fcf0aec [0x000001cc9fcefbc0+0x0000000000000f2c]
J 1965 c1 rendering.renderEngine.MasterRenderer.renderScene(Ljava/util/List;Lcontrollers/ApplicationController;)V (151 bytes) @ 0x000001cc9fce2a1c [0x000001cc9fce2860+0x00000000000001bc]
j  main.EngineTester.loop()V+17
j  main.EngineTester.run([Ljava/lang/String;)V+6
j  main.EngineTester.main([Ljava/lang/String;)V+8
v  ~StubRoutines::call_stub

siginfo: EXCEPTION_ACCESS_VIOLATION (0xc0000005), reading address 0x0000000000000000


Register to memory mapping:

RIP=0x000001ccc227fea4 points into unknown readable memory: 8b 3e 8b 6e
RAX=0x000001ccc9f6245c points into unknown readable memory: 00 00 00 00
RBX=0x000001ccbfec0000 points into unknown readable memory: 0x000001ccbc248b60 | 60 8b 24 bc cc 01 00 00
RCX=0x0 is NULL
RDX=0x0000000000000002 is an unknown value
RSP=0x00000080140fee00 is pointing into the stack for thread: 0x000001cc971bf970
RBP=0x0 is NULL
RSI=0x0 is NULL
RDI=0x0 is NULL
R8 =0x0 is NULL
R9 =0x0000000000000002 is an unknown value
R10=0x000001ccbc842200 points into unknown readable memory: 0x0100100400000009 | 09 00 00 00 04 10 00 01
R11=0x0 is NULL
R12=0x0 is NULL
R13=0x0 is NULL
R14=0x0000000000000001 is an unknown value
R15=0x000001ccc9f6245c points into unknown readable memory: 00 00 00 00


Registers:
RAX=0x000001ccc9f6245c, RBX=0x000001ccbfec0000, RCX=0x0000000000000000, RDX=0x0000000000000002
RSP=0x00000080140fee00, RBP=0x0000000000000000, RSI=0x0000000000000000, RDI=0x0000000000000000
R8 =0x0000000000000000, R9 =0x0000000000000002, R10=0x000001ccbc842200, R11=0x0000000000000000
R12=0x0000000000000000, R13=0x0000000000000000, R14=0x0000000000000001, R15=0x000001ccc9f6245c
RIP=0x000001ccc227fea4, EFLAGS=0x0000000000010246

Top of Stack: (sp=0x00000080140fee00)
0x00000080140fee00:   00000000078d24ac 0000000000000000
0x00000080140fee10:   0000000000000002 000001ccbfec0000
0x00000080140fee20:   000001ccbc842200 00007ffcce2824ce
0x00000080140fee30:   000001ccbfec0000 000001ccbc842200
0x00000080140fee40:   0000000000000002 000001ccbfec0000
0x00000080140fee50:   000001cc00000028 00007ffcce254b51
0x00000080140fee60:   0000000000004102 000001cccc9ea018
0x00000080140fee70:   0000000000000002 0000000000000000
0x00000080140fee80:   0000000000000001 0000000000000007
0x00000080140fee90:   000001ccbfec0000 00007ffcce27e0a6
0x00000080140feea0:   0000000000000002 0000000000000000
0x00000080140feeb0:   00000000e1c23a32 0000000000000000
0x00000080140feec0:   000001cccc9ea018 00007ffcce28b097
0x00000080140feed0:   0000000000004102 00c0000000000000
0x00000080140feee0:   0000000000000001 0000000000000000
0x00000080140feef0:   0000000000000001 00007ffccddfccbc 

Instructions: (pc=0x000001ccc227fea4)
0x000001ccc227fda4:   00 00 00 00 00 00 00 00 00 00 00 00 00 00 00 00
0x000001ccc227fdb4:   00 00 00 00 00 00 00 00 00 00 00 00 00 00 00 00
0x000001ccc227fdc4:   00 00 00 00 00 00 00 00 00 00 00 00 00 00 00 00
0x000001ccc227fdd4:   00 00 00 00 00 00 00 00 00 00 00 00 00 00 00 00
0x000001ccc227fde4:   00 00 00 00 00 00 00 00 00 00 00 00 00 00 00 00
0x000001ccc227fdf4:   00 00 00 00 00 00 00 00 00 00 00 00 00 00 00 00
0x000001ccc227fe04:   00 00 00 00 00 00 00 00 00 00 00 00 00 00 00 00
0x000001ccc227fe14:   00 00 00 00 00 00 00 00 00 00 00 00 00 00 00 00
0x000001ccc227fe24:   00 00 00 00 00 00 00 00 00 00 00 00 00 00 00 00
0x000001ccc227fe34:   00 00 00 00 00 ff ff ff 00 fe 00 00 48 83 ec 28
0x000001ccc227fe44:   48 89 6c 24 20 48 89 5c 24 18 48 89 74 24 10 48
0x000001ccc227fe54:   89 7c 24 08 48 8b d9 48 8b c2 49 8b c8 49 8b d1
0x000001ccc227fe64:   48 be 00 8d f1 bf cc 01 00 00 48 8b 36 48 8b b6
0x000001ccc227fe74:   08 03 00 00 48 8d 34 ce 8b 3e 8b 6e 04 89 38 89
0x000001ccc227fe84:   68 04 48 be 00 8d f1 bf cc 01 00 00 48 8b 36 48
0x000001ccc227fe94:   8b b6 38 03 00 00 48 8b f9 48 c1 e7 04 48 03 f7
0x000001ccc227fea4:   8b 3e 8b 6e 04 89 78 08 89 68 0c 8b 7e 08 8b 6e
0x000001ccc227feb4:   0c 89 78 10 89 68 14 48 be 00 8d f1 bf cc 01 00
0x000001ccc227fec4:   00 48 8b 36 48 8b b6 68 03 00 00 48 8b f9 48 c1
0x000001ccc227fed4:   e7 04 48 03 f7 8b 3e 8b 6e 04 89 78 18 89 68 1c
0x000001ccc227fee4:   8b 7e 08 8b 6e 0c 89 78 20 89 68 24 48 83 c0 28
0x000001ccc227fef4:   ff c1 ff ca 0f 85 66 ff ff ff 48 8b 7c 24 08 48
0x000001ccc227ff04:   8b 74 24 10 48 8b 5c 24 18 48 8b 6c 24 20 48 83
0x000001ccc227ff14:   c4 28 c3 48 83 ec 28 48 83 c4 28 c3 00 00 00 00
0x000001ccc227ff24:   00 00 00 00 00 00 00 00 00 00 00 00 00 00 00 00
0x000001ccc227ff34:   00 00 00 00 80 ff ff ff 00 01 00 00 55 48 8b ec
0x000001ccc227ff44:   53 56 57 4c 8b da 4c 8b d1 49 8b f2 49 8b fb 41
0x000001ccc227ff54:   8b e8 85 ed 0f 84 30 00 00 00 b9 04 00 00 00 0f
0x000001ccc227ff64:   8f 05 00 00 00 48 f7 d9 f7 dd 8b 1e 48 03 f1 48
0x000001ccc227ff74:   83 c7 04 8b c3 81 e3 ff ff ff 00 81 e0 00 00 00
0x000001ccc227ff84:   ff 0b d8 ff cd 89 5f fc 75 e0 5f 5e 5b 5d c3 00
0x000001ccc227ff94:   00 00 00 00 00 00 00 00 00 00 00 00 00 00 00 00 


Stack slot to memory mapping:
stack at sp + 0 slots: 0x00000000078d24ac is an unknown value
stack at sp + 1 slots: 0x0 is NULL
stack at sp + 2 slots: 0x0000000000000002 is an unknown value
stack at sp + 3 slots: 0x000001ccbfec0000 points into unknown readable memory: 0x000001ccbc248b60 | 60 8b 24 bc cc 01 00 00
stack at sp + 4 slots: 0x000001ccbc842200 points into unknown readable memory: 0x0100100400000009 | 09 00 00 00 04 10 00 01
stack at sp + 5 slots: 0x00007ffcce2824ce nvoglv64.dll
stack at sp + 6 slots: 0x000001ccbfec0000 points into unknown readable memory: 0x000001ccbc248b60 | 60 8b 24 bc cc 01 00 00
stack at sp + 7 slots: 0x000001ccbc842200 points into unknown readable memory: 0x0100100400000009 | 09 00 00 00 04 10 00 01


---------------  P R O C E S S  ---------------

Threads class SMR info:
_java_thread_list=0x000001ccbc77c0c0, length=12, elements={
0x000001cc971bf970, 0x000001ccba3fed10, 0x000001ccba3ff8e0, 0x000001ccba419b70,
0x000001ccba41c440, 0x000001ccba41cef0, 0x000001ccba41dd80, 0x000001ccba41e920,
0x000001ccbad22480, 0x000001ccbae35610, 0x000001ccbb0329d0, 0x000001ccbae99080
}

Java Threads: ( => current thread )
=>0x000001cc971bf970 JavaThread "main" [_thread_in_native, id=10808, stack(0x0000008014000000,0x0000008014100000)]
  0x000001ccba3fed10 JavaThread "Reference Handler" daemon [_thread_blocked, id=1500, stack(0x0000008014700000,0x0000008014800000)]
  0x000001ccba3ff8e0 JavaThread "Finalizer" daemon [_thread_blocked, id=7936, stack(0x0000008014800000,0x0000008014900000)]
  0x000001ccba419b70 JavaThread "Signal Dispatcher" daemon [_thread_blocked, id=11004, stack(0x0000008014900000,0x0000008014a00000)]
  0x000001ccba41c440 JavaThread "Attach Listener" daemon [_thread_blocked, id=12136, stack(0x0000008014a00000,0x0000008014b00000)]
  0x000001ccba41cef0 JavaThread "Service Thread" daemon [_thread_blocked, id=6384, stack(0x0000008014b00000,0x0000008014c00000)]
  0x000001ccba41dd80 JavaThread "C2 CompilerThread0" daemon [_thread_blocked, id=9600, stack(0x0000008014c00000,0x0000008014d00000)]
  0x000001ccba41e920 JavaThread "C1 CompilerThread0" daemon [_thread_blocked, id=13912, stack(0x0000008014d00000,0x0000008014e00000)]
  0x000001ccbad22480 JavaThread "Sweeper thread" daemon [_thread_blocked, id=13820, stack(0x0000008014e00000,0x0000008014f00000)]
  0x000001ccbae35610 JavaThread "Common-Cleaner" daemon [_thread_blocked, id=3828, stack(0x0000008014f00000,0x0000008015000000)]
  0x000001ccbb0329d0 JavaThread "Monitor Ctrl-Break" daemon [_thread_in_native, id=4160, stack(0x0000008015000000,0x0000008015100000)]
  0x000001ccbae99080 JavaThread "Notification Thread" daemon [_thread_blocked, id=12180, stack(0x0000008015100000,0x0000008015200000)]

Other Threads:
  0x000001ccba3fa140 VMThread "VM Thread" [stack: 0x0000008014600000,0x0000008014700000] [id=8924]
  0x000001ccbb178910 WatcherThread [stack: 0x0000008015200000,0x0000008015300000] [id=1988]
  0x000001cc97210870 GCTaskThread "GC Thread#0" [stack: 0x0000008014100000,0x0000008014200000] [id=7696]
  0x000001ccbb329e60 GCTaskThread "GC Thread#1" [stack: 0x0000008015400000,0x0000008015500000] [id=6584]
  0x000001ccbb32ab20 GCTaskThread "GC Thread#2" [stack: 0x0000008015500000,0x0000008015600000] [id=3668]
  0x000001ccbb32a7f0 GCTaskThread "GC Thread#3" [stack: 0x0000008015600000,0x0000008015700000] [id=1508]
  0x000001ccbb329800 GCTaskThread "GC Thread#4" [stack: 0x0000008015700000,0x0000008015800000] [id=5820]
  0x000001ccbb32b180 GCTaskThread "GC Thread#5" [stack: 0x0000008015800000,0x0000008015900000] [id=5788]
  0x000001cc97221780 ConcurrentGCThread "G1 Main Marker" [stack: 0x0000008014200000,0x0000008014300000] [id=8588]
  0x000001cc97222370 ConcurrentGCThread "G1 Conc#0" [stack: 0x0000008014300000,0x0000008014400000] [id=7888]
  0x000001cc9728ea20 ConcurrentGCThread "G1 Refine#0" [stack: 0x0000008014400000,0x0000008014500000] [id=7716]
  0x000001ccba282770 ConcurrentGCThread "G1 Young RemSet Sampling" [stack: 0x0000008014500000,0x0000008014600000] [id=6824]

Threads with active compile tasks:

VM state: not at safepoint (normal execution)

VM Mutex/Monitor currently owned by a thread: None

Heap address: 0x0000000702400000, size: 4060 MB, Compressed Oops mode: Zero based, Oop shift amount: 3
CDS archive(s) mapped at: [0x0000000800000000-0x0000000800b50000-0x0000000800b50000), size 11862016, SharedBaseAddress: 0x0000000800000000, ArchiveRelocationMode: 0.
Compressed class space mapped at: 0x0000000800b50000-0x0000000840b50000, size: 1073741824
Narrow klass base: 0x0000000800000000, Narrow klass shift: 3, Narrow klass range: 0x100000000

GC Precious Log:
 CPUs: 6 total, 6 available
 Memory: 16238M
 Large Page Support: Disabled
 NUMA Support: Disabled
 Compressed Oops: Enabled (Zero based)
 Heap Region Size: 2M
 Heap Min Capacity: 8M
 Heap Initial Capacity: 254M
 Heap Max Capacity: 4060M
 Pre-touch: Disabled
 Parallel Workers: 6
 Concurrent Workers: 2
 Concurrent Refinement Workers: 6
 Periodic GC: Disabled

Heap:
 garbage-first heap   total 260096K, used 84771K [0x0000000702400000, 0x0000000800000000)
  region size 2048K, 41 young (83968K), 8 survivors (16384K)
 Metaspace       used 12883K, capacity 14156K, committed 14336K, reserved 1062912K
  class space    used 1019K, capacity 1190K, committed 1280K, reserved 1048576K

Heap Regions: E=young(eden), S=young(survivor), O=old, HS=humongous(starts), HC=humongous(continues), CS=collection set, F=free, OA=open archive, CA=closed archive, TAMS=top-at-mark-start (previous, next)
|   0|0x0000000702400000, 0x0000000702600000, 0x0000000702600000|100%| O|  |TAMS 0x0000000702400000, 0x0000000702400000| Untracked 
|   1|0x0000000702600000, 0x00000007027f4c00, 0x0000000702800000| 97%| O|  |TAMS 0x0000000702600000, 0x0000000702600000| Untracked 
|   2|0x0000000702800000, 0x0000000702800000, 0x0000000702a00000|  0%| F|  |TAMS 0x0000000702800000, 0x0000000702800000| Untracked 
|   3|0x0000000702a00000, 0x0000000702a00000, 0x0000000702c00000|  0%| F|  |TAMS 0x0000000702a00000, 0x0000000702a00000| Untracked 
|   4|0x0000000702c00000, 0x0000000702c00000, 0x0000000702e00000|  0%| F|  |TAMS 0x0000000702c00000, 0x0000000702c00000| Untracked 
|   5|0x0000000702e00000, 0x0000000702e00000, 0x0000000703000000|  0%| F|  |TAMS 0x0000000702e00000, 0x0000000702e00000| Untracked 
|   6|0x0000000703000000, 0x0000000703000000, 0x0000000703200000|  0%| F|  |TAMS 0x0000000703000000, 0x0000000703000000| Untracked 
|   7|0x0000000703200000, 0x0000000703200000, 0x0000000703400000|  0%| F|  |TAMS 0x0000000703200000, 0x0000000703200000| Untracked 
|   8|0x0000000703400000, 0x0000000703400000, 0x0000000703600000|  0%| F|  |TAMS 0x0000000703400000, 0x0000000703400000| Untracked 
|   9|0x0000000703600000, 0x0000000703600000, 0x0000000703800000|  0%| F|  |TAMS 0x0000000703600000, 0x0000000703600000| Untracked 
|  10|0x0000000703800000, 0x0000000703800000, 0x0000000703a00000|  0%| F|  |TAMS 0x0000000703800000, 0x0000000703800000| Untracked 
|  11|0x0000000703a00000, 0x0000000703a00000, 0x0000000703c00000|  0%| F|  |TAMS 0x0000000703a00000, 0x0000000703a00000| Untracked 
|  12|0x0000000703c00000, 0x0000000703c00000, 0x0000000703e00000|  0%| F|  |TAMS 0x0000000703c00000, 0x0000000703c00000| Untracked 
|  13|0x0000000703e00000, 0x0000000703e00000, 0x0000000704000000|  0%| F|  |TAMS 0x0000000703e00000, 0x0000000703e00000| Untracked 
|  14|0x0000000704000000, 0x0000000704000000, 0x0000000704200000|  0%| F|  |TAMS 0x0000000704000000, 0x0000000704000000| Untracked 
|  15|0x0000000704200000, 0x0000000704200000, 0x0000000704400000|  0%| F|  |TAMS 0x0000000704200000, 0x0000000704200000| Untracked 
|  16|0x0000000704400000, 0x0000000704400000, 0x0000000704600000|  0%| F|  |TAMS 0x0000000704400000, 0x0000000704400000| Untracked 
|  17|0x0000000704600000, 0x0000000704600000, 0x0000000704800000|  0%| F|  |TAMS 0x0000000704600000, 0x0000000704600000| Untracked 
|  18|0x0000000704800000, 0x0000000704800000, 0x0000000704a00000|  0%| F|  |TAMS 0x0000000704800000, 0x0000000704800000| Untracked 
|  19|0x0000000704a00000, 0x0000000704a00000, 0x0000000704c00000|  0%| F|  |TAMS 0x0000000704a00000, 0x0000000704a00000| Untracked 
|  20|0x0000000704c00000, 0x0000000704c00000, 0x0000000704e00000|  0%| F|  |TAMS 0x0000000704c00000, 0x0000000704c00000| Untracked 
|  21|0x0000000704e00000, 0x0000000704e00000, 0x0000000705000000|  0%| F|  |TAMS 0x0000000704e00000, 0x0000000704e00000| Untracked 
|  22|0x0000000705000000, 0x0000000705000000, 0x0000000705200000|  0%| F|  |TAMS 0x0000000705000000, 0x0000000705000000| Untracked 
|  23|0x0000000705200000, 0x0000000705200000, 0x0000000705400000|  0%| F|  |TAMS 0x0000000705200000, 0x0000000705200000| Untracked 
|  24|0x0000000705400000, 0x0000000705400000, 0x0000000705600000|  0%| F|  |TAMS 0x0000000705400000, 0x0000000705400000| Untracked 
|  25|0x0000000705600000, 0x0000000705600000, 0x0000000705800000|  0%| F|  |TAMS 0x0000000705600000, 0x0000000705600000| Untracked 
|  26|0x0000000705800000, 0x0000000705800000, 0x0000000705a00000|  0%| F|  |TAMS 0x0000000705800000, 0x0000000705800000| Untracked 
|  27|0x0000000705a00000, 0x0000000705a00000, 0x0000000705c00000|  0%| F|  |TAMS 0x0000000705a00000, 0x0000000705a00000| Untracked 
|  28|0x0000000705c00000, 0x0000000705c00000, 0x0000000705e00000|  0%| F|  |TAMS 0x0000000705c00000, 0x0000000705c00000| Untracked 
|  29|0x0000000705e00000, 0x0000000705e00000, 0x0000000706000000|  0%| F|  |TAMS 0x0000000705e00000, 0x0000000705e00000| Untracked 
|  30|0x0000000706000000, 0x0000000706000000, 0x0000000706200000|  0%| F|  |TAMS 0x0000000706000000, 0x0000000706000000| Untracked 
|  31|0x0000000706200000, 0x0000000706200000, 0x0000000706400000|  0%| F|  |TAMS 0x0000000706200000, 0x0000000706200000| Untracked 
|  32|0x0000000706400000, 0x0000000706400000, 0x0000000706600000|  0%| F|  |TAMS 0x0000000706400000, 0x0000000706400000| Untracked 
|  33|0x0000000706600000, 0x0000000706600000, 0x0000000706800000|  0%| F|  |TAMS 0x0000000706600000, 0x0000000706600000| Untracked 
|  34|0x0000000706800000, 0x0000000706800000, 0x0000000706a00000|  0%| F|  |TAMS 0x0000000706800000, 0x0000000706800000| Untracked 
|  35|0x0000000706a00000, 0x0000000706a00000, 0x0000000706c00000|  0%| F|  |TAMS 0x0000000706a00000, 0x0000000706a00000| Untracked 
|  36|0x0000000706c00000, 0x0000000706c00000, 0x0000000706e00000|  0%| F|  |TAMS 0x0000000706c00000, 0x0000000706c00000| Untracked 
|  37|0x0000000706e00000, 0x0000000706e00000, 0x0000000707000000|  0%| F|  |TAMS 0x0000000706e00000, 0x0000000706e00000| Untracked 
|  38|0x0000000707000000, 0x0000000707000000, 0x0000000707200000|  0%| F|  |TAMS 0x0000000707000000, 0x0000000707000000| Untracked 
|  39|0x0000000707200000, 0x0000000707200000, 0x0000000707400000|  0%| F|  |TAMS 0x0000000707200000, 0x0000000707200000| Untracked 
|  40|0x0000000707400000, 0x0000000707400000, 0x0000000707600000|  0%| F|  |TAMS 0x0000000707400000, 0x0000000707400000| Untracked 
|  41|0x0000000707600000, 0x0000000707600000, 0x0000000707800000|  0%| F|  |TAMS 0x0000000707600000, 0x0000000707600000| Untracked 
|  42|0x0000000707800000, 0x0000000707800000, 0x0000000707a00000|  0%| F|  |TAMS 0x0000000707800000, 0x0000000707800000| Untracked 
|  43|0x0000000707a00000, 0x0000000707ad41f0, 0x0000000707c00000| 41%| S|CS|TAMS 0x0000000707a00000, 0x0000000707a00000| Complete 
|  44|0x0000000707c00000, 0x0000000707e00000, 0x0000000707e00000|100%| S|CS|TAMS 0x0000000707c00000, 0x0000000707c00000| Complete 
|  45|0x0000000707e00000, 0x0000000707e00000, 0x0000000708000000|  0%| F|  |TAMS 0x0000000707e00000, 0x0000000707e00000| Untracked 
|  46|0x0000000708000000, 0x0000000708000000, 0x0000000708200000|  0%| F|  |TAMS 0x0000000708000000, 0x0000000708000000| Untracked 
|  47|0x0000000708200000, 0x0000000708400000, 0x0000000708400000|100%| S|CS|TAMS 0x0000000708200000, 0x0000000708200000| Complete 
|  48|0x0000000708400000, 0x0000000708600000, 0x0000000708600000|100%| S|CS|TAMS 0x0000000708400000, 0x0000000708400000| Complete 
|  49|0x0000000708600000, 0x0000000708800000, 0x0000000708800000|100%| S|CS|TAMS 0x0000000708600000, 0x0000000708600000| Complete 
|  50|0x0000000708800000, 0x0000000708a00000, 0x0000000708a00000|100%| S|CS|TAMS 0x0000000708800000, 0x0000000708800000| Complete 
|  51|0x0000000708a00000, 0x0000000708a00000, 0x0000000708c00000|  0%| F|  |TAMS 0x0000000708a00000, 0x0000000708a00000| Untracked 
|  52|0x0000000708c00000, 0x0000000708c00000, 0x0000000708e00000|  0%| F|  |TAMS 0x0000000708c00000, 0x0000000708c00000| Untracked 
|  53|0x0000000708e00000, 0x0000000708e00000, 0x0000000709000000|  0%| F|  |TAMS 0x0000000708e00000, 0x0000000708e00000| Untracked 
|  54|0x0000000709000000, 0x0000000709000000, 0x0000000709200000|  0%| F|  |TAMS 0x0000000709000000, 0x0000000709000000| Untracked 
|  55|0x0000000709200000, 0x0000000709400000, 0x0000000709400000|100%| S|CS|TAMS 0x0000000709200000, 0x0000000709200000| Complete 
|  56|0x0000000709400000, 0x0000000709600000, 0x0000000709600000|100%| S|CS|TAMS 0x0000000709400000, 0x0000000709400000| Complete 
|  57|0x0000000709600000, 0x0000000709600000, 0x0000000709800000|  0%| F|  |TAMS 0x0000000709600000, 0x0000000709600000| Untracked 
|  58|0x0000000709800000, 0x0000000709800000, 0x0000000709a00000|  0%| F|  |TAMS 0x0000000709800000, 0x0000000709800000| Untracked 
|  59|0x0000000709a00000, 0x0000000709a00000, 0x0000000709c00000|  0%| F|  |TAMS 0x0000000709a00000, 0x0000000709a00000| Untracked 
|  60|0x0000000709c00000, 0x0000000709c00000, 0x0000000709e00000|  0%| F|  |TAMS 0x0000000709c00000, 0x0000000709c00000| Untracked 
|  61|0x0000000709e00000, 0x0000000709e00000, 0x000000070a000000|  0%| F|  |TAMS 0x0000000709e00000, 0x0000000709e00000| Untracked 
|  62|0x000000070a000000, 0x000000070a000000, 0x000000070a200000|  0%| F|  |TAMS 0x000000070a000000, 0x000000070a000000| Untracked 
|  63|0x000000070a200000, 0x000000070a200000, 0x000000070a400000|  0%| F|  |TAMS 0x000000070a200000, 0x000000070a200000| Untracked 
|  64|0x000000070a400000, 0x000000070a400000, 0x000000070a600000|  0%| F|  |TAMS 0x000000070a400000, 0x000000070a400000| Untracked 
|  65|0x000000070a600000, 0x000000070a600000, 0x000000070a800000|  0%| F|  |TAMS 0x000000070a600000, 0x000000070a600000| Untracked 
|  66|0x000000070a800000, 0x000000070a800000, 0x000000070aa00000|  0%| F|  |TAMS 0x000000070a800000, 0x000000070a800000| Untracked 
|  67|0x000000070aa00000, 0x000000070aa00000, 0x000000070ac00000|  0%| F|  |TAMS 0x000000070aa00000, 0x000000070aa00000| Untracked 
|  68|0x000000070ac00000, 0x000000070ac00000, 0x000000070ae00000|  0%| F|  |TAMS 0x000000070ac00000, 0x000000070ac00000| Untracked 
|  69|0x000000070ae00000, 0x000000070ae00000, 0x000000070b000000|  0%| F|  |TAMS 0x000000070ae00000, 0x000000070ae00000| Untracked 
|  70|0x000000070b000000, 0x000000070b000000, 0x000000070b200000|  0%| F|  |TAMS 0x000000070b000000, 0x000000070b000000| Untracked 
|  71|0x000000070b200000, 0x000000070b200000, 0x000000070b400000|  0%| F|  |TAMS 0x000000070b200000, 0x000000070b200000| Untracked 
|  72|0x000000070b400000, 0x000000070b400000, 0x000000070b600000|  0%| F|  |TAMS 0x000000070b400000, 0x000000070b400000| Untracked 
|  73|0x000000070b600000, 0x000000070b600000, 0x000000070b800000|  0%| F|  |TAMS 0x000000070b600000, 0x000000070b600000| Untracked 
|  74|0x000000070b800000, 0x000000070b800000, 0x000000070ba00000|  0%| F|  |TAMS 0x000000070b800000, 0x000000070b800000| Untracked 
|  75|0x000000070ba00000, 0x000000070ba00000, 0x000000070bc00000|  0%| F|  |TAMS 0x000000070ba00000, 0x000000070ba00000| Untracked 
|  76|0x000000070bc00000, 0x000000070bc00000, 0x000000070be00000|  0%| F|  |TAMS 0x000000070bc00000, 0x000000070bc00000| Untracked 
|  77|0x000000070be00000, 0x000000070be00000, 0x000000070c000000|  0%| F|  |TAMS 0x000000070be00000, 0x000000070be00000| Untracked 
|  78|0x000000070c000000, 0x000000070c000000, 0x000000070c200000|  0%| F|  |TAMS 0x000000070c000000, 0x000000070c000000| Untracked 
|  79|0x000000070c200000, 0x000000070c200000, 0x000000070c400000|  0%| F|  |TAMS 0x000000070c200000, 0x000000070c200000| Untracked 
|  80|0x000000070c400000, 0x000000070c400000, 0x000000070c600000|  0%| F|  |TAMS 0x000000070c400000, 0x000000070c400000| Untracked 
|  81|0x000000070c600000, 0x000000070c600000, 0x000000070c800000|  0%| F|  |TAMS 0x000000070c600000, 0x000000070c600000| Untracked 
|  82|0x000000070c800000, 0x000000070c800000, 0x000000070ca00000|  0%| F|  |TAMS 0x000000070c800000, 0x000000070c800000| Untracked 
|  83|0x000000070ca00000, 0x000000070ca00000, 0x000000070cc00000|  0%| F|  |TAMS 0x000000070ca00000, 0x000000070ca00000| Untracked 
|  84|0x000000070cc00000, 0x000000070cc00000, 0x000000070ce00000|  0%| F|  |TAMS 0x000000070cc00000, 0x000000070cc00000| Untracked 
|  85|0x000000070ce00000, 0x000000070ce00000, 0x000000070d000000|  0%| F|  |TAMS 0x000000070ce00000, 0x000000070ce00000| Untracked 
|  86|0x000000070d000000, 0x000000070d000000, 0x000000070d200000|  0%| F|  |TAMS 0x000000070d000000, 0x000000070d000000| Untracked 
|  87|0x000000070d200000, 0x000000070d200000, 0x000000070d400000|  0%| F|  |TAMS 0x000000070d200000, 0x000000070d200000| Untracked 
|  88|0x000000070d400000, 0x000000070d400000, 0x000000070d600000|  0%| F|  |TAMS 0x000000070d400000, 0x000000070d400000| Untracked 
|  89|0x000000070d600000, 0x000000070d600000, 0x000000070d800000|  0%| F|  |TAMS 0x000000070d600000, 0x000000070d600000| Untracked 
|  90|0x000000070d800000, 0x000000070d800000, 0x000000070da00000|  0%| F|  |TAMS 0x000000070d800000, 0x000000070d800000| Untracked 
|  91|0x000000070da00000, 0x000000070da00000, 0x000000070dc00000|  0%| F|  |TAMS 0x000000070da00000, 0x000000070da00000| Untracked 
|  92|0x000000070dc00000, 0x000000070dc00000, 0x000000070de00000|  0%| F|  |TAMS 0x000000070dc00000, 0x000000070dc00000| Untracked 
|  93|0x000000070de00000, 0x000000070de00000, 0x000000070e000000|  0%| F|  |TAMS 0x000000070de00000, 0x000000070de00000| Untracked 
|  94|0x000000070e000000, 0x000000070e200000, 0x000000070e200000|100%| E|  |TAMS 0x000000070e000000, 0x000000070e000000| Complete 
|  95|0x000000070e200000, 0x000000070e400000, 0x000000070e400000|100%| E|CS|TAMS 0x000000070e200000, 0x000000070e200000| Complete 
|  96|0x000000070e400000, 0x000000070e600000, 0x000000070e600000|100%| E|CS|TAMS 0x000000070e400000, 0x000000070e400000| Complete 
|  97|0x000000070e600000, 0x000000070e800000, 0x000000070e800000|100%| E|CS|TAMS 0x000000070e600000, 0x000000070e600000| Complete 
|  98|0x000000070e800000, 0x000000070ea00000, 0x000000070ea00000|100%| E|CS|TAMS 0x000000070e800000, 0x000000070e800000| Complete 
|  99|0x000000070ea00000, 0x000000070ec00000, 0x000000070ec00000|100%| E|CS|TAMS 0x000000070ea00000, 0x000000070ea00000| Complete 
| 100|0x000000070ec00000, 0x000000070ee00000, 0x000000070ee00000|100%| E|CS|TAMS 0x000000070ec00000, 0x000000070ec00000| Complete 
| 101|0x000000070ee00000, 0x000000070f000000, 0x000000070f000000|100%| E|CS|TAMS 0x000000070ee00000, 0x000000070ee00000| Complete 
| 102|0x000000070f000000, 0x000000070f200000, 0x000000070f200000|100%| E|CS|TAMS 0x000000070f000000, 0x000000070f000000| Complete 
| 103|0x000000070f200000, 0x000000070f400000, 0x000000070f400000|100%| E|CS|TAMS 0x000000070f200000, 0x000000070f200000| Complete 
| 104|0x000000070f400000, 0x000000070f600000, 0x000000070f600000|100%| E|CS|TAMS 0x000000070f400000, 0x000000070f400000| Complete 
| 105|0x000000070f600000, 0x000000070f800000, 0x000000070f800000|100%| E|CS|TAMS 0x000000070f600000, 0x000000070f600000| Complete 
| 106|0x000000070f800000, 0x000000070fa00000, 0x000000070fa00000|100%| E|CS|TAMS 0x000000070f800000, 0x000000070f800000| Complete 
| 107|0x000000070fa00000, 0x000000070fc00000, 0x000000070fc00000|100%| E|CS|TAMS 0x000000070fa00000, 0x000000070fa00000| Complete 
| 108|0x000000070fc00000, 0x000000070fe00000, 0x000000070fe00000|100%| E|CS|TAMS 0x000000070fc00000, 0x000000070fc00000| Complete 
| 109|0x000000070fe00000, 0x0000000710000000, 0x0000000710000000|100%| E|CS|TAMS 0x000000070fe00000, 0x000000070fe00000| Complete 
| 110|0x0000000710000000, 0x0000000710200000, 0x0000000710200000|100%| E|CS|TAMS 0x0000000710000000, 0x0000000710000000| Complete 
| 111|0x0000000710200000, 0x0000000710400000, 0x0000000710400000|100%| E|CS|TAMS 0x0000000710200000, 0x0000000710200000| Complete 
| 112|0x0000000710400000, 0x0000000710600000, 0x0000000710600000|100%| E|CS|TAMS 0x0000000710400000, 0x0000000710400000| Complete 
| 113|0x0000000710600000, 0x0000000710800000, 0x0000000710800000|100%| E|CS|TAMS 0x0000000710600000, 0x0000000710600000| Complete 
| 114|0x0000000710800000, 0x0000000710a00000, 0x0000000710a00000|100%| E|CS|TAMS 0x0000000710800000, 0x0000000710800000| Complete 
| 115|0x0000000710a00000, 0x0000000710c00000, 0x0000000710c00000|100%| E|CS|TAMS 0x0000000710a00000, 0x0000000710a00000| Complete 
| 116|0x0000000710c00000, 0x0000000710e00000, 0x0000000710e00000|100%| E|CS|TAMS 0x0000000710c00000, 0x0000000710c00000| Complete 
| 117|0x0000000710e00000, 0x0000000711000000, 0x0000000711000000|100%| E|CS|TAMS 0x0000000710e00000, 0x0000000710e00000| Complete 
| 118|0x0000000711000000, 0x0000000711200000, 0x0000000711200000|100%| E|CS|TAMS 0x0000000711000000, 0x0000000711000000| Complete 
| 119|0x0000000711200000, 0x0000000711400000, 0x0000000711400000|100%| E|CS|TAMS 0x0000000711200000, 0x0000000711200000| Complete 
| 120|0x0000000711400000, 0x0000000711600000, 0x0000000711600000|100%| E|CS|TAMS 0x0000000711400000, 0x0000000711400000| Complete 
| 121|0x0000000711600000, 0x0000000711800000, 0x0000000711800000|100%| E|CS|TAMS 0x0000000711600000, 0x0000000711600000| Complete 
| 122|0x0000000711800000, 0x0000000711a00000, 0x0000000711a00000|100%| E|CS|TAMS 0x0000000711800000, 0x0000000711800000| Complete 
| 123|0x0000000711a00000, 0x0000000711c00000, 0x0000000711c00000|100%| E|CS|TAMS 0x0000000711a00000, 0x0000000711a00000| Complete 
| 124|0x0000000711c00000, 0x0000000711e00000, 0x0000000711e00000|100%| E|CS|TAMS 0x0000000711c00000, 0x0000000711c00000| Complete 
| 125|0x0000000711e00000, 0x0000000712000000, 0x0000000712000000|100%| E|CS|TAMS 0x0000000711e00000, 0x0000000711e00000| Complete 
| 126|0x0000000712000000, 0x0000000712200000, 0x0000000712200000|100%| E|CS|TAMS 0x0000000712000000, 0x0000000712000000| Complete 

Card table byte_map: [0x000001ccaecf0000,0x000001ccaf4e0000] _byte_map_base: 0x000001ccab4de000

Marking Bits (Prev, Next): (CMBitMap*) 0x000001cc97211060, (CMBitMap*) 0x000001cc972110a0
 Prev Bits: [0x000001ccafcd0000, 0x000001ccb3c40000)
 Next Bits: [0x000001ccb3c40000, 0x000001ccb7bb0000)

Polling page: 0x000001cc969a0000

Metaspace:

Usage:
  Non-class:     12.66 MB capacity,    11.59 MB ( 91%) used,     1.06 MB (  8%) free+waste,    21.94 KB ( <1%) overhead. 
      Class:      1.16 MB capacity,  1019.42 KB ( 86%) used,   163.20 KB ( 14%) free+waste,     7.38 KB ( <1%) overhead. 
       Both:     13.82 MB capacity,    12.58 MB ( 91%) used,     1.21 MB (  9%) free+waste,    29.31 KB ( <1%) overhead. 

Virtual space:
  Non-class space:       14.00 MB reserved,      12.75 MB ( 91%) committed 
      Class space:        1.00 GB reserved,       1.25 MB ( <1%) committed 
             Both:        1.01 GB reserved,      14.00 MB (  1%) committed 

Chunk freelists:
   Non-Class:  90.00 KB
       Class:  26.00 KB
        Both:  116.00 KB

MaxMetaspaceSize: 17179869184.00 GB
CompressedClassSpaceSize: 1.00 GB

CodeHeap 'non-profiled nmethods': size=120000Kb used=1605Kb max_used=1605Kb free=118394Kb
 bounds [0x000001cca6ec0000, 0x000001cca7130000, 0x000001ccae3f0000]
CodeHeap 'profiled nmethods': size=120000Kb used=4370Kb max_used=4370Kb free=115629Kb
 bounds [0x000001cc9f990000, 0x000001cc9fde0000, 0x000001cca6ec0000]
CodeHeap 'non-nmethods': size=5760Kb used=1654Kb max_used=1728Kb free=4105Kb
 bounds [0x000001cc9f3f0000, 0x000001cc9f660000, 0x000001cc9f990000]
 total_blobs=3323 nmethods=2260 adapters=976
 compilation: enabled
              stopped_count=0, restarted_count=0
 full_count=0

Compilation events (20 events):
Event: 3.800 Thread 0x000001ccba41e920 2252       3       gui.windows.GUIWindow::render (16 bytes)
Event: 3.800 Thread 0x000001ccba41e920 nmethod 2252 0x000001cc9fdccc10 code [0x000001cc9fdccdc0, 0x000001cc9fdccf28]
Event: 3.800 Thread 0x000001ccba41e920 2254       3       rendering.filledBox.FilledBoxRenderer::renderGUIElements (107 bytes)
Event: 3.800 Thread 0x000001ccba41dd80 2255       4       controllers.flowchartWindow.FlowchartTextBoxController::getBackgroundColor (4 bytes)
Event: 3.800 Thread 0x000001ccba41dd80 nmethod 2255 0x000001cca704f590 code [0x000001cca704f700, 0x000001cca704f758]
Event: 3.800 Thread 0x000001ccba41dd80 2256       4       controllers.flowchartWindow.FlowchartTextBoxController::getTextNumberBackgroundColor (4 bytes)
Event: 3.800 Thread 0x000001ccba41dd80 nmethod 2256 0x000001cca704f890 code [0x000001cca704fa00, 0x000001cca704fa58]
Event: 3.801 Thread 0x000001ccba41e920 nmethod 2254 0x000001cc9fdcd010 code [0x000001cc9fdcd420, 0x000001cc9fdced88]
Event: 3.801 Thread 0x000001ccba41e920 2253       3       rendering.renderEngine.GUIElementRenderer::renderGUIElements (39 bytes)
Event: 3.801 Thread 0x000001ccba41e920 nmethod 2253 0x000001cc9fdcf890 code [0x000001cc9fdcfa80, 0x000001cc9fdcfd98]
Event: 3.837 Thread 0x000001ccba41dd80 2257       4       java.io.ByteArrayOutputStream::ensureCapacity (32 bytes)
Event: 3.839 Thread 0x000001ccba41dd80 nmethod 2257 0x000001cca704fb90 code [0x000001cca704fd20, 0x000001cca70500f8]
Event: 3.936 Thread 0x000001ccba41dd80 2258       4       rendering.shaders.uniforms.UniformBoolean::loadBoolean (42 bytes)
Event: 3.936 Thread 0x000001ccba41dd80 nmethod 2258 0x000001cca7050290 code [0x000001cca7050440, 0x000001cca7050508]
Event: 3.958 Thread 0x000001ccba41e920 2259       3       rendering.text.FontRenderer::renderGUIElements (127 bytes)
Event: 3.959 Thread 0x000001ccba41e920 nmethod 2259 0x000001cc9fdcff90 code [0x000001cc9fdd0320, 0x000001cc9fdd1c18]
Event: 3.959 Thread 0x000001ccba41e920 2260       3       rendering.cursor.CursorRenderer::renderGUIElements (149 bytes)
Event: 3.959 Thread 0x000001ccba41e920 nmethod 2260 0x000001cc9fdd2410 code [0x000001cc9fdd2820, 0x000001cc9fdd40f8]
Event: 4.069 Thread 0x000001ccba41dd80 2261       4       java.util.StringTokenizer::nextToken (92 bytes)
Event: 4.077 Thread 0x000001ccba41dd80 nmethod 2261 0x000001cca7050610 code [0x000001cca70507e0, 0x000001cca70510c8]

GC Heap History (10 events):
Event: 0.294 GC heap before
{Heap before GC invocations=0 (full 0):
 garbage-first heap   total 260096K, used 20480K [0x0000000702400000, 0x0000000800000000)
  region size 2048K, 10 young (20480K), 0 survivors (0K)
 Metaspace       used 4337K, capacity 7309K, committed 7424K, reserved 1056768K
  class space    used 387K, capacity 665K, committed 768K, reserved 1048576K
}
Event: 0.296 GC heap after
{Heap after GC invocations=1 (full 0):
 garbage-first heap   total 260096K, used 2734K [0x0000000702400000, 0x0000000800000000)
  region size 2048K, 2 young (4096K), 2 survivors (4096K)
 Metaspace       used 4337K, capacity 7309K, committed 7424K, reserved 1056768K
  class space    used 387K, capacity 665K, committed 768K, reserved 1048576K
}
Event: 0.894 GC heap before
{Heap before GC invocations=1 (full 0):
 garbage-first heap   total 260096K, used 29358K [0x0000000702400000, 0x0000000800000000)
  region size 2048K, 16 young (32768K), 2 survivors (4096K)
 Metaspace       used 11934K, capacity 13570K, committed 13696K, reserved 1062912K
  class space    used 956K, capacity 1145K, committed 1152K, reserved 1048576K
}
Event: 0.896 GC heap after
{Heap after GC invocations=2 (full 0):
 garbage-first heap   total 260096K, used 4201K [0x0000000702400000, 0x0000000800000000)
  region size 2048K, 1 young (2048K), 1 survivors (2048K)
 Metaspace       used 11934K, capacity 13570K, committed 13696K, reserved 1062912K
  class space    used 956K, capacity 1145K, committed 1152K, reserved 1048576K
}
Event: 1.318 GC heap before
{Heap before GC invocations=2 (full 0):
 garbage-first heap   total 260096K, used 155753K [0x0000000702400000, 0x0000000800000000)
  region size 2048K, 76 young (155648K), 1 survivors (2048K)
 Metaspace       used 12374K, capacity 13700K, committed 13952K, reserved 1062912K
  class space    used 982K, capacity 1147K, committed 1152K, reserved 1048576K
}
Event: 1.322 GC heap after
{Heap after GC invocations=3 (full 0):
 garbage-first heap   total 260096K, used 9203K [0x0000000702400000, 0x0000000800000000)
  region size 2048K, 4 young (8192K), 4 survivors (8192K)
 Metaspace       used 12374K, capacity 13700K, committed 13952K, reserved 1062912K
  class space    used 982K, capacity 1147K, committed 1152K, reserved 1048576K
}
Event: 2.940 GC heap before
{Heap before GC invocations=3 (full 0):
 garbage-first heap   total 260096K, used 156659K [0x0000000702400000, 0x0000000800000000)
  region size 2048K, 76 young (155648K), 4 survivors (8192K)
 Metaspace       used 12576K, capacity 13867K, committed 14080K, reserved 1062912K
  class space    used 996K, capacity 1158K, committed 1280K, reserved 1048576K
}
Event: 2.944 GC heap after
{Heap after GC invocations=4 (full 0):
 garbage-first heap   total 260096K, used 13704K [0x0000000702400000, 0x0000000800000000)
  region size 2048K, 6 young (12288K), 6 survivors (12288K)
 Metaspace       used 12576K, capacity 13867K, committed 14080K, reserved 1062912K
  class space    used 996K, capacity 1158K, committed 1280K, reserved 1048576K
}
Event: 3.148 GC heap before
{Heap before GC invocations=4 (full 0):
 garbage-first heap   total 260096K, used 157064K [0x0000000702400000, 0x0000000800000000)
  region size 2048K, 76 young (155648K), 6 survivors (12288K)
 Metaspace       used 12584K, capacity 13867K, committed 14080K, reserved 1062912K
  class space    used 996K, capacity 1158K, committed 1280K, reserved 1048576K
}
Event: 3.152 GC heap after
{Heap after GC invocations=5 (full 0):
 garbage-first heap   total 260096K, used 19235K [0x0000000702400000, 0x0000000800000000)
  region size 2048K, 8 young (16384K), 8 survivors (16384K)
 Metaspace       used 12584K, capacity 13867K, committed 14080K, reserved 1062912K
  class space    used 996K, capacity 1158K, committed 1280K, reserved 1048576K
}

Deoptimization events (20 events):
Event: 3.447 Thread 0x000001cc971bf970 Uncommon trap: trap_request=0xffffff45 fr.pc=0x000001cca6fff220 relative=0x0000000000000820
Event: 3.447 Thread 0x000001cc971bf970 Uncommon trap: reason=unstable_if action=reinterpret pc=0x000001cca6fff220 method=rendering.shaders.uniforms.UniformBoolean.loadBoolean(Z)V @ 4 c2
Event: 3.447 Thread 0x000001cc971bf970 DEOPT PACKING pc=0x000001cca6fff220 sp=0x00000080140feee0
Event: 3.447 Thread 0x000001cc971bf970 DEOPT UNPACKING pc=0x000001cc9f43e42f sp=0x00000080140fee48 mode 2
Event: 3.451 Thread 0x000001cc971bf970 Uncommon trap: trap_request=0xffffffde fr.pc=0x000001cca6ff53c0 relative=0x00000000000009c0
Event: 3.451 Thread 0x000001cc971bf970 Uncommon trap: reason=class_check action=maybe_recompile pc=0x000001cca6ff53c0 method=rendering.textLines.TextLineRenderer.renderToScreen(Lcontrollers/TextLineController;Lcontrollers/flowchartWindow/FlowchartWindowController;Lcontrollers/codeWindow/CodeWi
Event: 3.451 Thread 0x000001cc971bf970 DEOPT PACKING pc=0x000001cca6ff53c0 sp=0x00000080140ff010
Event: 3.451 Thread 0x000001cc971bf970 DEOPT UNPACKING pc=0x000001cc9f43e42f sp=0x00000080140fefd0 mode 2
Event: 3.456 Thread 0x000001cc971bf970 Uncommon trap: trap_request=0xffffffde fr.pc=0x000001cca6ff53c0 relative=0x00000000000009c0
Event: 3.456 Thread 0x000001cc971bf970 Uncommon trap: reason=class_check action=maybe_recompile pc=0x000001cca6ff53c0 method=rendering.textLines.TextLineRenderer.renderToScreen(Lcontrollers/TextLineController;Lcontrollers/flowchartWindow/FlowchartWindowController;Lcontrollers/codeWindow/CodeWi
Event: 3.456 Thread 0x000001cc971bf970 DEOPT PACKING pc=0x000001cca6ff53c0 sp=0x00000080140ff010
Event: 3.456 Thread 0x000001cc971bf970 DEOPT UNPACKING pc=0x000001cc9f43e42f sp=0x00000080140fefd0 mode 2
Event: 3.460 Thread 0x000001cc971bf970 Uncommon trap: trap_request=0xffffffde fr.pc=0x000001cca6ff53c0 relative=0x00000000000009c0
Event: 3.460 Thread 0x000001cc971bf970 Uncommon trap: reason=class_check action=maybe_recompile pc=0x000001cca6ff53c0 method=rendering.textLines.TextLineRenderer.renderToScreen(Lcontrollers/TextLineController;Lcontrollers/flowchartWindow/FlowchartWindowController;Lcontrollers/codeWindow/CodeWi
Event: 3.460 Thread 0x000001cc971bf970 DEOPT PACKING pc=0x000001cca6ff53c0 sp=0x00000080140ff010
Event: 3.460 Thread 0x000001cc971bf970 DEOPT UNPACKING pc=0x000001cc9f43e42f sp=0x00000080140fefd0 mode 2
Event: 3.468 Thread 0x000001cc971bf970 Uncommon trap: trap_request=0xffffffde fr.pc=0x000001cca6ff2f40 relative=0x0000000000000800
Event: 3.468 Thread 0x000001cc971bf970 Uncommon trap: reason=class_check action=maybe_recompile pc=0x000001cca6ff2f40 method=rendering.textLines.TextLineRenderer.renderToScreen(Lcontrollers/TextLineController;Lcontrollers/flowchartWindow/FlowchartWindowController;Lcontrollers/codeWindow/CodeWi
Event: 3.468 Thread 0x000001cc971bf970 DEOPT PACKING pc=0x000001cca6ff2f40 sp=0x00000080140ff010
Event: 3.468 Thread 0x000001cc971bf970 DEOPT UNPACKING pc=0x000001cc9f43e42f sp=0x00000080140fefd0 mode 2

Classes unloaded (0 events):
No events

Classes redefined (0 events):
No events

Internal exceptions (20 events):
Event: 0.395 Thread 0x000001cc971bf970 Exception <a 'java/lang/NoSuchMethodError'{0x000000071183e340}: 'java.lang.Object java.lang.invoke.DirectMethodHandle$Holder.invokeSpecial(java.lang.Object, java.lang.Object, long, java.lang.Object, java.lang.Object, java.lang.Object, java.lang.Object, java.lang.Object, java.lang.Object, java.lang.Object, java.lang.Object, java.lang.Object, java.lang.Object, java.lang.Object, java.lang.Object, java.lang.Object, java.lang.Object)'> (0x000000071183e340) 
thrown [./open/src/hotspot/share/interpreter/linkResol
Event: 0.395 Thread 0x000001cc971bf970 Exception <a 'java/lang/NoSuchMethodError'{0x0000000711843440}: 'java.lang.Object java.lang.invoke.DelegatingMethodHandle$Holder.reinvoke_L(java.lang.Object, long, java.lang.Object, java.lang.Object, java.lang.Object, java.lang.Object, java.lang.Object, java.lang.Object, java.lang.Object, java.lang.Object, java.lang.Object, java.lang.Object, java.lang.Object, java.lang.Object, java.lang.Object, java.lang.Object)'> (0x0000000711843440) 
thrown [./open/src/hotspot/share/interpreter/linkResolver.cpp, line 782
Event: 0.397 Thread 0x000001cc971bf970 Exception <a 'java/lang/NoSuchMethodError'{0x00000007118692f0}: 'java.lang.Object java.lang.invoke.DirectMethodHandle$Holder.invokeSpecial(java.lang.Object, java.lang.Object, java.lang.Object, java.lang.Object, java.lang.Object, java.lang.Object, java.lang.Object, java.lang.Object, java.lang.Object, java.lang.Object, java.lang.Object, java.lang.Object, java.lang.Object, java.lang.Object, java.lang.Object, java.lang.Object)'> (0x00000007118692f0) 
thrown [./open/src/hotspot/share/interpreter/linkResolver.cp
Event: 0.397 Thread 0x000001cc971bf970 Exception <a 'java/lang/NoSuchMethodError'{0x000000071186e680}: 'java.lang.Object java.lang.invoke.Invokers$Holder.linkToTargetMethod(java.lang.Object, java.lang.Object, java.lang.Object, java.lang.Object, java.lang.Object, java.lang.Object, java.lang.Object, java.lang.Object, java.lang.Object, java.lang.Object, java.lang.Object, java.lang.Object, java.lang.Object, java.lang.Object, java.lang.Object)'> (0x000000071186e680) 
thrown [./open/src/hotspot/share/interpreter/linkResolver.cpp, line 782]
Event: 0.412 Thread 0x000001cc971bf970 Exception <a 'java/lang/NoSuchMethodError'{0x000000071194b708}: 'java.lang.Object java.lang.invoke.DirectMethodHandle$Holder.invokeStatic(java.lang.Object, java.lang.Object, int)'> (0x000000071194b708) 
thrown [./open/src/hotspot/share/interpreter/linkResolver.cpp, line 782]
Event: 0.412 Thread 0x000001cc971bf970 Exception <a 'java/lang/NoSuchMethodError'{0x0000000711957510}: 'void java.lang.invoke.DelegatingMethodHandle$Holder.delegate(java.lang.Object, java.lang.Object, int, java.lang.Object)'> (0x0000000711957510) 
thrown [./open/src/hotspot/share/interpreter/linkResolver.cpp, line 782]
Event: 0.412 Thread 0x000001cc971bf970 Exception <a 'java/lang/NoSuchMethodError'{0x000000071195b768}: 'int java.lang.invoke.DirectMethodHandle$Holder.invokeSpecial(java.lang.Object, java.lang.Object, java.lang.Object)'> (0x000000071195b768) 
thrown [./open/src/hotspot/share/interpreter/linkResolver.cpp, line 782]
Event: 0.431 Thread 0x000001cc971bf970 Exception <a 'sun/nio/fs/WindowsException'{0x00000007119c2d48}> (0x00000007119c2d48) 
thrown [./open/src/hotspot/share/prims/jni.cpp, line 578]
Event: 0.432 Thread 0x000001cc971bf970 Exception <a 'sun/nio/fs/WindowsException'{0x00000007119c32a0}> (0x00000007119c32a0) 
thrown [./open/src/hotspot/share/prims/jni.cpp, line 578]
Event: 0.449 Thread 0x000001cc971bf970 Exception <a 'sun/nio/fs/WindowsException'{0x000000071166e038}> (0x000000071166e038) 
thrown [./open/src/hotspot/share/prims/jni.cpp, line 578]
Event: 0.449 Thread 0x000001cc971bf970 Exception <a 'sun/nio/fs/WindowsException'{0x000000071166e3a8}> (0x000000071166e3a8) 
thrown [./open/src/hotspot/share/prims/jni.cpp, line 578]
Event: 0.630 Thread 0x000001cc971bf970 Exception <a 'sun/nio/fs/WindowsException'{0x00000007116d25f0}> (0x00000007116d25f0) 
thrown [./open/src/hotspot/share/prims/jni.cpp, line 578]
Event: 0.630 Thread 0x000001cc971bf970 Exception <a 'sun/nio/fs/WindowsException'{0x00000007116d2780}> (0x00000007116d2780) 
thrown [./open/src/hotspot/share/prims/jni.cpp, line 578]
Event: 0.641 Thread 0x000001cc971bf970 Exception <a 'sun/nio/fs/WindowsException'{0x0000000711714648}> (0x0000000711714648) 
thrown [./open/src/hotspot/share/prims/jni.cpp, line 578]
Event: 0.641 Thread 0x000001cc971bf970 Exception <a 'sun/nio/fs/WindowsException'{0x00000007117149d0}> (0x00000007117149d0) 
thrown [./open/src/hotspot/share/prims/jni.cpp, line 578]
Event: 0.672 Thread 0x000001cc971bf970 Exception <a 'sun/nio/fs/WindowsException'{0x0000000711752380}> (0x0000000711752380) 
thrown [./open/src/hotspot/share/prims/jni.cpp, line 578]
Event: 0.672 Thread 0x000001cc971bf970 Exception <a 'sun/nio/fs/WindowsException'{0x0000000711752730}> (0x0000000711752730) 
thrown [./open/src/hotspot/share/prims/jni.cpp, line 578]
Event: 0.674 Thread 0x000001cc971bf970 Exception <a 'sun/nio/fs/WindowsException'{0x0000000711760f80}> (0x0000000711760f80) 
thrown [./open/src/hotspot/share/prims/jni.cpp, line 578]
Event: 0.674 Thread 0x000001cc971bf970 Exception <a 'sun/nio/fs/WindowsException'{0x0000000711761268}> (0x0000000711761268) 
thrown [./open/src/hotspot/share/prims/jni.cpp, line 578]
Event: 2.909 Thread 0x000001cc971bf970 Exception <a 'sun/nio/fs/WindowsException'{0x0000000709bc7dc8}> (0x0000000709bc7dc8) 
thrown [./open/src/hotspot/share/prims/jni.cpp, line 578]

Events (20 events):
Event: 2.909 loading class sun/nio/fs/WindowsFileCopy
Event: 2.909 loading class sun/nio/fs/WindowsFileCopy done
Event: 2.927 Thread 0x000001ccc77f5430 Thread added: 0x000001ccc77f5430
Event: 2.940 Executing VM operation: G1CollectForAllocation
Event: 2.944 Executing VM operation: G1CollectForAllocation done
Event: 3.147 Executing VM operation: G1CollectForAllocation
Event: 3.152 Executing VM operation: G1CollectForAllocation done
Event: 3.152 Executing VM operation: HandshakeAllThreads
Event: 3.152 Executing VM operation: HandshakeAllThreads done
Event: 3.288 Executing VM operation: HandshakeAllThreads
Event: 3.288 Executing VM operation: HandshakeAllThreads done
Event: 3.351 loading class java/util/ArrayList$SubList$1
Event: 3.351 loading class java/util/ArrayList$SubList$1 done
Event: 3.555 Loaded shared library C:\Users\chloe\AppData\Local\Temp\lwjglchloe\3.2.3-build-13\lwjgl_opengl.dll
Event: 3.572 Loaded shared library C:\Users\chloe\.jdks\openjdk-15.0.1\bin\prefs.dll
Event: 3.635 Thread 0x000001ccc77f5430 Thread exited: 0x000001ccc77f5430
Event: 3.638 Loaded shared library C:\Users\chloe\AppData\Local\Temp\lwjglchloe\3.2.3-build-13\lwjgl_opengl.dll
Event: 3.640 Loaded shared library C:\Users\chloe\AppData\Local\Temp\lwjglchloe\3.2.3-build-13\lwjgl_opengl.dll
Event: 3.656 Loaded shared library C:\Users\chloe\.jdks\openjdk-15.0.1\bin\prefs.dll
Event: 3.659 Loaded shared library C:\Users\chloe\.jdks\openjdk-15.0.1\bin\prefs.dll


Dynamic libraries:
0x00007ff6ff330000 - 0x00007ff6ff33d000 	C:\Users\chloe\.jdks\openjdk-15.0.1\bin\java.exe
0x00007ffd2cd10000 - 0x00007ffd2cf05000 	C:\WINDOWS\SYSTEM32\ntdll.dll
0x00007ffd2cb30000 - 0x00007ffd2cbed000 	C:\WINDOWS\System32\KERNEL32.DLL
0x00007ffd2a8a0000 - 0x00007ffd2ab69000 	C:\WINDOWS\System32\KERNELBASE.dll
0x00007ffd2ac70000 - 0x00007ffd2ad70000 	C:\WINDOWS\System32\ucrtbase.dll
0x00007ffd23c00000 - 0x00007ffd23c18000 	C:\Users\chloe\.jdks\openjdk-15.0.1\bin\jli.dll
0x00007ffd2c230000 - 0x00007ffd2c3d0000 	C:\WINDOWS\System32\USER32.dll
0x00007ffd2a7a0000 - 0x00007ffd2a7c2000 	C:\WINDOWS\System32\win32u.dll
0x00007ffd2c6f0000 - 0x00007ffd2c71a000 	C:\WINDOWS\System32\GDI32.dll
0x00007ffd2a690000 - 0x00007ffd2a79b000 	C:\WINDOWS\System32\gdi32full.dll
0x00007ffd2ab70000 - 0x00007ffd2ac0d000 	C:\WINDOWS\System32\msvcp_win.dll
0x00007ffd23be0000 - 0x00007ffd23bf9000 	C:\Users\chloe\.jdks\openjdk-15.0.1\bin\VCRUNTIME140.dll
0x00007ffd0a050000 - 0x00007ffd0a2ea000 	C:\WINDOWS\WinSxS\amd64_microsoft.windows.common-controls_6595b64144ccf1df_6.0.19041.844_none_ca00b6081b84eb1d\COMCTL32.dll
0x00007ffd2c480000 - 0x00007ffd2c51e000 	C:\WINDOWS\System32\msvcrt.dll
0x00007ffd2b400000 - 0x00007ffd2b430000 	C:\WINDOWS\System32\IMM32.DLL
0x00007ffd25d40000 - 0x00007ffd25d4c000 	C:\Users\chloe\.jdks\openjdk-15.0.1\bin\vcruntime140_1.dll
0x00007ffd17dd0000 - 0x00007ffd17e61000 	C:\Users\chloe\.jdks\openjdk-15.0.1\bin\msvcp140.dll
0x00007ffce4fa0000 - 0x00007ffce5afe000 	C:\Users\chloe\.jdks\openjdk-15.0.1\bin\server\jvm.dll
0x00007ffd2b260000 - 0x00007ffd2b30c000 	C:\WINDOWS\System32\ADVAPI32.dll
0x00007ffd2c520000 - 0x00007ffd2c5bc000 	C:\WINDOWS\System32\sechost.dll
0x00007ffd2b800000 - 0x00007ffd2b92b000 	C:\WINDOWS\System32\RPCRT4.dll
0x00007ffd2c6e0000 - 0x00007ffd2c6e8000 	C:\WINDOWS\System32\PSAPI.DLL
0x00007ffd25c70000 - 0x00007ffd25c79000 	C:\WINDOWS\SYSTEM32\WSOCK32.dll
0x00007ffd2c5c0000 - 0x00007ffd2c62b000 	C:\WINDOWS\System32\WS2_32.dll
0x00007ffd1bff0000 - 0x00007ffd1c017000 	C:\WINDOWS\SYSTEM32\WINMM.dll
0x00007ffd23c90000 - 0x00007ffd23c9a000 	C:\WINDOWS\SYSTEM32\VERSION.dll
0x00007ffd283d0000 - 0x00007ffd283e2000 	C:\WINDOWS\SYSTEM32\kernel.appcore.dll
0x00007ffd23bd0000 - 0x00007ffd23bda000 	C:\Users\chloe\.jdks\openjdk-15.0.1\bin\jimage.dll
0x00007ffd23880000 - 0x00007ffd23a64000 	C:\WINDOWS\SYSTEM32\DBGHELP.DLL
0x00007ffd23a90000 - 0x00007ffd23abc000 	C:\WINDOWS\SYSTEM32\dbgcore.DLL
0x00007ffd2a820000 - 0x00007ffd2a8a0000 	C:\WINDOWS\System32\bcryptPrimitives.dll
0x00007ffd23590000 - 0x00007ffd2359e000 	C:\Users\chloe\.jdks\openjdk-15.0.1\bin\instrument.dll
0x00007ffd22740000 - 0x00007ffd22765000 	C:\Users\chloe\.jdks\openjdk-15.0.1\bin\java.dll
0x00007ffd2bae0000 - 0x00007ffd2c222000 	C:\WINDOWS\System32\SHELL32.dll
0x00007ffd285d0000 - 0x00007ffd28d60000 	C:\WINDOWS\SYSTEM32\windows.storage.dll
0x00007ffd2b440000 - 0x00007ffd2b795000 	C:\WINDOWS\System32\combase.dll
0x00007ffd29ec0000 - 0x00007ffd29eec000 	C:\WINDOWS\SYSTEM32\Wldp.dll
0x00007ffd2c630000 - 0x00007ffd2c6de000 	C:\WINDOWS\System32\SHCORE.dll
0x00007ffd2b370000 - 0x00007ffd2b3c5000 	C:\WINDOWS\System32\shlwapi.dll
0x00007ffd2a390000 - 0x00007ffd2a3af000 	C:\WINDOWS\SYSTEM32\profapi.dll
0x00007ffd20f10000 - 0x00007ffd20f28000 	C:\Users\chloe\.jdks\openjdk-15.0.1\bin\zip.dll
0x00007ffd22720000 - 0x00007ffd22739000 	C:\Users\chloe\.jdks\openjdk-15.0.1\bin\net.dll
0x00007ffd251d0000 - 0x00007ffd252dc000 	C:\WINDOWS\SYSTEM32\WINHTTP.dll
0x00007ffd29c40000 - 0x00007ffd29caa000 	C:\WINDOWS\system32\mswsock.dll
0x00007ffd22700000 - 0x00007ffd22712000 	C:\Users\chloe\.jdks\openjdk-15.0.1\bin\nio.dll
0x00007ffd20ec0000 - 0x00007ffd20eda000 	C:\Program Files\JetBrains\IntelliJ IDEA Community Edition 2020.1.1\bin\breakgen64.dll
0x00007ffd23080000 - 0x00007ffd23090000 	C:\Users\chloe\.jdks\openjdk-15.0.1\bin\verify.dll
0x00007ffd20ef0000 - 0x00007ffd20ef9000 	C:\Users\chloe\.jdks\openjdk-15.0.1\bin\prefs.dll
0x00007ffd1b4f0000 - 0x00007ffd1b554000 	C:\Users\chloe\AppData\Local\Temp\lwjglchloe\3.2.3-build-13\lwjgl.dll
0x00007ffd17eb0000 - 0x00007ffd17f12000 	C:\Users\chloe\AppData\Local\Temp\lwjglchloe\3.2.3-build-13\glfw.dll
0x00007ffd27f10000 - 0x00007ffd27fae000 	C:\WINDOWS\system32\uxtheme.dll
0x00007ffd16b30000 - 0x00007ffd16b75000 	C:\WINDOWS\SYSTEM32\dinput8.dll
0x00007ffd20a40000 - 0x00007ffd20a51000 	C:\WINDOWS\SYSTEM32\xinput1_4.dll
0x00007ffd2a7d0000 - 0x00007ffd2a81e000 	C:\WINDOWS\System32\cfgmgr32.dll
0x00007ffd2a200000 - 0x00007ffd2a22c000 	C:\WINDOWS\SYSTEM32\DEVOBJ.dll
0x00007ffd282c0000 - 0x00007ffd282ef000 	C:\WINDOWS\SYSTEM32\dwmapi.dll
0x00007ffd2b930000 - 0x00007ffd2ba45000 	C:\WINDOWS\System32\MSCTF.dll
0x00007ffd2c720000 - 0x00007ffd2c7ed000 	C:\WINDOWS\System32\OLEAUT32.dll
0x00007ffd15120000 - 0x00007ffd15272000 	C:\WINDOWS\SYSTEM32\inputhost.dll
0x00007ffd27be0000 - 0x00007ffd27cd2000 	C:\WINDOWS\SYSTEM32\CoreMessaging.dll
0x00007ffd26030000 - 0x00007ffd26127000 	C:\WINDOWS\SYSTEM32\PROPSYS.dll
0x00007ffd27120000 - 0x00007ffd27274000 	C:\WINDOWS\SYSTEM32\wintypes.dll
0x00007ffd27880000 - 0x00007ffd27bde000 	C:\WINDOWS\SYSTEM32\CoreUIComponents.dll
0x00007ffd291a0000 - 0x00007ffd291d3000 	C:\WINDOWS\SYSTEM32\ntmarta.dll
0x00007ffd28d60000 - 0x00007ffd28d6d000 	C:\WINDOWS\SYSTEM32\HID.DLL
0x00007ffd2adf0000 - 0x00007ffd2b259000 	C:\WINDOWS\System32\SETUPAPI.DLL
0x00007ffd2a660000 - 0x00007ffd2a687000 	C:\WINDOWS\System32\bcrypt.dll
0x00007ffd2ac10000 - 0x00007ffd2ac70000 	C:\WINDOWS\System32\WINTRUST.dll
0x00007ffd2a500000 - 0x00007ffd2a65f000 	C:\WINDOWS\System32\CRYPT32.dll
0x00007ffd2a040000 - 0x00007ffd2a052000 	C:\WINDOWS\SYSTEM32\MSASN1.dll
0x00007ffd07f00000 - 0x00007ffd08026000 	C:\WINDOWS\SYSTEM32\opengl32.dll
0x00007ffd226b0000 - 0x00007ffd226dc000 	C:\WINDOWS\SYSTEM32\GLU32.dll
0x00007ffd2c3d0000 - 0x00007ffd2c479000 	C:\WINDOWS\System32\clbcatq.dll
0x00007ffccd3f0000 - 0x00007ffccfd81000 	C:\WINDOWS\System32\DriverStore\FileRepository\nvddi.inf_amd64_2db6ac0841aa9814\nvoglv64.dll
0x00007ffd2ca00000 - 0x00007ffd2cb2a000 	C:\WINDOWS\System32\ole32.dll
0x00007ffd254e0000 - 0x00007ffd254f4000 	C:\WINDOWS\SYSTEM32\WTSAPI32.dll
0x00007ffd23c20000 - 0x00007ffd23c51000 	C:\WINDOWS\SYSTEM32\cryptnet.dll
0x00007ffd29e30000 - 0x00007ffd29e3c000 	C:\WINDOWS\SYSTEM32\cryptbase.dll
0x00007ffd126d0000 - 0x00007ffd1270b000 	C:\WINDOWS\SYSTEM32\dxcore.dll
0x00007ffd299f0000 - 0x00007ffd29a3b000 	C:\WINDOWS\SYSTEM32\powrprof.dll
0x00007ffd298c0000 - 0x00007ffd298d2000 	C:\WINDOWS\SYSTEM32\UMPDC.dll
0x00007ffd29210000 - 0x00007ffd2926a000 	C:\WINDOWS\SYSTEM32\WINSTA.dll
0x00007ffd15e70000 - 0x00007ffd15ee7000 	C:\Users\chloe\AppData\Local\Temp\lwjglchloe\3.2.3-build-13\lwjgl_stb.dll
0x00007ffd144a0000 - 0x00007ffd1454e000 	C:\WINDOWS\SYSTEM32\mscms.dll
0x00007ffd15480000 - 0x00007ffd15491000 	C:\WINDOWS\SYSTEM32\ColorAdapterClient.dll
0x00007ffd2a310000 - 0x00007ffd2a33e000 	C:\WINDOWS\SYSTEM32\USERENV.dll
0x00007ffcd9b10000 - 0x00007ffcd9b53000 	C:\WINDOWS\SYSTEM32\icm32.dll
0x00007ffd15aa0000 - 0x00007ffd15b9b000 	C:\WINDOWS\SYSTEM32\textinputframework.dll
0x00007ffd15c40000 - 0x00007ffd15c99000 	C:\Users\chloe\AppData\Local\Temp\lwjglchloe\3.2.3-build-13\lwjgl_opengl.dll

dbghelp: loaded successfully - version: 4.0.5 - missing functions: none
symbol engine: initialized successfully - sym options: 0x614 - pdb path: .;C:\Users\chloe\.jdks\openjdk-15.0.1\bin;C:\WINDOWS\SYSTEM32;C:\WINDOWS\WinSxS\amd64_microsoft.windows.common-controls_6595b64144ccf1df_6.0.19041.844_none_ca00b6081b84eb1d;C:\Users\chloe\.jdks\openjdk-15.0.1\bin\server;C:\Program Files\JetBrains\IntelliJ IDEA Community Edition 2020.1.1\bin;C:\Users\chloe\AppData\Local\Temp\lwjglchloe\3.2.3-build-13;C:\WINDOWS\System32\DriverStore\FileRepository\nvddi.inf_amd64_2db6ac0841aa9814

VM Arguments:
jvm_args: -Djava.library.path=C:\Users\chloe\OneDrive\Documents\Programming\Java\ALFAT\lib\natives -javaagent:C:\Program Files\JetBrains\IntelliJ IDEA Community Edition 2020.1.1\lib\idea_rt.jar=52932:C:\Program Files\JetBrains\IntelliJ IDEA Community Edition 2020.1.1\bin -Dfile.encoding=UTF-8 
java_command: main.EngineTester tests/Final_Project_Combined_1.asm
java_class_path (initial): C:\Users\chloe\AppData\Local\Temp\classpath2106466573.jar
Launcher Type: SUN_STANDARD

[Global flags]
     intx CICompilerCount                          = 3                                         {product} {ergonomic}
     uint ConcGCThreads                            = 2                                         {product} {ergonomic}
     uint G1ConcRefinementThreads                  = 6                                         {product} {ergonomic}
   size_t G1HeapRegionSize                         = 2097152                                   {product} {ergonomic}
    uintx GCDrainStackTargetSize                   = 64                                        {product} {ergonomic}
   size_t InitialHeapSize                          = 266338304                                 {product} {ergonomic}
   size_t MarkStackSize                            = 4194304                                   {product} {ergonomic}
   size_t MaxHeapSize                              = 4257218560                                {product} {ergonomic}
   size_t MaxNewSize                               = 2554331136                                {product} {ergonomic}
   size_t MinHeapDeltaBytes                        = 2097152                                   {product} {ergonomic}
   size_t MinHeapSize                              = 8388608                                   {product} {ergonomic}
    uintx NonNMethodCodeHeapSize                   = 5832780                                {pd product} {ergonomic}
    uintx NonProfiledCodeHeapSize                  = 122912730                              {pd product} {ergonomic}
    uintx ProfiledCodeHeapSize                     = 122912730                              {pd product} {ergonomic}
    uintx ReservedCodeCacheSize                    = 251658240                              {pd product} {ergonomic}
     bool SegmentedCodeCache                       = true                                      {product} {ergonomic}
   size_t SoftMaxHeapSize                          = 4257218560                             {manageable} {ergonomic}
     bool UseCompressedClassPointers               = true                                 {lp64_product} {ergonomic}
     bool UseCompressedOops                        = true                                 {lp64_product} {ergonomic}
     bool UseG1GC                                  = true                                      {product} {ergonomic}
     bool UseLargePagesIndividualAllocation        = false                                  {pd product} {ergonomic}

Logging:
Log output configuration:
 #0: stdout all=warning uptime,level,tags
 #1: stderr all=off uptime,level,tags

Environment Variables:
JAVA_HOME=C:\Program Files\Java\jre1.8.0_251
PATH=C:\VulkanSDK\1.2.170.0\Bin;C:\VulkanSDK\1.2.162.0\Bin;C:\VulkanSDK\1.2.154.1\Bin;C:\Program Files (x86)\Common Files\Oracle\Java\javapath;C:\Windows\system32;C:\Windows;C:\Windows\System32\Wbem;C:\Windows\System32\WindowsPowerShell\v1.0\;C:\Windows\System32\OpenSSH\;C:\Program Files\Git\cmd;C:\Users\chloe\.jdks\openjdk-15.0.1\bin;C:\Program Files (x86)\NVIDIA Corporation\PhysX\Common;C:\Program Files\PuTTY\;;C:\WINDOWS\system32;C:\WINDOWS;C:\WINDOWS\System32\Wbem;C:\WINDOWS\System32\WindowsPowerShell\v1.0\;C:\WINDOWS\System32\OpenSSH\;C:\Users\chloe\AppData\Local\Microsoft\WindowsApps;C:\Users\chloe\AppData\Local\atom\bin;C:\Program Files\CMake\bin;%USERPROFILE%\AppData\Local\Microsoft\WindowsApps;
USERNAME=chloe
OS=Windows_NT
PROCESSOR_IDENTIFIER=Intel64 Family 6 Model 158 Stepping 13, GenuineIntel



---------------  S Y S T E M  ---------------

OS:
 Windows 10 , 64 bit Build 19041 (10.0.19041.804)
OS uptime: 0 days 14:16 hours

CPU: total 6 (initial active 6) (6 cores per cpu, 1 threads per core) family 6 model 158 stepping 13 microcode 0xca, cmov, cx8, fxsr, mmx, sse, sse2, sse3, ssse3, sse4.1, sse4.2, popcnt, vzeroupper, avx, avx2, aes, clmul, erms, 3dnowpref, lzcnt, tsc, tscinvbit, bmi1, bmi2, adx, fma, clflush, clflushopt

Memory: 4k page, system-wide physical 16238M (8580M free)
TotalPageFile size 32477M (AvailPageFile size 18767M)
current process WorkingSet (physical memory assigned to process): 403M, peak: 404M
current process commit charge ("private bytes"): 570M, peak: 572M

vm_info: OpenJDK 64-Bit Server VM (15.0.1+9-18) for windows-amd64 JRE (15.0.1+9-18), built on Sep 15 2020 14:39:31 by "mach5one" with unknown MS VC++:1925

END.
