#
# A fatal error has been detected by the Java Runtime Environment:
#
#  EXCEPTION_ACCESS_VIOLATION (0xc0000005) at pc=0x000001e4fec5fea4, pid=5644, tid=11024
#
# JRE version: OpenJDK Runtime Environment (15.0.1+9) (build 15.0.1+9-18)
# Java VM: OpenJDK 64-Bit Server VM (15.0.1+9-18, mixed mode, sharing, tiered, compressed oops, g1 gc, windows-amd64)
# Problematic frame:
# C  0x000001e4fec5fea4
#
# No core dump will be written. Minidumps are not enabled by default on client versions of Windows
#
# If you would like to submit a bug report, please visit:
#   https://bugreport.java.com/bugreport/crash.jsp
# The crash happened outside the Java Virtual Machine in native code.
# See problematic frame for where to report the bug.
#

---------------  S U M M A R Y ------------

Command Line: -Djava.library.path=C:\Users\chloe\OneDrive\Documents\Programming\Java\ALFAT\lib\natives -javaagent:C:\Program Files\JetBrains\IntelliJ IDEA Community Edition 2020.1.1\lib\idea_rt.jar=52785:C:\Program Files\JetBrains\IntelliJ IDEA Community Edition 2020.1.1\bin -Dfile.encoding=UTF-8 main.EngineTester tests/Final_Project_Combined_1.asm

Host: Intel(R) Core(TM) i5-9400 CPU @ 2.90GHz, 6 cores, 15G,  Windows 10 , 64 bit Build 19041 (10.0.19041.804)
Time: Thu Mar 11 19:29:51 2021 Eastern Standard Time elapsed time: 5.449236 seconds (0d 0h 0m 5s)

---------------  T H R E A D  ---------------

Current thread (0x000001e4d4c1ff00):  JavaThread "main" [_thread_in_native, id=11024, stack(0x000000074ea00000,0x000000074eb00000)]

Stack: [0x000000074ea00000,0x000000074eb00000],  sp=0x000000074eafec30,  free space=1019k
Native frames: (J=compiled Java code, j=interpreted, Vv=VM code, C=native code)
C  0x000001e4fec5fea4

Java frames: (J=compiled Java code, j=interpreted, Vv=VM code)
J 2248  org.lwjgl.opengl.GL31C.glDrawArraysInstanced(IIII)V (0 bytes) @ 0x000001e4e62c15fe [0x000001e4e62c15a0+0x000000000000005e]
J 1970 c1 rendering.flowchartLine.FlowchartLineRenderer.renderToScreen(Lcontrollers/flowchartWindow/FlowchartWindowController;)V (163 bytes) @ 0x000001e4def63cbc [0x000001e4def62e20+0x0000000000000e9c]
J 1956 c1 rendering.renderEngine.MasterRenderer.renderScene(Ljava/util/List;Lcontrollers/ApplicationController;)V (151 bytes) @ 0x000001e4def5531c [0x000001e4def55160+0x00000000000001bc]
j  main.EngineTester.loop()V+17
j  main.EngineTester.run([Ljava/lang/String;)V+6
j  main.EngineTester.main([Ljava/lang/String;)V+8
v  ~StubRoutines::call_stub

siginfo: EXCEPTION_ACCESS_VIOLATION (0xc0000005), reading address 0x0000000000000000


Register to memory mapping:

RIP=0x000001e4fec5fea4 points into unknown readable memory: 8b 3e 8b 6e
RAX=0x000001e489f6245c points into unknown readable memory: 00 00 00 00
RBX=0x000001e4fe8b0000 points into unknown readable memory: 0x000001e4fbb0c070 | 70 c0 b0 fb e4 01 00 00
RCX=0x0 is NULL
RDX=0x0000000000000002 is an unknown value
RSP=0x000000074eafec30 is pointing into the stack for thread: 0x000001e4d4c1ff00
RBP=0x0 is NULL
RSI=0x0 is NULL
RDI=0x0 is NULL
R8 =0x0 is NULL
R9 =0x0000000000000002 is an unknown value
R10=0x000001e4fbd92030 points into unknown readable memory: 0x0100100400000009 | 09 00 00 00 04 10 00 01
R11=0x0 is NULL
R12=0x0 is NULL
R13=0x0 is NULL
R14=0x0000000000000001 is an unknown value
R15=0x000001e489f6245c points into unknown readable memory: 00 00 00 00


Registers:
RAX=0x000001e489f6245c, RBX=0x000001e4fe8b0000, RCX=0x0000000000000000, RDX=0x0000000000000002
RSP=0x000000074eafec30, RBP=0x0000000000000000, RSI=0x0000000000000000, RDI=0x0000000000000000
R8 =0x0000000000000000, R9 =0x0000000000000002, R10=0x000001e4fbd92030, R11=0x0000000000000000
R12=0x0000000000000000, R13=0x0000000000000000, R14=0x0000000000000001, R15=0x000001e489f6245c
RIP=0x000001e4fec5fea4, EFLAGS=0x0000000000010246

Top of Stack: (sp=0x000000074eafec30)
0x000000074eafec30:   00000000078d24ac 0000000000000000
0x000000074eafec40:   0000000000000002 000001e4fe8b0000
0x000000074eafec50:   000001e4fbd92030 00007ffcce2824ce
0x000000074eafec60:   000001e4fe8b0000 000001e4fbd92030
0x000000074eafec70:   0000000000000002 000001e4fe8b0000
0x000000074eafec80:   000001e400000028 00007ffcce254b51
0x000000074eafec90:   0000000000004102 000001e48cf4ac38
0x000000074eafeca0:   0000000000000002 0000000000000000
0x000000074eafecb0:   0000000000000001 0000000000000003
0x000000074eafecc0:   000001e4fe8b0000 00007ffcce27e0a6
0x000000074eafecd0:   0000000000000002 0000000000000000
0x000000074eafece0:   00000004e1f9ddf0 0000000000000000
0x000000074eafecf0:   000001e48cf4ac38 00007ffcce28b097
0x000000074eafed00:   0000000000004102 00c0000000000000
0x000000074eafed10:   0000000000000001 0000000000000000
0x000000074eafed20:   0000000000000001 00007ffccddfccbc 

Instructions: (pc=0x000001e4fec5fea4)
0x000001e4fec5fda4:   00 00 00 00 00 00 00 00 00 00 00 00 00 00 00 00
0x000001e4fec5fdb4:   00 00 00 00 00 00 00 00 00 00 00 00 00 00 00 00
0x000001e4fec5fdc4:   00 00 00 00 00 00 00 00 00 00 00 00 00 00 00 00
0x000001e4fec5fdd4:   00 00 00 00 00 00 00 00 00 00 00 00 00 00 00 00
0x000001e4fec5fde4:   00 00 00 00 00 00 00 00 00 00 00 00 00 00 00 00
0x000001e4fec5fdf4:   00 00 00 00 00 00 00 00 00 00 00 00 00 00 00 00
0x000001e4fec5fe04:   00 00 00 00 00 00 00 00 00 00 00 00 00 00 00 00
0x000001e4fec5fe14:   00 00 00 00 00 00 00 00 00 00 00 00 00 00 00 00
0x000001e4fec5fe24:   00 00 00 00 00 00 00 00 00 00 00 00 00 00 00 00
0x000001e4fec5fe34:   00 00 00 00 00 ff ff ff 00 fe 00 00 48 83 ec 28
0x000001e4fec5fe44:   48 89 6c 24 20 48 89 5c 24 18 48 89 74 24 10 48
0x000001e4fec5fe54:   89 7c 24 08 48 8b d9 48 8b c2 49 8b c8 49 8b d1
0x000001e4fec5fe64:   48 be 00 8d 90 fe e4 01 00 00 48 8b 36 48 8b b6
0x000001e4fec5fe74:   08 03 00 00 48 8d 34 ce 8b 3e 8b 6e 04 89 38 89
0x000001e4fec5fe84:   68 04 48 be 00 8d 90 fe e4 01 00 00 48 8b 36 48
0x000001e4fec5fe94:   8b b6 38 03 00 00 48 8b f9 48 c1 e7 04 48 03 f7
0x000001e4fec5fea4:   8b 3e 8b 6e 04 89 78 08 89 68 0c 8b 7e 08 8b 6e
0x000001e4fec5feb4:   0c 89 78 10 89 68 14 48 be 00 8d 90 fe e4 01 00
0x000001e4fec5fec4:   00 48 8b 36 48 8b b6 68 03 00 00 48 8b f9 48 c1
0x000001e4fec5fed4:   e7 04 48 03 f7 8b 3e 8b 6e 04 89 78 18 89 68 1c
0x000001e4fec5fee4:   8b 7e 08 8b 6e 0c 89 78 20 89 68 24 48 83 c0 28
0x000001e4fec5fef4:   ff c1 ff ca 0f 85 66 ff ff ff 48 8b 7c 24 08 48
0x000001e4fec5ff04:   8b 74 24 10 48 8b 5c 24 18 48 8b 6c 24 20 48 83
0x000001e4fec5ff14:   c4 28 c3 48 83 ec 28 48 83 c4 28 c3 00 00 00 00
0x000001e4fec5ff24:   00 00 00 00 00 00 00 00 00 00 00 00 00 00 00 00
0x000001e4fec5ff34:   00 00 00 00 80 ff ff ff 00 01 00 00 55 48 8b ec
0x000001e4fec5ff44:   53 56 57 4c 8b da 4c 8b d1 49 8b f2 49 8b fb 41
0x000001e4fec5ff54:   8b e8 85 ed 0f 84 30 00 00 00 b9 04 00 00 00 0f
0x000001e4fec5ff64:   8f 05 00 00 00 48 f7 d9 f7 dd 8b 1e 48 03 f1 48
0x000001e4fec5ff74:   83 c7 04 8b c3 81 e3 ff ff ff 00 81 e0 00 00 00
0x000001e4fec5ff84:   ff 0b d8 ff cd 89 5f fc 75 e0 5f 5e 5b 5d c3 00
0x000001e4fec5ff94:   00 00 00 00 00 00 00 00 00 00 00 00 00 00 00 00 


Stack slot to memory mapping:
stack at sp + 0 slots: 0x00000000078d24ac is an unknown value
stack at sp + 1 slots: 0x0 is NULL
stack at sp + 2 slots: 0x0000000000000002 is an unknown value
stack at sp + 3 slots: 0x000001e4fe8b0000 points into unknown readable memory: 0x000001e4fbb0c070 | 70 c0 b0 fb e4 01 00 00
stack at sp + 4 slots: 0x000001e4fbd92030 points into unknown readable memory: 0x0100100400000009 | 09 00 00 00 04 10 00 01
stack at sp + 5 slots: 0x00007ffcce2824ce nvoglv64.dll
stack at sp + 6 slots: 0x000001e4fe8b0000 points into unknown readable memory: 0x000001e4fbb0c070 | 70 c0 b0 fb e4 01 00 00
stack at sp + 7 slots: 0x000001e4fbd92030 points into unknown readable memory: 0x0100100400000009 | 09 00 00 00 04 10 00 01


---------------  P R O C E S S  ---------------

Threads class SMR info:
_java_thread_list=0x000001e4fd624130, length=12, elements={
0x000001e4d4c1ff00, 0x000001e4f9e1f8a0, 0x000001e4f9e20470, 0x000001e4f9e38660,
0x000001e4f9e3b120, 0x000001e4f9e3bbd0, 0x000001e4f9e3c9b0, 0x000001e4f9e3e7c0,
0x000001e4fa7b3c10, 0x000001e4fa84f200, 0x000001e4faa48cc0, 0x000001e4faab7970
}

Java Threads: ( => current thread )
=>0x000001e4d4c1ff00 JavaThread "main" [_thread_in_native, id=11024, stack(0x000000074ea00000,0x000000074eb00000)]
  0x000001e4f9e1f8a0 JavaThread "Reference Handler" daemon [_thread_blocked, id=10672, stack(0x000000074f100000,0x000000074f200000)]
  0x000001e4f9e20470 JavaThread "Finalizer" daemon [_thread_blocked, id=856, stack(0x000000074f200000,0x000000074f300000)]
  0x000001e4f9e38660 JavaThread "Signal Dispatcher" daemon [_thread_blocked, id=10328, stack(0x000000074f300000,0x000000074f400000)]
  0x000001e4f9e3b120 JavaThread "Attach Listener" daemon [_thread_blocked, id=6256, stack(0x000000074f400000,0x000000074f500000)]
  0x000001e4f9e3bbd0 JavaThread "Service Thread" daemon [_thread_blocked, id=12608, stack(0x000000074f500000,0x000000074f600000)]
  0x000001e4f9e3c9b0 JavaThread "C2 CompilerThread0" daemon [_thread_blocked, id=6716, stack(0x000000074f600000,0x000000074f700000)]
  0x000001e4f9e3e7c0 JavaThread "C1 CompilerThread0" daemon [_thread_blocked, id=1316, stack(0x000000074f700000,0x000000074f800000)]
  0x000001e4fa7b3c10 JavaThread "Sweeper thread" daemon [_thread_blocked, id=7604, stack(0x000000074f800000,0x000000074f900000)]
  0x000001e4fa84f200 JavaThread "Common-Cleaner" daemon [_thread_blocked, id=3388, stack(0x000000074f900000,0x000000074fa00000)]
  0x000001e4faa48cc0 JavaThread "Monitor Ctrl-Break" daemon [_thread_in_native, id=8416, stack(0x000000074fa00000,0x000000074fb00000)]
  0x000001e4faab7970 JavaThread "Notification Thread" daemon [_thread_blocked, id=7592, stack(0x000000074fb00000,0x000000074fc00000)]

Other Threads:
  0x000001e4f9e1b470 VMThread "VM Thread" [stack: 0x000000074f000000,0x000000074f100000] [id=3588]
  0x000001e4fab38c00 WatcherThread [stack: 0x000000074fc00000,0x000000074fd00000] [id=2188]
  0x000001e4d4c70e00 GCTaskThread "GC Thread#0" [stack: 0x000000074eb00000,0x000000074ec00000] [id=8588]
  0x000001e4fad5dc20 GCTaskThread "GC Thread#1" [stack: 0x000000074fe00000,0x000000074ff00000] [id=8196]
  0x000001e4fad5cf60 GCTaskThread "GC Thread#2" [stack: 0x000000074ff00000,0x0000000750000000] [id=8276]
  0x000001e4fad5d290 GCTaskThread "GC Thread#3" [stack: 0x0000000750000000,0x0000000750100000] [id=9304]
  0x000001e4fad5d5c0 GCTaskThread "GC Thread#4" [stack: 0x0000000750100000,0x0000000750200000] [id=12096]
  0x000001e4fad5cc30 GCTaskThread "GC Thread#5" [stack: 0x0000000750200000,0x0000000750300000] [id=7952]
  0x000001e4d4c81d10 ConcurrentGCThread "G1 Main Marker" [stack: 0x000000074ec00000,0x000000074ed00000] [id=5648]
  0x000001e4d4c830a0 ConcurrentGCThread "G1 Conc#0" [stack: 0x000000074ed00000,0x000000074ee00000] [id=6752]
  0x000001e4d4cef930 ConcurrentGCThread "G1 Refine#0" [stack: 0x000000074ee00000,0x000000074ef00000] [id=14092]
  0x000001e4d4cf0530 ConcurrentGCThread "G1 Young RemSet Sampling" [stack: 0x000000074ef00000,0x000000074f000000] [id=5184]

Threads with active compile tasks:

VM state: not at safepoint (normal execution)

VM Mutex/Monitor currently owned by a thread: None

Heap address: 0x00000004d6c00000, size: 4060 MB, Compressed Oops mode: Zero based, Oop shift amount: 3
CDS archive(s) mapped at: [0x0000000800000000-0x0000000800b50000-0x0000000800b50000), size 11862016, SharedBaseAddress: 0x0000000800000000, ArchiveRelocationMode: 0.
Compressed class space mapped at: 0x0000000800b50000-0x0000000840b50000, size: 1073741824
Narrow klass base: 0x0000000800000000, Narrow klass shift: 3, Narrow klass range: 0x100000000

GC Precious Log:
 CPUs: 6 total, 6 available
 Memory: 16238M
 Large Page Support: Disabled
 NUMA Support: Disabled
 Compressed Oops: Enabled (Zero based)
 Heap Region Size: 2M
 Heap Min Capacity: 8M
 Heap Initial Capacity: 254M
 Heap Max Capacity: 4060M
 Pre-touch: Disabled
 Parallel Workers: 6
 Concurrent Workers: 2
 Concurrent Refinement Workers: 6
 Periodic GC: Disabled

Heap:
 garbage-first heap   total 260096K, used 95122K [0x00000004d6c00000, 0x00000005d4800000)
  region size 2048K, 46 young (94208K), 8 survivors (16384K)
 Metaspace       used 12888K, capacity 14156K, committed 14336K, reserved 1062912K
  class space    used 1021K, capacity 1190K, committed 1280K, reserved 1048576K

Heap Regions: E=young(eden), S=young(survivor), O=old, HS=humongous(starts), HC=humongous(continues), CS=collection set, F=free, OA=open archive, CA=closed archive, TAMS=top-at-mark-start (previous, next)
|   0|0x00000004d6c00000, 0x00000004d6e00000, 0x00000004d6e00000|100%| O|  |TAMS 0x00000004d6c00000, 0x00000004d6c00000| Untracked 
|   1|0x00000004d6e00000, 0x00000004d6ff4000, 0x00000004d7000000| 97%| O|  |TAMS 0x00000004d6e00000, 0x00000004d6e00000| Untracked 
|   2|0x00000004d7000000, 0x00000004d7000000, 0x00000004d7200000|  0%| F|  |TAMS 0x00000004d7000000, 0x00000004d7000000| Untracked 
|   3|0x00000004d7200000, 0x00000004d7200000, 0x00000004d7400000|  0%| F|  |TAMS 0x00000004d7200000, 0x00000004d7200000| Untracked 
|   4|0x00000004d7400000, 0x00000004d7400000, 0x00000004d7600000|  0%| F|  |TAMS 0x00000004d7400000, 0x00000004d7400000| Untracked 
|   5|0x00000004d7600000, 0x00000004d7600000, 0x00000004d7800000|  0%| F|  |TAMS 0x00000004d7600000, 0x00000004d7600000| Untracked 
|   6|0x00000004d7800000, 0x00000004d7800000, 0x00000004d7a00000|  0%| F|  |TAMS 0x00000004d7800000, 0x00000004d7800000| Untracked 
|   7|0x00000004d7a00000, 0x00000004d7a00000, 0x00000004d7c00000|  0%| F|  |TAMS 0x00000004d7a00000, 0x00000004d7a00000| Untracked 
|   8|0x00000004d7c00000, 0x00000004d7c00000, 0x00000004d7e00000|  0%| F|  |TAMS 0x00000004d7c00000, 0x00000004d7c00000| Untracked 
|   9|0x00000004d7e00000, 0x00000004d7e00000, 0x00000004d8000000|  0%| F|  |TAMS 0x00000004d7e00000, 0x00000004d7e00000| Untracked 
|  10|0x00000004d8000000, 0x00000004d8000000, 0x00000004d8200000|  0%| F|  |TAMS 0x00000004d8000000, 0x00000004d8000000| Untracked 
|  11|0x00000004d8200000, 0x00000004d8200000, 0x00000004d8400000|  0%| F|  |TAMS 0x00000004d8200000, 0x00000004d8200000| Untracked 
|  12|0x00000004d8400000, 0x00000004d8400000, 0x00000004d8600000|  0%| F|  |TAMS 0x00000004d8400000, 0x00000004d8400000| Untracked 
|  13|0x00000004d8600000, 0x00000004d8600000, 0x00000004d8800000|  0%| F|  |TAMS 0x00000004d8600000, 0x00000004d8600000| Untracked 
|  14|0x00000004d8800000, 0x00000004d8800000, 0x00000004d8a00000|  0%| F|  |TAMS 0x00000004d8800000, 0x00000004d8800000| Untracked 
|  15|0x00000004d8a00000, 0x00000004d8a00000, 0x00000004d8c00000|  0%| F|  |TAMS 0x00000004d8a00000, 0x00000004d8a00000| Untracked 
|  16|0x00000004d8c00000, 0x00000004d8c00000, 0x00000004d8e00000|  0%| F|  |TAMS 0x00000004d8c00000, 0x00000004d8c00000| Untracked 
|  17|0x00000004d8e00000, 0x00000004d8e00000, 0x00000004d9000000|  0%| F|  |TAMS 0x00000004d8e00000, 0x00000004d8e00000| Untracked 
|  18|0x00000004d9000000, 0x00000004d9000000, 0x00000004d9200000|  0%| F|  |TAMS 0x00000004d9000000, 0x00000004d9000000| Untracked 
|  19|0x00000004d9200000, 0x00000004d9200000, 0x00000004d9400000|  0%| F|  |TAMS 0x00000004d9200000, 0x00000004d9200000| Untracked 
|  20|0x00000004d9400000, 0x00000004d9400000, 0x00000004d9600000|  0%| F|  |TAMS 0x00000004d9400000, 0x00000004d9400000| Untracked 
|  21|0x00000004d9600000, 0x00000004d9600000, 0x00000004d9800000|  0%| F|  |TAMS 0x00000004d9600000, 0x00000004d9600000| Untracked 
|  22|0x00000004d9800000, 0x00000004d9800000, 0x00000004d9a00000|  0%| F|  |TAMS 0x00000004d9800000, 0x00000004d9800000| Untracked 
|  23|0x00000004d9a00000, 0x00000004d9a00000, 0x00000004d9c00000|  0%| F|  |TAMS 0x00000004d9a00000, 0x00000004d9a00000| Untracked 
|  24|0x00000004d9c00000, 0x00000004d9c00000, 0x00000004d9e00000|  0%| F|  |TAMS 0x00000004d9c00000, 0x00000004d9c00000| Untracked 
|  25|0x00000004d9e00000, 0x00000004d9e00000, 0x00000004da000000|  0%| F|  |TAMS 0x00000004d9e00000, 0x00000004d9e00000| Untracked 
|  26|0x00000004da000000, 0x00000004da000000, 0x00000004da200000|  0%| F|  |TAMS 0x00000004da000000, 0x00000004da000000| Untracked 
|  27|0x00000004da200000, 0x00000004da200000, 0x00000004da400000|  0%| F|  |TAMS 0x00000004da200000, 0x00000004da200000| Untracked 
|  28|0x00000004da400000, 0x00000004da400000, 0x00000004da600000|  0%| F|  |TAMS 0x00000004da400000, 0x00000004da400000| Untracked 
|  29|0x00000004da600000, 0x00000004da600000, 0x00000004da800000|  0%| F|  |TAMS 0x00000004da600000, 0x00000004da600000| Untracked 
|  30|0x00000004da800000, 0x00000004da800000, 0x00000004daa00000|  0%| F|  |TAMS 0x00000004da800000, 0x00000004da800000| Untracked 
|  31|0x00000004daa00000, 0x00000004daa00000, 0x00000004dac00000|  0%| F|  |TAMS 0x00000004daa00000, 0x00000004daa00000| Untracked 
|  32|0x00000004dac00000, 0x00000004dac00000, 0x00000004dae00000|  0%| F|  |TAMS 0x00000004dac00000, 0x00000004dac00000| Untracked 
|  33|0x00000004dae00000, 0x00000004dae00000, 0x00000004db000000|  0%| F|  |TAMS 0x00000004dae00000, 0x00000004dae00000| Untracked 
|  34|0x00000004db000000, 0x00000004db000000, 0x00000004db200000|  0%| F|  |TAMS 0x00000004db000000, 0x00000004db000000| Untracked 
|  35|0x00000004db200000, 0x00000004db200000, 0x00000004db400000|  0%| F|  |TAMS 0x00000004db200000, 0x00000004db200000| Untracked 
|  36|0x00000004db400000, 0x00000004db400000, 0x00000004db600000|  0%| F|  |TAMS 0x00000004db400000, 0x00000004db400000| Untracked 
|  37|0x00000004db600000, 0x00000004db600000, 0x00000004db800000|  0%| F|  |TAMS 0x00000004db600000, 0x00000004db600000| Untracked 
|  38|0x00000004db800000, 0x00000004db800000, 0x00000004dba00000|  0%| F|  |TAMS 0x00000004db800000, 0x00000004db800000| Untracked 
|  39|0x00000004dba00000, 0x00000004dba00000, 0x00000004dbc00000|  0%| F|  |TAMS 0x00000004dba00000, 0x00000004dba00000| Untracked 
|  40|0x00000004dbc00000, 0x00000004dbc00000, 0x00000004dbe00000|  0%| F|  |TAMS 0x00000004dbc00000, 0x00000004dbc00000| Untracked 
|  41|0x00000004dbe00000, 0x00000004dbe00000, 0x00000004dc000000|  0%| F|  |TAMS 0x00000004dbe00000, 0x00000004dbe00000| Untracked 
|  42|0x00000004dc000000, 0x00000004dc000000, 0x00000004dc200000|  0%| F|  |TAMS 0x00000004dc000000, 0x00000004dc000000| Untracked 
|  43|0x00000004dc200000, 0x00000004dc2f08d8, 0x00000004dc400000| 46%| S|CS|TAMS 0x00000004dc200000, 0x00000004dc200000| Complete 
|  44|0x00000004dc400000, 0x00000004dc600000, 0x00000004dc600000|100%| S|CS|TAMS 0x00000004dc400000, 0x00000004dc400000| Complete 
|  45|0x00000004dc600000, 0x00000004dc600000, 0x00000004dc800000|  0%| F|  |TAMS 0x00000004dc600000, 0x00000004dc600000| Untracked 
|  46|0x00000004dc800000, 0x00000004dc800000, 0x00000004dca00000|  0%| F|  |TAMS 0x00000004dc800000, 0x00000004dc800000| Untracked 
|  47|0x00000004dca00000, 0x00000004dcc00000, 0x00000004dcc00000|100%| S|CS|TAMS 0x00000004dca00000, 0x00000004dca00000| Complete 
|  48|0x00000004dcc00000, 0x00000004dce00000, 0x00000004dce00000|100%| S|CS|TAMS 0x00000004dcc00000, 0x00000004dcc00000| Complete 
|  49|0x00000004dce00000, 0x00000004dd000000, 0x00000004dd000000|100%| S|CS|TAMS 0x00000004dce00000, 0x00000004dce00000| Complete 
|  50|0x00000004dd000000, 0x00000004dd200000, 0x00000004dd200000|100%| S|CS|TAMS 0x00000004dd000000, 0x00000004dd000000| Complete 
|  51|0x00000004dd200000, 0x00000004dd200000, 0x00000004dd400000|  0%| F|  |TAMS 0x00000004dd200000, 0x00000004dd200000| Untracked 
|  52|0x00000004dd400000, 0x00000004dd400000, 0x00000004dd600000|  0%| F|  |TAMS 0x00000004dd400000, 0x00000004dd400000| Untracked 
|  53|0x00000004dd600000, 0x00000004dd600000, 0x00000004dd800000|  0%| F|  |TAMS 0x00000004dd600000, 0x00000004dd600000| Untracked 
|  54|0x00000004dd800000, 0x00000004dd800000, 0x00000004dda00000|  0%| F|  |TAMS 0x00000004dd800000, 0x00000004dd800000| Untracked 
|  55|0x00000004dda00000, 0x00000004ddc00000, 0x00000004ddc00000|100%| S|CS|TAMS 0x00000004dda00000, 0x00000004dda00000| Complete 
|  56|0x00000004ddc00000, 0x00000004dde00000, 0x00000004dde00000|100%| S|CS|TAMS 0x00000004ddc00000, 0x00000004ddc00000| Complete 
|  57|0x00000004dde00000, 0x00000004dde00000, 0x00000004de000000|  0%| F|  |TAMS 0x00000004dde00000, 0x00000004dde00000| Untracked 
|  58|0x00000004de000000, 0x00000004de000000, 0x00000004de200000|  0%| F|  |TAMS 0x00000004de000000, 0x00000004de000000| Untracked 
|  59|0x00000004de200000, 0x00000004de200000, 0x00000004de400000|  0%| F|  |TAMS 0x00000004de200000, 0x00000004de200000| Untracked 
|  60|0x00000004de400000, 0x00000004de400000, 0x00000004de600000|  0%| F|  |TAMS 0x00000004de400000, 0x00000004de400000| Untracked 
|  61|0x00000004de600000, 0x00000004de600000, 0x00000004de800000|  0%| F|  |TAMS 0x00000004de600000, 0x00000004de600000| Untracked 
|  62|0x00000004de800000, 0x00000004de800000, 0x00000004dea00000|  0%| F|  |TAMS 0x00000004de800000, 0x00000004de800000| Untracked 
|  63|0x00000004dea00000, 0x00000004dea00000, 0x00000004dec00000|  0%| F|  |TAMS 0x00000004dea00000, 0x00000004dea00000| Untracked 
|  64|0x00000004dec00000, 0x00000004dec00000, 0x00000004dee00000|  0%| F|  |TAMS 0x00000004dec00000, 0x00000004dec00000| Untracked 
|  65|0x00000004dee00000, 0x00000004dee00000, 0x00000004df000000|  0%| F|  |TAMS 0x00000004dee00000, 0x00000004dee00000| Untracked 
|  66|0x00000004df000000, 0x00000004df000000, 0x00000004df200000|  0%| F|  |TAMS 0x00000004df000000, 0x00000004df000000| Untracked 
|  67|0x00000004df200000, 0x00000004df200000, 0x00000004df400000|  0%| F|  |TAMS 0x00000004df200000, 0x00000004df200000| Untracked 
|  68|0x00000004df400000, 0x00000004df400000, 0x00000004df600000|  0%| F|  |TAMS 0x00000004df400000, 0x00000004df400000| Untracked 
|  69|0x00000004df600000, 0x00000004df600000, 0x00000004df800000|  0%| F|  |TAMS 0x00000004df600000, 0x00000004df600000| Untracked 
|  70|0x00000004df800000, 0x00000004df800000, 0x00000004dfa00000|  0%| F|  |TAMS 0x00000004df800000, 0x00000004df800000| Untracked 
|  71|0x00000004dfa00000, 0x00000004dfa00000, 0x00000004dfc00000|  0%| F|  |TAMS 0x00000004dfa00000, 0x00000004dfa00000| Untracked 
|  72|0x00000004dfc00000, 0x00000004dfc00000, 0x00000004dfe00000|  0%| F|  |TAMS 0x00000004dfc00000, 0x00000004dfc00000| Untracked 
|  73|0x00000004dfe00000, 0x00000004dfe00000, 0x00000004e0000000|  0%| F|  |TAMS 0x00000004dfe00000, 0x00000004dfe00000| Untracked 
|  74|0x00000004e0000000, 0x00000004e0000000, 0x00000004e0200000|  0%| F|  |TAMS 0x00000004e0000000, 0x00000004e0000000| Untracked 
|  75|0x00000004e0200000, 0x00000004e0200000, 0x00000004e0400000|  0%| F|  |TAMS 0x00000004e0200000, 0x00000004e0200000| Untracked 
|  76|0x00000004e0400000, 0x00000004e0400000, 0x00000004e0600000|  0%| F|  |TAMS 0x00000004e0400000, 0x00000004e0400000| Untracked 
|  77|0x00000004e0600000, 0x00000004e0600000, 0x00000004e0800000|  0%| F|  |TAMS 0x00000004e0600000, 0x00000004e0600000| Untracked 
|  78|0x00000004e0800000, 0x00000004e0800000, 0x00000004e0a00000|  0%| F|  |TAMS 0x00000004e0800000, 0x00000004e0800000| Untracked 
|  79|0x00000004e0a00000, 0x00000004e0a00000, 0x00000004e0c00000|  0%| F|  |TAMS 0x00000004e0a00000, 0x00000004e0a00000| Untracked 
|  80|0x00000004e0c00000, 0x00000004e0c00000, 0x00000004e0e00000|  0%| F|  |TAMS 0x00000004e0c00000, 0x00000004e0c00000| Untracked 
|  81|0x00000004e0e00000, 0x00000004e0e00000, 0x00000004e1000000|  0%| F|  |TAMS 0x00000004e0e00000, 0x00000004e0e00000| Untracked 
|  82|0x00000004e1000000, 0x00000004e1000000, 0x00000004e1200000|  0%| F|  |TAMS 0x00000004e1000000, 0x00000004e1000000| Untracked 
|  83|0x00000004e1200000, 0x00000004e1200000, 0x00000004e1400000|  0%| F|  |TAMS 0x00000004e1200000, 0x00000004e1200000| Untracked 
|  84|0x00000004e1400000, 0x00000004e1400000, 0x00000004e1600000|  0%| F|  |TAMS 0x00000004e1400000, 0x00000004e1400000| Untracked 
|  85|0x00000004e1600000, 0x00000004e1600000, 0x00000004e1800000|  0%| F|  |TAMS 0x00000004e1600000, 0x00000004e1600000| Untracked 
|  86|0x00000004e1800000, 0x00000004e1800000, 0x00000004e1a00000|  0%| F|  |TAMS 0x00000004e1800000, 0x00000004e1800000| Untracked 
|  87|0x00000004e1a00000, 0x00000004e1a00000, 0x00000004e1c00000|  0%| F|  |TAMS 0x00000004e1a00000, 0x00000004e1a00000| Untracked 
|  88|0x00000004e1c00000, 0x00000004e1c00000, 0x00000004e1e00000|  0%| F|  |TAMS 0x00000004e1c00000, 0x00000004e1c00000| Untracked 
|  89|0x00000004e1e00000, 0x00000004e2000000, 0x00000004e2000000|100%| E|  |TAMS 0x00000004e1e00000, 0x00000004e1e00000| Complete 
|  90|0x00000004e2000000, 0x00000004e2200000, 0x00000004e2200000|100%| E|CS|TAMS 0x00000004e2000000, 0x00000004e2000000| Complete 
|  91|0x00000004e2200000, 0x00000004e2400000, 0x00000004e2400000|100%| E|CS|TAMS 0x00000004e2200000, 0x00000004e2200000| Complete 
|  92|0x00000004e2400000, 0x00000004e2600000, 0x00000004e2600000|100%| E|CS|TAMS 0x00000004e2400000, 0x00000004e2400000| Complete 
|  93|0x00000004e2600000, 0x00000004e2800000, 0x00000004e2800000|100%| E|CS|TAMS 0x00000004e2600000, 0x00000004e2600000| Complete 
|  94|0x00000004e2800000, 0x00000004e2a00000, 0x00000004e2a00000|100%| E|CS|TAMS 0x00000004e2800000, 0x00000004e2800000| Complete 
|  95|0x00000004e2a00000, 0x00000004e2c00000, 0x00000004e2c00000|100%| E|CS|TAMS 0x00000004e2a00000, 0x00000004e2a00000| Complete 
|  96|0x00000004e2c00000, 0x00000004e2e00000, 0x00000004e2e00000|100%| E|CS|TAMS 0x00000004e2c00000, 0x00000004e2c00000| Complete 
|  97|0x00000004e2e00000, 0x00000004e3000000, 0x00000004e3000000|100%| E|CS|TAMS 0x00000004e2e00000, 0x00000004e2e00000| Complete 
|  98|0x00000004e3000000, 0x00000004e3200000, 0x00000004e3200000|100%| E|CS|TAMS 0x00000004e3000000, 0x00000004e3000000| Complete 
|  99|0x00000004e3200000, 0x00000004e3400000, 0x00000004e3400000|100%| E|CS|TAMS 0x00000004e3200000, 0x00000004e3200000| Complete 
| 100|0x00000004e3400000, 0x00000004e3600000, 0x00000004e3600000|100%| E|CS|TAMS 0x00000004e3400000, 0x00000004e3400000| Complete 
| 101|0x00000004e3600000, 0x00000004e3800000, 0x00000004e3800000|100%| E|CS|TAMS 0x00000004e3600000, 0x00000004e3600000| Complete 
| 102|0x00000004e3800000, 0x00000004e3a00000, 0x00000004e3a00000|100%| E|CS|TAMS 0x00000004e3800000, 0x00000004e3800000| Complete 
| 103|0x00000004e3a00000, 0x00000004e3c00000, 0x00000004e3c00000|100%| E|CS|TAMS 0x00000004e3a00000, 0x00000004e3a00000| Complete 
| 104|0x00000004e3c00000, 0x00000004e3e00000, 0x00000004e3e00000|100%| E|CS|TAMS 0x00000004e3c00000, 0x00000004e3c00000| Complete 
| 105|0x00000004e3e00000, 0x00000004e4000000, 0x00000004e4000000|100%| E|CS|TAMS 0x00000004e3e00000, 0x00000004e3e00000| Complete 
| 106|0x00000004e4000000, 0x00000004e4200000, 0x00000004e4200000|100%| E|CS|TAMS 0x00000004e4000000, 0x00000004e4000000| Complete 
| 107|0x00000004e4200000, 0x00000004e4400000, 0x00000004e4400000|100%| E|CS|TAMS 0x00000004e4200000, 0x00000004e4200000| Complete 
| 108|0x00000004e4400000, 0x00000004e4600000, 0x00000004e4600000|100%| E|CS|TAMS 0x00000004e4400000, 0x00000004e4400000| Complete 
| 109|0x00000004e4600000, 0x00000004e4800000, 0x00000004e4800000|100%| E|CS|TAMS 0x00000004e4600000, 0x00000004e4600000| Complete 
| 110|0x00000004e4800000, 0x00000004e4a00000, 0x00000004e4a00000|100%| E|CS|TAMS 0x00000004e4800000, 0x00000004e4800000| Complete 
| 111|0x00000004e4a00000, 0x00000004e4c00000, 0x00000004e4c00000|100%| E|CS|TAMS 0x00000004e4a00000, 0x00000004e4a00000| Complete 
| 112|0x00000004e4c00000, 0x00000004e4e00000, 0x00000004e4e00000|100%| E|CS|TAMS 0x00000004e4c00000, 0x00000004e4c00000| Complete 
| 113|0x00000004e4e00000, 0x00000004e5000000, 0x00000004e5000000|100%| E|CS|TAMS 0x00000004e4e00000, 0x00000004e4e00000| Complete 
| 114|0x00000004e5000000, 0x00000004e5200000, 0x00000004e5200000|100%| E|CS|TAMS 0x00000004e5000000, 0x00000004e5000000| Complete 
| 115|0x00000004e5200000, 0x00000004e5400000, 0x00000004e5400000|100%| E|CS|TAMS 0x00000004e5200000, 0x00000004e5200000| Complete 
| 116|0x00000004e5400000, 0x00000004e5600000, 0x00000004e5600000|100%| E|CS|TAMS 0x00000004e5400000, 0x00000004e5400000| Complete 
| 117|0x00000004e5600000, 0x00000004e5800000, 0x00000004e5800000|100%| E|CS|TAMS 0x00000004e5600000, 0x00000004e5600000| Complete 
| 118|0x00000004e5800000, 0x00000004e5a00000, 0x00000004e5a00000|100%| E|CS|TAMS 0x00000004e5800000, 0x00000004e5800000| Complete 
| 119|0x00000004e5a00000, 0x00000004e5c00000, 0x00000004e5c00000|100%| E|CS|TAMS 0x00000004e5a00000, 0x00000004e5a00000| Complete 
| 120|0x00000004e5c00000, 0x00000004e5e00000, 0x00000004e5e00000|100%| E|CS|TAMS 0x00000004e5c00000, 0x00000004e5c00000| Complete 
| 121|0x00000004e5e00000, 0x00000004e6000000, 0x00000004e6000000|100%| E|CS|TAMS 0x00000004e5e00000, 0x00000004e5e00000| Complete 
| 122|0x00000004e6000000, 0x00000004e6200000, 0x00000004e6200000|100%| E|CS|TAMS 0x00000004e6000000, 0x00000004e6000000| Complete 
| 123|0x00000004e6200000, 0x00000004e6400000, 0x00000004e6400000|100%| E|CS|TAMS 0x00000004e6200000, 0x00000004e6200000| Complete 
| 124|0x00000004e6400000, 0x00000004e6600000, 0x00000004e6600000|100%| E|CS|TAMS 0x00000004e6400000, 0x00000004e6400000| Complete 
| 125|0x00000004e6600000, 0x00000004e6800000, 0x00000004e6800000|100%| E|CS|TAMS 0x00000004e6600000, 0x00000004e6600000| Complete 
| 126|0x00000004e6800000, 0x00000004e6a00000, 0x00000004e6a00000|100%| E|CS|TAMS 0x00000004e6800000, 0x00000004e6800000| Complete 

Card table byte_map: [0x000001e4ee690000,0x000001e4eee80000] _byte_map_base: 0x000001e4ebfda000

Marking Bits (Prev, Next): (CMBitMap*) 0x000001e4d4c715f0, (CMBitMap*) 0x000001e4d4c71630
 Prev Bits: [0x000001e4ef670000, 0x000001e4f35e0000)
 Next Bits: [0x000001e4f35e0000, 0x000001e4f7550000)

Polling page: 0x000001e4d4d00000

Metaspace:

Usage:
  Non-class:     12.66 MB capacity,    11.59 MB ( 92%) used,     1.05 MB (  8%) free+waste,    21.94 KB ( <1%) overhead. 
      Class:      1.16 MB capacity,  1021.64 KB ( 86%) used,   160.98 KB ( 14%) free+waste,     7.38 KB ( <1%) overhead. 
       Both:     13.82 MB capacity,    12.59 MB ( 91%) used,     1.21 MB (  9%) free+waste,    29.31 KB ( <1%) overhead. 

Virtual space:
  Non-class space:       14.00 MB reserved,      12.75 MB ( 91%) committed 
      Class space:        1.00 GB reserved,       1.25 MB ( <1%) committed 
             Both:        1.01 GB reserved,      14.00 MB (  1%) committed 

Chunk freelists:
   Non-Class:  90.00 KB
       Class:  26.00 KB
        Both:  116.00 KB

MaxMetaspaceSize: 17179869184.00 GB
CompressedClassSpaceSize: 1.00 GB

CodeHeap 'non-profiled nmethods': size=120000Kb used=1654Kb max_used=1654Kb free=118345Kb
 bounds [0x000001e4e6130000, 0x000001e4e63a0000, 0x000001e4ed660000]
CodeHeap 'profiled nmethods': size=120000Kb used=4372Kb max_used=4372Kb free=115627Kb
 bounds [0x000001e4dec00000, 0x000001e4df050000, 0x000001e4e6130000]
CodeHeap 'non-nmethods': size=5760Kb used=1656Kb max_used=1739Kb free=4103Kb
 bounds [0x000001e4de660000, 0x000001e4de8d0000, 0x000001e4dec00000]
 total_blobs=3336 nmethods=2273 adapters=976
 compilation: enabled
              stopped_count=0, restarted_count=0
 full_count=0

Compilation events (20 events):
Event: 3.979 Thread 0x000001e4f9e3e7c0 nmethod 2266 0x000001e4df042710 code [0x000001e4df042b20, 0x000001e4df0443f8]
Event: 3.979 Thread 0x000001e4f9e3c9b0 nmethod 2264 0x000001e4e62c8790 code [0x000001e4e62c8940, 0x000001e4e62c8a08]
Event: 4.094 Thread 0x000001e4f9e3c9b0 2267       4       java.util.StringTokenizer::nextToken (92 bytes)
Event: 4.103 Thread 0x000001e4f9e3c9b0 nmethod 2267 0x000001e4e62c8b10 code [0x000001e4e62c8ce0, 0x000001e4e62c95e8]
Event: 4.286 Thread 0x000001e4f9e3c9b0 2268  s    4       java.io.ByteArrayOutputStream::write (43 bytes)
Event: 4.290 Thread 0x000001e4f9e3c9b0 nmethod 2268 0x000001e4e62c9c90 code [0x000001e4e62c9e20, 0x000001e4e62ca558]
Event: 4.326 Thread 0x000001e4f9e3c9b0 2269       4       controllers.flowchartWindow.FlowchartWindowController::getZoomTranslateMatrix (8 bytes)
Event: 4.326 Thread 0x000001e4f9e3c9b0 nmethod 2269 0x000001e4e62ca810 code [0x000001e4e62ca980, 0x000001e4e62ca9f8]
Event: 4.380 Thread 0x000001e4f9e3e7c0 2270       3       org.lwjgl.system.dyncall.DynCallback::dcbArgDouble (16 bytes)
Event: 4.380 Thread 0x000001e4f9e3e7c0 nmethod 2270 0x000001e4df044e10 code [0x000001e4df044fe0, 0x000001e4df045278]
Event: 4.470 Thread 0x000001e4f9e3c9b0 2272       4       java.util.Arrays::copyOf (19 bytes)
Event: 4.471 Thread 0x000001e4f9e3c9b0 nmethod 2272 0x000001e4e62caf10 code [0x000001e4e62cb0a0, 0x000001e4e62cb2d8]
Event: 4.582 Thread 0x000001e4f9e3c9b0 2273       4       rendering.text.FontRenderer::renderText (501 bytes)
Event: 4.592 Thread 0x000001e4f9e3c9b0 nmethod 2273 0x000001e4e62cb410 code [0x000001e4e62cb700, 0x000001e4e62cc578]
Event: 5.186 Thread 0x000001e4f9e3c9b0 2274       4       org.lwjgl.glfw.GLFW::glfwMakeContextCurrent (10 bytes)
Event: 5.186 Thread 0x000001e4f9e3c9b0 nmethod 2274 0x000001e4e62cd210 code [0x000001e4e62cd3a0, 0x000001e4e62cd408]
Event: 5.194 Thread 0x000001e4f9e3c9b0 2275       4       org.lwjgl.glfw.GLFW::glfwSwapBuffers (21 bytes)
Event: 5.195 Thread 0x000001e4f9e3c9b0 nmethod 2275 0x000001e4e62cd510 code [0x000001e4e62cd6a0, 0x000001e4e62cd748]
Event: 5.271 Thread 0x000001e4f9e3c9b0 2276       4       controllers.flowchartWindow.FlowchartWindowController::getPosition (8 bytes)
Event: 5.271 Thread 0x000001e4f9e3c9b0 nmethod 2276 0x000001e4e62cd810 code [0x000001e4e62cd980, 0x000001e4e62cd9f8]

GC Heap History (10 events):
Event: 0.296 GC heap before
{Heap before GC invocations=0 (full 0):
 garbage-first heap   total 260096K, used 20480K [0x00000004d6c00000, 0x00000005d4800000)
  region size 2048K, 10 young (20480K), 0 survivors (0K)
 Metaspace       used 4324K, capacity 7309K, committed 7424K, reserved 1056768K
  class space    used 385K, capacity 665K, committed 768K, reserved 1048576K
}
Event: 0.298 GC heap after
{Heap after GC invocations=1 (full 0):
 garbage-first heap   total 260096K, used 2724K [0x00000004d6c00000, 0x00000005d4800000)
  region size 2048K, 2 young (4096K), 2 survivors (4096K)
 Metaspace       used 4324K, capacity 7309K, committed 7424K, reserved 1056768K
  class space    used 385K, capacity 665K, committed 768K, reserved 1048576K
}
Event: 0.922 GC heap before
{Heap before GC invocations=1 (full 0):
 garbage-first heap   total 260096K, used 29348K [0x00000004d6c00000, 0x00000005d4800000)
  region size 2048K, 16 young (32768K), 2 survivors (4096K)
 Metaspace       used 11935K, capacity 13570K, committed 13696K, reserved 1062912K
  class space    used 959K, capacity 1145K, committed 1152K, reserved 1048576K
}
Event: 0.924 GC heap after
{Heap after GC invocations=2 (full 0):
 garbage-first heap   total 260096K, used 4278K [0x00000004d6c00000, 0x00000005d4800000)
  region size 2048K, 1 young (2048K), 1 survivors (2048K)
 Metaspace       used 11935K, capacity 13570K, committed 13696K, reserved 1062912K
  class space    used 959K, capacity 1145K, committed 1152K, reserved 1048576K
}
Event: 1.379 GC heap before
{Heap before GC invocations=2 (full 0):
 garbage-first heap   total 260096K, used 155830K [0x00000004d6c00000, 0x00000005d4800000)
  region size 2048K, 76 young (155648K), 1 survivors (2048K)
 Metaspace       used 12380K, capacity 13700K, committed 13952K, reserved 1062912K
  class space    used 985K, capacity 1147K, committed 1152K, reserved 1048576K
}
Event: 1.383 GC heap after
{Heap after GC invocations=3 (full 0):
 garbage-first heap   total 260096K, used 9130K [0x00000004d6c00000, 0x00000005d4800000)
  region size 2048K, 4 young (8192K), 4 survivors (8192K)
 Metaspace       used 12380K, capacity 13700K, committed 13952K, reserved 1062912K
  class space    used 985K, capacity 1147K, committed 1152K, reserved 1048576K
}
Event: 2.950 GC heap before
{Heap before GC invocations=3 (full 0):
 garbage-first heap   total 260096K, used 156586K [0x00000004d6c00000, 0x00000005d4800000)
  region size 2048K, 76 young (155648K), 4 survivors (8192K)
 Metaspace       used 12581K, capacity 13867K, committed 14080K, reserved 1062912K
  class space    used 998K, capacity 1158K, committed 1280K, reserved 1048576K
}
Event: 2.953 GC heap after
{Heap after GC invocations=4 (full 0):
 garbage-first heap   total 260096K, used 14049K [0x00000004d6c00000, 0x00000005d4800000)
  region size 2048K, 6 young (12288K), 6 survivors (12288K)
 Metaspace       used 12581K, capacity 13867K, committed 14080K, reserved 1062912K
  class space    used 998K, capacity 1158K, committed 1280K, reserved 1048576K
}
Event: 3.174 GC heap before
{Heap before GC invocations=4 (full 0):
 garbage-first heap   total 260096K, used 157409K [0x00000004d6c00000, 0x00000005d4800000)
  region size 2048K, 76 young (155648K), 6 survivors (12288K)
 Metaspace       used 12590K, capacity 13867K, committed 14080K, reserved 1062912K
  class space    used 998K, capacity 1158K, committed 1280K, reserved 1048576K
}
Event: 3.178 GC heap after
{Heap after GC invocations=5 (full 0):
 garbage-first heap   total 260096K, used 19346K [0x00000004d6c00000, 0x00000005d4800000)
  region size 2048K, 8 young (16384K), 8 survivors (16384K)
 Metaspace       used 12590K, capacity 13867K, committed 14080K, reserved 1062912K
  class space    used 998K, capacity 1158K, committed 1280K, reserved 1048576K
}

Deoptimization events (20 events):
Event: 3.461 Thread 0x000001e4d4c1ff00 Uncommon trap: trap_request=0xffffff45 fr.pc=0x000001e4e6272b50 relative=0x0000000000000770
Event: 3.461 Thread 0x000001e4d4c1ff00 Uncommon trap: reason=unstable_if action=reinterpret pc=0x000001e4e6272b50 method=rendering.shaders.uniforms.UniformFloat.loadFloat(F)V @ 4 c2
Event: 3.461 Thread 0x000001e4d4c1ff00 DEOPT PACKING pc=0x000001e4e6272b50 sp=0x000000074eafed10
Event: 3.461 Thread 0x000001e4d4c1ff00 DEOPT UNPACKING pc=0x000001e4de6ae42f sp=0x000000074eafec78 mode 2
Event: 3.464 Thread 0x000001e4d4c1ff00 Uncommon trap: trap_request=0xffffffde fr.pc=0x000001e4e62684b4 relative=0x0000000000000794
Event: 3.464 Thread 0x000001e4d4c1ff00 Uncommon trap: reason=class_check action=maybe_recompile pc=0x000001e4e62684b4 method=rendering.textLines.TextLineRenderer.renderToScreen(Lcontrollers/TextLineController;Lcontrollers/flowchartWindow/FlowchartWindowController;Lcontrollers/codeWindow/CodeWi
Event: 3.464 Thread 0x000001e4d4c1ff00 DEOPT PACKING pc=0x000001e4e62684b4 sp=0x000000074eafee40
Event: 3.464 Thread 0x000001e4d4c1ff00 DEOPT UNPACKING pc=0x000001e4de6ae42f sp=0x000000074eafee00 mode 2
Event: 3.468 Thread 0x000001e4d4c1ff00 Uncommon trap: trap_request=0xffffffde fr.pc=0x000001e4e62684b4 relative=0x0000000000000794
Event: 3.468 Thread 0x000001e4d4c1ff00 Uncommon trap: reason=class_check action=maybe_recompile pc=0x000001e4e62684b4 method=rendering.textLines.TextLineRenderer.renderToScreen(Lcontrollers/TextLineController;Lcontrollers/flowchartWindow/FlowchartWindowController;Lcontrollers/codeWindow/CodeWi
Event: 3.468 Thread 0x000001e4d4c1ff00 DEOPT PACKING pc=0x000001e4e62684b4 sp=0x000000074eafee40
Event: 3.468 Thread 0x000001e4d4c1ff00 DEOPT UNPACKING pc=0x000001e4de6ae42f sp=0x000000074eafee00 mode 2
Event: 3.473 Thread 0x000001e4d4c1ff00 Uncommon trap: trap_request=0xffffffde fr.pc=0x000001e4e62684b4 relative=0x0000000000000794
Event: 3.473 Thread 0x000001e4d4c1ff00 Uncommon trap: reason=class_check action=maybe_recompile pc=0x000001e4e62684b4 method=rendering.textLines.TextLineRenderer.renderToScreen(Lcontrollers/TextLineController;Lcontrollers/flowchartWindow/FlowchartWindowController;Lcontrollers/codeWindow/CodeWi
Event: 3.473 Thread 0x000001e4d4c1ff00 DEOPT PACKING pc=0x000001e4e62684b4 sp=0x000000074eafee40
Event: 3.473 Thread 0x000001e4d4c1ff00 DEOPT UNPACKING pc=0x000001e4de6ae42f sp=0x000000074eafee00 mode 2
Event: 3.482 Thread 0x000001e4d4c1ff00 Uncommon trap: trap_request=0xffffffde fr.pc=0x000001e4e6266840 relative=0x0000000000000800
Event: 3.482 Thread 0x000001e4d4c1ff00 Uncommon trap: reason=class_check action=maybe_recompile pc=0x000001e4e6266840 method=rendering.textLines.TextLineRenderer.renderToScreen(Lcontrollers/TextLineController;Lcontrollers/flowchartWindow/FlowchartWindowController;Lcontrollers/codeWindow/CodeWi
Event: 3.482 Thread 0x000001e4d4c1ff00 DEOPT PACKING pc=0x000001e4e6266840 sp=0x000000074eafee40
Event: 3.482 Thread 0x000001e4d4c1ff00 DEOPT UNPACKING pc=0x000001e4de6ae42f sp=0x000000074eafee00 mode 2

Classes unloaded (0 events):
No events

Classes redefined (0 events):
No events

Internal exceptions (20 events):
Event: 0.403 Thread 0x000001e4d4c1ff00 Exception <a 'java/lang/NoSuchMethodError'{0x00000004e60d1c10}: 'java.lang.Object java.lang.invoke.DirectMethodHandle$Holder.invokeSpecial(java.lang.Object, java.lang.Object, long, java.lang.Object, java.lang.Object, java.lang.Object, java.lang.Object, java.lang.Object, java.lang.Object, java.lang.Object, java.lang.Object, java.lang.Object, java.lang.Object, java.lang.Object, java.lang.Object, java.lang.Object, java.lang.Object)'> (0x00000004e60d1c10) 
thrown [./open/src/hotspot/share/interpreter/linkResol
Event: 0.403 Thread 0x000001e4d4c1ff00 Exception <a 'java/lang/NoSuchMethodError'{0x00000004e60d6d10}: 'java.lang.Object java.lang.invoke.DelegatingMethodHandle$Holder.reinvoke_L(java.lang.Object, long, java.lang.Object, java.lang.Object, java.lang.Object, java.lang.Object, java.lang.Object, java.lang.Object, java.lang.Object, java.lang.Object, java.lang.Object, java.lang.Object, java.lang.Object, java.lang.Object, java.lang.Object, java.lang.Object)'> (0x00000004e60d6d10) 
thrown [./open/src/hotspot/share/interpreter/linkResolver.cpp, line 782
Event: 0.405 Thread 0x000001e4d4c1ff00 Exception <a 'java/lang/NoSuchMethodError'{0x00000004e60fcbc0}: 'java.lang.Object java.lang.invoke.DirectMethodHandle$Holder.invokeSpecial(java.lang.Object, java.lang.Object, java.lang.Object, java.lang.Object, java.lang.Object, java.lang.Object, java.lang.Object, java.lang.Object, java.lang.Object, java.lang.Object, java.lang.Object, java.lang.Object, java.lang.Object, java.lang.Object, java.lang.Object, java.lang.Object)'> (0x00000004e60fcbc0) 
thrown [./open/src/hotspot/share/interpreter/linkResolver.cp
Event: 0.405 Thread 0x000001e4d4c1ff00 Exception <a 'java/lang/NoSuchMethodError'{0x00000004e6101f50}: 'java.lang.Object java.lang.invoke.Invokers$Holder.linkToTargetMethod(java.lang.Object, java.lang.Object, java.lang.Object, java.lang.Object, java.lang.Object, java.lang.Object, java.lang.Object, java.lang.Object, java.lang.Object, java.lang.Object, java.lang.Object, java.lang.Object, java.lang.Object, java.lang.Object, java.lang.Object)'> (0x00000004e6101f50) 
thrown [./open/src/hotspot/share/interpreter/linkResolver.cpp, line 782]
Event: 0.419 Thread 0x000001e4d4c1ff00 Exception <a 'java/lang/NoSuchMethodError'{0x00000004e61df2f0}: 'java.lang.Object java.lang.invoke.DirectMethodHandle$Holder.invokeStatic(java.lang.Object, java.lang.Object, int)'> (0x00000004e61df2f0) 
thrown [./open/src/hotspot/share/interpreter/linkResolver.cpp, line 782]
Event: 0.420 Thread 0x000001e4d4c1ff00 Exception <a 'java/lang/NoSuchMethodError'{0x00000004e61eb0f8}: 'void java.lang.invoke.DelegatingMethodHandle$Holder.delegate(java.lang.Object, java.lang.Object, int, java.lang.Object)'> (0x00000004e61eb0f8) 
thrown [./open/src/hotspot/share/interpreter/linkResolver.cpp, line 782]
Event: 0.420 Thread 0x000001e4d4c1ff00 Exception <a 'java/lang/NoSuchMethodError'{0x00000004e61ef350}: 'int java.lang.invoke.DirectMethodHandle$Holder.invokeSpecial(java.lang.Object, java.lang.Object, java.lang.Object)'> (0x00000004e61ef350) 
thrown [./open/src/hotspot/share/interpreter/linkResolver.cpp, line 782]
Event: 0.440 Thread 0x000001e4d4c1ff00 Exception <a 'sun/nio/fs/WindowsException'{0x00000004e5e56b70}> (0x00000004e5e56b70) 
thrown [./open/src/hotspot/share/prims/jni.cpp, line 578]
Event: 0.440 Thread 0x000001e4d4c1ff00 Exception <a 'sun/nio/fs/WindowsException'{0x00000004e5e570c8}> (0x00000004e5e570c8) 
thrown [./open/src/hotspot/share/prims/jni.cpp, line 578]
Event: 0.459 Thread 0x000001e4d4c1ff00 Exception <a 'sun/nio/fs/WindowsException'{0x00000004e5f01c28}> (0x00000004e5f01c28) 
thrown [./open/src/hotspot/share/prims/jni.cpp, line 578]
Event: 0.459 Thread 0x000001e4d4c1ff00 Exception <a 'sun/nio/fs/WindowsException'{0x00000004e5f01f98}> (0x00000004e5f01f98) 
thrown [./open/src/hotspot/share/prims/jni.cpp, line 578]
Event: 0.653 Thread 0x000001e4d4c1ff00 Exception <a 'sun/nio/fs/WindowsException'{0x00000004e5f65100}> (0x00000004e5f65100) 
thrown [./open/src/hotspot/share/prims/jni.cpp, line 578]
Event: 0.653 Thread 0x000001e4d4c1ff00 Exception <a 'sun/nio/fs/WindowsException'{0x00000004e5f65290}> (0x00000004e5f65290) 
thrown [./open/src/hotspot/share/prims/jni.cpp, line 578]
Event: 0.665 Thread 0x000001e4d4c1ff00 Exception <a 'sun/nio/fs/WindowsException'{0x00000004e5fa7e40}> (0x00000004e5fa7e40) 
thrown [./open/src/hotspot/share/prims/jni.cpp, line 578]
Event: 0.665 Thread 0x000001e4d4c1ff00 Exception <a 'sun/nio/fs/WindowsException'{0x00000004e5fa81c8}> (0x00000004e5fa81c8) 
thrown [./open/src/hotspot/share/prims/jni.cpp, line 578]
Event: 0.700 Thread 0x000001e4d4c1ff00 Exception <a 'sun/nio/fs/WindowsException'{0x00000004e5fe5930}> (0x00000004e5fe5930) 
thrown [./open/src/hotspot/share/prims/jni.cpp, line 578]
Event: 0.700 Thread 0x000001e4d4c1ff00 Exception <a 'sun/nio/fs/WindowsException'{0x00000004e5fe5ce0}> (0x00000004e5fe5ce0) 
thrown [./open/src/hotspot/share/prims/jni.cpp, line 578]
Event: 0.702 Thread 0x000001e4d4c1ff00 Exception <a 'sun/nio/fs/WindowsException'{0x00000004e5ff4530}> (0x00000004e5ff4530) 
thrown [./open/src/hotspot/share/prims/jni.cpp, line 578]
Event: 0.702 Thread 0x000001e4d4c1ff00 Exception <a 'sun/nio/fs/WindowsException'{0x00000004e5ff4818}> (0x00000004e5ff4818) 
thrown [./open/src/hotspot/share/prims/jni.cpp, line 578]
Event: 2.918 Thread 0x000001e4d4c1ff00 Exception <a 'sun/nio/fs/WindowsException'{0x00000004de7d88c0}> (0x00000004de7d88c0) 
thrown [./open/src/hotspot/share/prims/jni.cpp, line 578]

Events (20 events):
Event: 2.950 Executing VM operation: G1CollectForAllocation
Event: 2.953 Executing VM operation: G1CollectForAllocation done
Event: 3.174 Executing VM operation: G1CollectForAllocation
Event: 3.178 Executing VM operation: G1CollectForAllocation done
Event: 3.178 Executing VM operation: HandshakeAllThreads
Event: 3.178 Executing VM operation: HandshakeAllThreads done
Event: 3.355 Executing VM operation: HandshakeAllThreads
Event: 3.356 Executing VM operation: HandshakeAllThreads done
Event: 3.364 loading class java/util/ArrayList$SubList$1
Event: 3.364 loading class java/util/ArrayList$SubList$1 done
Event: 3.567 Loaded shared library C:\Users\chloe\AppData\Local\Temp\lwjglchloe\3.2.3-build-13\lwjgl_opengl.dll
Event: 3.581 Loaded shared library C:\Users\chloe\.jdks\openjdk-15.0.1\bin\prefs.dll
Event: 3.638 Thread 0x000001e486722c60 Thread exited: 0x000001e486722c60
Event: 3.651 Loaded shared library C:\Users\chloe\AppData\Local\Temp\lwjglchloe\3.2.3-build-13\lwjgl_opengl.dll
Event: 3.668 Loaded shared library C:\Users\chloe\.jdks\openjdk-15.0.1\bin\prefs.dll
Event: 3.670 Loaded shared library C:\Users\chloe\.jdks\openjdk-15.0.1\bin\prefs.dll
Event: 3.733 Loaded shared library C:\Users\chloe\AppData\Local\Temp\lwjglchloe\3.2.3-build-13\lwjgl_opengl.dll
Event: 4.178 Executing VM operation: HandshakeAllThreads
Event: 4.178 Executing VM operation: HandshakeAllThreads done
Event: 4.380 Loaded shared library C:\Users\chloe\AppData\Local\Temp\lwjglchloe\3.2.3-build-13\lwjgl.dll


Dynamic libraries:
0x00007ff6ff330000 - 0x00007ff6ff33d000 	C:\Users\chloe\.jdks\openjdk-15.0.1\bin\java.exe
0x00007ffd2cd10000 - 0x00007ffd2cf05000 	C:\WINDOWS\SYSTEM32\ntdll.dll
0x00007ffd2cb30000 - 0x00007ffd2cbed000 	C:\WINDOWS\System32\KERNEL32.DLL
0x00007ffd2a8a0000 - 0x00007ffd2ab69000 	C:\WINDOWS\System32\KERNELBASE.dll
0x00007ffd2ac70000 - 0x00007ffd2ad70000 	C:\WINDOWS\System32\ucrtbase.dll
0x00007ffd23be0000 - 0x00007ffd23bf9000 	C:\Users\chloe\.jdks\openjdk-15.0.1\bin\VCRUNTIME140.dll
0x00007ffd23c00000 - 0x00007ffd23c18000 	C:\Users\chloe\.jdks\openjdk-15.0.1\bin\jli.dll
0x00007ffd2c230000 - 0x00007ffd2c3d0000 	C:\WINDOWS\System32\USER32.dll
0x00007ffd2a7a0000 - 0x00007ffd2a7c2000 	C:\WINDOWS\System32\win32u.dll
0x00007ffd2c6f0000 - 0x00007ffd2c71a000 	C:\WINDOWS\System32\GDI32.dll
0x00007ffd2a690000 - 0x00007ffd2a79b000 	C:\WINDOWS\System32\gdi32full.dll
0x00007ffd2ab70000 - 0x00007ffd2ac0d000 	C:\WINDOWS\System32\msvcp_win.dll
0x00007ffd0a050000 - 0x00007ffd0a2ea000 	C:\WINDOWS\WinSxS\amd64_microsoft.windows.common-controls_6595b64144ccf1df_6.0.19041.844_none_ca00b6081b84eb1d\COMCTL32.dll
0x00007ffd2c480000 - 0x00007ffd2c51e000 	C:\WINDOWS\System32\msvcrt.dll
0x00007ffd2b400000 - 0x00007ffd2b430000 	C:\WINDOWS\System32\IMM32.DLL
0x00007ffd25d40000 - 0x00007ffd25d4c000 	C:\Users\chloe\.jdks\openjdk-15.0.1\bin\vcruntime140_1.dll
0x00007ffd17dd0000 - 0x00007ffd17e61000 	C:\Users\chloe\.jdks\openjdk-15.0.1\bin\msvcp140.dll
0x00007ffce4fa0000 - 0x00007ffce5afe000 	C:\Users\chloe\.jdks\openjdk-15.0.1\bin\server\jvm.dll
0x00007ffd2b260000 - 0x00007ffd2b30c000 	C:\WINDOWS\System32\ADVAPI32.dll
0x00007ffd2c520000 - 0x00007ffd2c5bc000 	C:\WINDOWS\System32\sechost.dll
0x00007ffd2b800000 - 0x00007ffd2b92b000 	C:\WINDOWS\System32\RPCRT4.dll
0x00007ffd2c6e0000 - 0x00007ffd2c6e8000 	C:\WINDOWS\System32\PSAPI.DLL
0x00007ffd25c70000 - 0x00007ffd25c79000 	C:\WINDOWS\SYSTEM32\WSOCK32.dll
0x00007ffd2c5c0000 - 0x00007ffd2c62b000 	C:\WINDOWS\System32\WS2_32.dll
0x00007ffd1bff0000 - 0x00007ffd1c017000 	C:\WINDOWS\SYSTEM32\WINMM.dll
0x00007ffd23c90000 - 0x00007ffd23c9a000 	C:\WINDOWS\SYSTEM32\VERSION.dll
0x00007ffd283d0000 - 0x00007ffd283e2000 	C:\WINDOWS\SYSTEM32\kernel.appcore.dll
0x00007ffd23bd0000 - 0x00007ffd23bda000 	C:\Users\chloe\.jdks\openjdk-15.0.1\bin\jimage.dll
0x00007ffd23880000 - 0x00007ffd23a64000 	C:\WINDOWS\SYSTEM32\DBGHELP.DLL
0x00007ffd23a90000 - 0x00007ffd23abc000 	C:\WINDOWS\SYSTEM32\dbgcore.DLL
0x00007ffd2a820000 - 0x00007ffd2a8a0000 	C:\WINDOWS\System32\bcryptPrimitives.dll
0x00007ffd23590000 - 0x00007ffd2359e000 	C:\Users\chloe\.jdks\openjdk-15.0.1\bin\instrument.dll
0x00007ffd22740000 - 0x00007ffd22765000 	C:\Users\chloe\.jdks\openjdk-15.0.1\bin\java.dll
0x00007ffd2bae0000 - 0x00007ffd2c222000 	C:\WINDOWS\System32\SHELL32.dll
0x00007ffd285d0000 - 0x00007ffd28d60000 	C:\WINDOWS\SYSTEM32\windows.storage.dll
0x00007ffd2b440000 - 0x00007ffd2b795000 	C:\WINDOWS\System32\combase.dll
0x00007ffd29ec0000 - 0x00007ffd29eec000 	C:\WINDOWS\SYSTEM32\Wldp.dll
0x00007ffd2c630000 - 0x00007ffd2c6de000 	C:\WINDOWS\System32\SHCORE.dll
0x00007ffd2b370000 - 0x00007ffd2b3c5000 	C:\WINDOWS\System32\shlwapi.dll
0x00007ffd2a390000 - 0x00007ffd2a3af000 	C:\WINDOWS\SYSTEM32\profapi.dll
0x00007ffd20f10000 - 0x00007ffd20f28000 	C:\Users\chloe\.jdks\openjdk-15.0.1\bin\zip.dll
0x00007ffd22720000 - 0x00007ffd22739000 	C:\Users\chloe\.jdks\openjdk-15.0.1\bin\net.dll
0x00007ffd251d0000 - 0x00007ffd252dc000 	C:\WINDOWS\SYSTEM32\WINHTTP.dll
0x00007ffd29c40000 - 0x00007ffd29caa000 	C:\WINDOWS\system32\mswsock.dll
0x00007ffd22700000 - 0x00007ffd22712000 	C:\Users\chloe\.jdks\openjdk-15.0.1\bin\nio.dll
0x00007ffd20ec0000 - 0x00007ffd20eda000 	C:\Program Files\JetBrains\IntelliJ IDEA Community Edition 2020.1.1\bin\breakgen64.dll
0x00007ffd23080000 - 0x00007ffd23090000 	C:\Users\chloe\.jdks\openjdk-15.0.1\bin\verify.dll
0x00007ffd20ef0000 - 0x00007ffd20ef9000 	C:\Users\chloe\.jdks\openjdk-15.0.1\bin\prefs.dll
0x00007ffd17eb0000 - 0x00007ffd17f14000 	C:\Users\chloe\AppData\Local\Temp\lwjglchloe\3.2.3-build-13\lwjgl.dll
0x00007ffd16b10000 - 0x00007ffd16b72000 	C:\Users\chloe\AppData\Local\Temp\lwjglchloe\3.2.3-build-13\glfw.dll
0x00007ffd27f10000 - 0x00007ffd27fae000 	C:\WINDOWS\system32\uxtheme.dll
0x00007ffd15ea0000 - 0x00007ffd15ee5000 	C:\WINDOWS\SYSTEM32\dinput8.dll
0x00007ffd20a40000 - 0x00007ffd20a51000 	C:\WINDOWS\SYSTEM32\xinput1_4.dll
0x00007ffd2a7d0000 - 0x00007ffd2a81e000 	C:\WINDOWS\System32\cfgmgr32.dll
0x00007ffd2a200000 - 0x00007ffd2a22c000 	C:\WINDOWS\SYSTEM32\DEVOBJ.dll
0x00007ffd282c0000 - 0x00007ffd282ef000 	C:\WINDOWS\SYSTEM32\dwmapi.dll
0x00007ffd15120000 - 0x00007ffd15272000 	C:\WINDOWS\SYSTEM32\inputhost.dll
0x00007ffd2c720000 - 0x00007ffd2c7ed000 	C:\WINDOWS\System32\OLEAUT32.dll
0x00007ffd26030000 - 0x00007ffd26127000 	C:\WINDOWS\SYSTEM32\PROPSYS.dll
0x00007ffd27120000 - 0x00007ffd27274000 	C:\WINDOWS\SYSTEM32\wintypes.dll
0x00007ffd27880000 - 0x00007ffd27bde000 	C:\WINDOWS\SYSTEM32\CoreUIComponents.dll
0x00007ffd291a0000 - 0x00007ffd291d3000 	C:\WINDOWS\SYSTEM32\ntmarta.dll
0x00007ffd27be0000 - 0x00007ffd27cd2000 	C:\WINDOWS\SYSTEM32\CoreMessaging.dll
0x00007ffd2b930000 - 0x00007ffd2ba45000 	C:\WINDOWS\System32\MSCTF.dll
0x00007ffd28d60000 - 0x00007ffd28d6d000 	C:\WINDOWS\SYSTEM32\HID.DLL
0x00007ffd2adf0000 - 0x00007ffd2b259000 	C:\WINDOWS\System32\SETUPAPI.DLL
0x00007ffd2a660000 - 0x00007ffd2a687000 	C:\WINDOWS\System32\bcrypt.dll
0x00007ffd2ac10000 - 0x00007ffd2ac70000 	C:\WINDOWS\System32\WINTRUST.dll
0x00007ffd2a500000 - 0x00007ffd2a65f000 	C:\WINDOWS\System32\CRYPT32.dll
0x00007ffd2a040000 - 0x00007ffd2a052000 	C:\WINDOWS\SYSTEM32\MSASN1.dll
0x00007ffd07f00000 - 0x00007ffd08026000 	C:\WINDOWS\SYSTEM32\opengl32.dll
0x00007ffd226b0000 - 0x00007ffd226dc000 	C:\WINDOWS\SYSTEM32\GLU32.dll
0x00007ffd2c3d0000 - 0x00007ffd2c479000 	C:\WINDOWS\System32\clbcatq.dll
0x00007ffccd3f0000 - 0x00007ffccfd81000 	C:\WINDOWS\System32\DriverStore\FileRepository\nvddi.inf_amd64_2db6ac0841aa9814\nvoglv64.dll
0x00007ffd2ca00000 - 0x00007ffd2cb2a000 	C:\WINDOWS\System32\ole32.dll
0x00007ffd254e0000 - 0x00007ffd254f4000 	C:\WINDOWS\SYSTEM32\WTSAPI32.dll
0x00007ffd23c20000 - 0x00007ffd23c51000 	C:\WINDOWS\SYSTEM32\cryptnet.dll
0x00007ffd29e30000 - 0x00007ffd29e3c000 	C:\WINDOWS\SYSTEM32\cryptbase.dll
0x00007ffd126d0000 - 0x00007ffd1270b000 	C:\WINDOWS\SYSTEM32\dxcore.dll
0x00007ffd299f0000 - 0x00007ffd29a3b000 	C:\WINDOWS\SYSTEM32\powrprof.dll
0x00007ffd298c0000 - 0x00007ffd298d2000 	C:\WINDOWS\SYSTEM32\UMPDC.dll
0x00007ffd29210000 - 0x00007ffd2926a000 	C:\WINDOWS\SYSTEM32\WINSTA.dll
0x00007ffd15c20000 - 0x00007ffd15c97000 	C:\Users\chloe\AppData\Local\Temp\lwjglchloe\3.2.3-build-13\lwjgl_stb.dll
0x00007ffd144a0000 - 0x00007ffd1454e000 	C:\WINDOWS\SYSTEM32\mscms.dll
0x00007ffd2a310000 - 0x00007ffd2a33e000 	C:\WINDOWS\SYSTEM32\USERENV.dll
0x00007ffd15480000 - 0x00007ffd15491000 	C:\WINDOWS\SYSTEM32\ColorAdapterClient.dll
0x00007ffcd9b10000 - 0x00007ffcd9b53000 	C:\WINDOWS\SYSTEM32\icm32.dll
0x00007ffd15aa0000 - 0x00007ffd15b9b000 	C:\WINDOWS\SYSTEM32\textinputframework.dll
0x00007ffd157a0000 - 0x00007ffd157f9000 	C:\Users\chloe\AppData\Local\Temp\lwjglchloe\3.2.3-build-13\lwjgl_opengl.dll

dbghelp: loaded successfully - version: 4.0.5 - missing functions: none
symbol engine: initialized successfully - sym options: 0x614 - pdb path: .;C:\Users\chloe\.jdks\openjdk-15.0.1\bin;C:\WINDOWS\SYSTEM32;C:\WINDOWS\WinSxS\amd64_microsoft.windows.common-controls_6595b64144ccf1df_6.0.19041.844_none_ca00b6081b84eb1d;C:\Users\chloe\.jdks\openjdk-15.0.1\bin\server;C:\Program Files\JetBrains\IntelliJ IDEA Community Edition 2020.1.1\bin;C:\Users\chloe\AppData\Local\Temp\lwjglchloe\3.2.3-build-13;C:\WINDOWS\System32\DriverStore\FileRepository\nvddi.inf_amd64_2db6ac0841aa9814

VM Arguments:
jvm_args: -Djava.library.path=C:\Users\chloe\OneDrive\Documents\Programming\Java\ALFAT\lib\natives -javaagent:C:\Program Files\JetBrains\IntelliJ IDEA Community Edition 2020.1.1\lib\idea_rt.jar=52785:C:\Program Files\JetBrains\IntelliJ IDEA Community Edition 2020.1.1\bin -Dfile.encoding=UTF-8 
java_command: main.EngineTester tests/Final_Project_Combined_1.asm
java_class_path (initial): C:\Users\chloe\AppData\Local\Temp\classpath2006041130.jar
Launcher Type: SUN_STANDARD

[Global flags]
     intx CICompilerCount                          = 3                                         {product} {ergonomic}
     uint ConcGCThreads                            = 2                                         {product} {ergonomic}
     uint G1ConcRefinementThreads                  = 6                                         {product} {ergonomic}
   size_t G1HeapRegionSize                         = 2097152                                   {product} {ergonomic}
    uintx GCDrainStackTargetSize                   = 64                                        {product} {ergonomic}
   size_t InitialHeapSize                          = 266338304                                 {product} {ergonomic}
   size_t MarkStackSize                            = 4194304                                   {product} {ergonomic}
   size_t MaxHeapSize                              = 4257218560                                {product} {ergonomic}
   size_t MaxNewSize                               = 2554331136                                {product} {ergonomic}
   size_t MinHeapDeltaBytes                        = 2097152                                   {product} {ergonomic}
   size_t MinHeapSize                              = 8388608                                   {product} {ergonomic}
    uintx NonNMethodCodeHeapSize                   = 5832780                                {pd product} {ergonomic}
    uintx NonProfiledCodeHeapSize                  = 122912730                              {pd product} {ergonomic}
    uintx ProfiledCodeHeapSize                     = 122912730                              {pd product} {ergonomic}
    uintx ReservedCodeCacheSize                    = 251658240                              {pd product} {ergonomic}
     bool SegmentedCodeCache                       = true                                      {product} {ergonomic}
   size_t SoftMaxHeapSize                          = 4257218560                             {manageable} {ergonomic}
     bool UseCompressedClassPointers               = true                                 {lp64_product} {ergonomic}
     bool UseCompressedOops                        = true                                 {lp64_product} {ergonomic}
     bool UseG1GC                                  = true                                      {product} {ergonomic}
     bool UseLargePagesIndividualAllocation        = false                                  {pd product} {ergonomic}

Logging:
Log output configuration:
 #0: stdout all=warning uptime,level,tags
 #1: stderr all=off uptime,level,tags

Environment Variables:
JAVA_HOME=C:\Program Files\Java\jre1.8.0_251
PATH=C:\VulkanSDK\1.2.170.0\Bin;C:\VulkanSDK\1.2.162.0\Bin;C:\VulkanSDK\1.2.154.1\Bin;C:\Program Files (x86)\Common Files\Oracle\Java\javapath;C:\Windows\system32;C:\Windows;C:\Windows\System32\Wbem;C:\Windows\System32\WindowsPowerShell\v1.0\;C:\Windows\System32\OpenSSH\;C:\Program Files\Git\cmd;C:\Users\chloe\.jdks\openjdk-15.0.1\bin;C:\Program Files (x86)\NVIDIA Corporation\PhysX\Common;C:\Program Files\PuTTY\;;C:\WINDOWS\system32;C:\WINDOWS;C:\WINDOWS\System32\Wbem;C:\WINDOWS\System32\WindowsPowerShell\v1.0\;C:\WINDOWS\System32\OpenSSH\;C:\Users\chloe\AppData\Local\Microsoft\WindowsApps;C:\Users\chloe\AppData\Local\atom\bin;C:\Program Files\CMake\bin;%USERPROFILE%\AppData\Local\Microsoft\WindowsApps;
USERNAME=chloe
OS=Windows_NT
PROCESSOR_IDENTIFIER=Intel64 Family 6 Model 158 Stepping 13, GenuineIntel



---------------  S Y S T E M  ---------------

OS:
 Windows 10 , 64 bit Build 19041 (10.0.19041.804)
OS uptime: 0 days 13:54 hours

CPU: total 6 (initial active 6) (6 cores per cpu, 1 threads per core) family 6 model 158 stepping 13 microcode 0xca, cmov, cx8, fxsr, mmx, sse, sse2, sse3, ssse3, sse4.1, sse4.2, popcnt, vzeroupper, avx, avx2, aes, clmul, erms, 3dnowpref, lzcnt, tsc, tscinvbit, bmi1, bmi2, adx, fma, clflush, clflushopt

Memory: 4k page, system-wide physical 16238M (8861M free)
TotalPageFile size 32477M (AvailPageFile size 18897M)
current process WorkingSet (physical memory assigned to process): 381M, peak: 408M
current process commit charge ("private bytes"): 548M, peak: 576M

vm_info: OpenJDK 64-Bit Server VM (15.0.1+9-18) for windows-amd64 JRE (15.0.1+9-18), built on Sep 15 2020 14:39:31 by "mach5one" with unknown MS VC++:1925

END.
